[0.068s] DEBUG:colcon:Command line arguments: ['/usr/bin/colcon', 'list', '-p', '--base-paths', '/media/x311/D214869714867DEB/Study_log/ROS2_Note/town_ws']
[0.068s] DEBUG:colcon:Parsed command line arguments: Namespace(log_base=None, log_level=None, verb_name='list', build_base='build', ignore_user_meta=False, metas=['./colcon.meta'], base_paths=['/media/x311/D214869714867DEB/Study_log/ROS2_Note/town_ws'], packages_ignore=None, packages_ignore_regex=None, paths=None, packages_up_to=None, packages_up_to_regex=None, packages_above=None, packages_above_and_dependencies=None, packages_above_depth=None, packages_select_by_dep=None, packages_skip_by_dep=None, packages_skip_up_to=None, packages_select_build_failed=False, packages_skip_build_finished=False, packages_select_test_failures=False, packages_skip_test_passed=False, packages_select=None, packages_skip=None, packages_select_regex=None, packages_skip_regex=None, packages_start=None, packages_end=None, allow_overriding=[], topological_order=False, names_only=False, paths_only=True, topological_graph=False, topological_graph_dot=False, topological_graph_density=False, topological_graph_legend=False, topological_graph_dot_cluster=False, topological_graph_dot_include_skipped=False, verb_parser=<colcon_defaults.argument_parser.defaults.DefaultArgumentsDecorator object at 0x77ee78e1d690>, verb_extension=<colcon_package_information.verb.list.ListVerb object at 0x77ee78e1c820>, main=<bound method ListVerb.main of <colcon_package_information.verb.list.ListVerb object at 0x77ee78e1c820>>)
[0.201s] Level 1:colcon.colcon_core.package_discovery:discover_packages(colcon_meta) check parameters
[0.201s] Level 1:colcon.colcon_core.package_discovery:discover_packages(recursive) check parameters
[0.201s] Level 1:colcon.colcon_core.package_discovery:discover_packages(ignore) check parameters
[0.201s] Level 1:colcon.colcon_core.package_discovery:discover_packages(path) check parameters
[0.201s] Level 1:colcon.colcon_core.package_discovery:discover_packages(recursive) discover
[0.202s] INFO:colcon.colcon_core.package_discovery:Crawling recursively for packages in '/media/x311/D214869714867DEB/Study_log/ROS2_Note/town_ws'
[0.202s] Level 1:colcon.colcon_core.package_identification:_identify(/media/x311/D214869714867DEB/Study_log/ROS2_Note/town_ws) by extensions ['ignore']
[0.202s] Level 1:colcon.colcon_core.package_identification:_identify(/media/x311/D214869714867DEB/Study_log/ROS2_Note/town_ws) by extension 'ignore'
[0.202s] Level 1:colcon.colcon_core.package_identification:_identify(/media/x311/D214869714867DEB/Study_log/ROS2_Note/town_ws) by extensions ['colcon_pkg']
[0.202s] Level 1:colcon.colcon_core.package_identification:_identify(/media/x311/D214869714867DEB/Study_log/ROS2_Note/town_ws) by extension 'colcon_pkg'
[0.202s] Level 1:colcon.colcon_core.package_identification:_identify(/media/x311/D214869714867DEB/Study_log/ROS2_Note/town_ws) by extensions ['colcon_meta']
[0.202s] Level 1:colcon.colcon_core.package_identification:_identify(/media/x311/D214869714867DEB/Study_log/ROS2_Note/town_ws) by extension 'colcon_meta'
[0.202s] Level 1:colcon.colcon_core.package_identification:_identify(/media/x311/D214869714867DEB/Study_log/ROS2_Note/town_ws) by extensions ['cmake', 'python']
[0.202s] Level 1:colcon.colcon_core.package_identification:_identify(/media/x311/D214869714867DEB/Study_log/ROS2_Note/town_ws) by extension 'cmake'
[0.202s] Level 1:colcon.colcon_core.package_identification:_identify(/media/x311/D214869714867DEB/Study_log/ROS2_Note/town_ws) by extension 'python'
[0.202s] Level 1:colcon.colcon_core.package_identification:_identify(/media/x311/D214869714867DEB/Study_log/ROS2_Note/town_ws) by extensions ['python_setup_py']
[0.202s] Level 1:colcon.colcon_core.package_identification:_identify(/media/x311/D214869714867DEB/Study_log/ROS2_Note/town_ws) by extension 'python_setup_py'
[0.202s] Level 1:colcon.colcon_core.package_identification:_identify(/media/x311/D214869714867DEB/Study_log/ROS2_Note/town_ws/build) by extensions ['ignore']
[0.203s] Level 1:colcon.colcon_core.package_identification:_identify(/media/x311/D214869714867DEB/Study_log/ROS2_Note/town_ws/build) by extension 'ignore'
[0.203s] Level 1:colcon.colcon_core.package_identification:_identify(/media/x311/D214869714867DEB/Study_log/ROS2_Note/town_ws/build) ignored
[0.203s] Level 1:colcon.colcon_core.package_identification:_identify(/media/x311/D214869714867DEB/Study_log/ROS2_Note/town_ws/install) by extensions ['ignore']
[0.203s] Level 1:colcon.colcon_core.package_identification:_identify(/media/x311/D214869714867DEB/Study_log/ROS2_Note/town_ws/install) by extension 'ignore'
[0.203s] Level 1:colcon.colcon_core.package_identification:_identify(/media/x311/D214869714867DEB/Study_log/ROS2_Note/town_ws/install) ignored
[0.203s] Level 1:colcon.colcon_core.package_identification:_identify(/media/x311/D214869714867DEB/Study_log/ROS2_Note/town_ws/log) by extensions ['ignore']
[0.203s] Level 1:colcon.colcon_core.package_identification:_identify(/media/x311/D214869714867DEB/Study_log/ROS2_Note/town_ws/log) by extension 'ignore'
[0.203s] Level 1:colcon.colcon_core.package_identification:_identify(/media/x311/D214869714867DEB/Study_log/ROS2_Note/town_ws/log) ignored
[0.203s] Level 1:colcon.colcon_core.package_identification:_identify(/media/x311/D214869714867DEB/Study_log/ROS2_Note/town_ws/src) by extensions ['ignore']
[0.203s] Level 1:colcon.colcon_core.package_identification:_identify(/media/x311/D214869714867DEB/Study_log/ROS2_Note/town_ws/src) by extension 'ignore'
[0.203s] Level 1:colcon.colcon_core.package_identification:_identify(/media/x311/D214869714867DEB/Study_log/ROS2_Note/town_ws/src) by extensions ['colcon_pkg']
[0.203s] Level 1:colcon.colcon_core.package_identification:_identify(/media/x311/D214869714867DEB/Study_log/ROS2_Note/town_ws/src) by extension 'colcon_pkg'
[0.203s] Level 1:colcon.colcon_core.package_identification:_identify(/media/x311/D214869714867DEB/Study_log/ROS2_Note/town_ws/src) by extensions ['colcon_meta']
[0.203s] Level 1:colcon.colcon_core.package_identification:_identify(/media/x311/D214869714867DEB/Study_log/ROS2_Note/town_ws/src) by extension 'colcon_meta'
[0.203s] Level 1:colcon.colcon_core.package_identification:_identify(/media/x311/D214869714867DEB/Study_log/ROS2_Note/town_ws/src) by extensions ['cmake', 'python']
[0.203s] Level 1:colcon.colcon_core.package_identification:_identify(/media/x311/D214869714867DEB/Study_log/ROS2_Note/town_ws/src) by extension 'cmake'
[0.203s] Level 1:colcon.colcon_core.package_identification:_identify(/media/x311/D214869714867DEB/Study_log/ROS2_Note/town_ws/src) by extension 'python'
[0.203s] Level 1:colcon.colcon_core.package_identification:_identify(/media/x311/D214869714867DEB/Study_log/ROS2_Note/town_ws/src) by extensions ['python_setup_py']
[0.203s] Level 1:colcon.colcon_core.package_identification:_identify(/media/x311/D214869714867DEB/Study_log/ROS2_Note/town_ws/src) by extension 'python_setup_py'
[0.203s] Level 1:colcon.colcon_core.package_identification:_identify(/media/x311/D214869714867DEB/Study_log/ROS2_Note/town_ws/src/build) by extensions ['ignore']
[0.203s] Level 1:colcon.colcon_core.package_identification:_identify(/media/x311/D214869714867DEB/Study_log/ROS2_Note/town_ws/src/build) by extension 'ignore'
[0.203s] Level 1:colcon.colcon_core.package_identification:_identify(/media/x311/D214869714867DEB/Study_log/ROS2_Note/town_ws/src/build) ignored
[0.203s] Level 1:colcon.colcon_core.package_identification:_identify(/media/x311/D214869714867DEB/Study_log/ROS2_Note/town_ws/src/log) by extensions ['ignore']
[0.204s] Level 1:colcon.colcon_core.package_identification:_identify(/media/x311/D214869714867DEB/Study_log/ROS2_Note/town_ws/src/log) by extension 'ignore'
[0.204s] Level 1:colcon.colcon_core.package_identification:_identify(/media/x311/D214869714867DEB/Study_log/ROS2_Note/town_ws/src/log) ignored
[0.204s] Level 1:colcon.colcon_core.package_identification:_identify(/media/x311/D214869714867DEB/Study_log/ROS2_Note/town_ws/src/ros2_21_tutorials) by extensions ['ignore']
[0.204s] Level 1:colcon.colcon_core.package_identification:_identify(/media/x311/D214869714867DEB/Study_log/ROS2_Note/town_ws/src/ros2_21_tutorials) by extension 'ignore'
[0.204s] Level 1:colcon.colcon_core.package_identification:_identify(/media/x311/D214869714867DEB/Study_log/ROS2_Note/town_ws/src/ros2_21_tutorials) by extensions ['colcon_pkg']
[0.204s] Level 1:colcon.colcon_core.package_identification:_identify(/media/x311/D214869714867DEB/Study_log/ROS2_Note/town_ws/src/ros2_21_tutorials) by extension 'colcon_pkg'
[0.204s] Level 1:colcon.colcon_core.package_identification:_identify(/media/x311/D214869714867DEB/Study_log/ROS2_Note/town_ws/src/ros2_21_tutorials) by extensions ['colcon_meta']
[0.204s] Level 1:colcon.colcon_core.package_identification:_identify(/media/x311/D214869714867DEB/Study_log/ROS2_Note/town_ws/src/ros2_21_tutorials) by extension 'colcon_meta'
[0.204s] Level 1:colcon.colcon_core.package_identification:_identify(/media/x311/D214869714867DEB/Study_log/ROS2_Note/town_ws/src/ros2_21_tutorials) by extensions ['cmake', 'python']
[0.204s] Level 1:colcon.colcon_core.package_identification:_identify(/media/x311/D214869714867DEB/Study_log/ROS2_Note/town_ws/src/ros2_21_tutorials) by extension 'cmake'
[0.204s] Level 1:colcon.colcon_core.package_identification:_identify(/media/x311/D214869714867DEB/Study_log/ROS2_Note/town_ws/src/ros2_21_tutorials) by extension 'python'
[0.204s] Level 1:colcon.colcon_core.package_identification:_identify(/media/x311/D214869714867DEB/Study_log/ROS2_Note/town_ws/src/ros2_21_tutorials) by extensions ['python_setup_py']
[0.204s] Level 1:colcon.colcon_core.package_identification:_identify(/media/x311/D214869714867DEB/Study_log/ROS2_Note/town_ws/src/ros2_21_tutorials) by extension 'python_setup_py'
[0.204s] Level 1:colcon.colcon_core.package_identification:_identify(/media/x311/D214869714867DEB/Study_log/ROS2_Note/town_ws/src/ros2_21_tutorials/docs) by extensions ['ignore']
[0.204s] Level 1:colcon.colcon_core.package_identification:_identify(/media/x311/D214869714867DEB/Study_log/ROS2_Note/town_ws/src/ros2_21_tutorials/docs) by extension 'ignore'
[0.204s] Level 1:colcon.colcon_core.package_identification:_identify(/media/x311/D214869714867DEB/Study_log/ROS2_Note/town_ws/src/ros2_21_tutorials/docs) by extensions ['colcon_pkg']
[0.204s] Level 1:colcon.colcon_core.package_identification:_identify(/media/x311/D214869714867DEB/Study_log/ROS2_Note/town_ws/src/ros2_21_tutorials/docs) by extension 'colcon_pkg'
[0.204s] Level 1:colcon.colcon_core.package_identification:_identify(/media/x311/D214869714867DEB/Study_log/ROS2_Note/town_ws/src/ros2_21_tutorials/docs) by extensions ['colcon_meta']
[0.204s] Level 1:colcon.colcon_core.package_identification:_identify(/media/x311/D214869714867DEB/Study_log/ROS2_Note/town_ws/src/ros2_21_tutorials/docs) by extension 'colcon_meta'
[0.204s] Level 1:colcon.colcon_core.package_identification:_identify(/media/x311/D214869714867DEB/Study_log/ROS2_Note/town_ws/src/ros2_21_tutorials/docs) by extensions ['cmake', 'python']
[0.204s] Level 1:colcon.colcon_core.package_identification:_identify(/media/x311/D214869714867DEB/Study_log/ROS2_Note/town_ws/src/ros2_21_tutorials/docs) by extension 'cmake'
[0.204s] Level 1:colcon.colcon_core.package_identification:_identify(/media/x311/D214869714867DEB/Study_log/ROS2_Note/town_ws/src/ros2_21_tutorials/docs) by extension 'python'
[0.204s] Level 1:colcon.colcon_core.package_identification:_identify(/media/x311/D214869714867DEB/Study_log/ROS2_Note/town_ws/src/ros2_21_tutorials/docs) by extensions ['python_setup_py']
[0.204s] Level 1:colcon.colcon_core.package_identification:_identify(/media/x311/D214869714867DEB/Study_log/ROS2_Note/town_ws/src/ros2_21_tutorials/docs) by extension 'python_setup_py'
[0.205s] Level 1:colcon.colcon_core.package_identification:_identify(/media/x311/D214869714867DEB/Study_log/ROS2_Note/town_ws/src/ros2_21_tutorials/docs/images) by extensions ['ignore']
[0.205s] Level 1:colcon.colcon_core.package_identification:_identify(/media/x311/D214869714867DEB/Study_log/ROS2_Note/town_ws/src/ros2_21_tutorials/docs/images) by extension 'ignore'
[0.205s] Level 1:colcon.colcon_core.package_identification:_identify(/media/x311/D214869714867DEB/Study_log/ROS2_Note/town_ws/src/ros2_21_tutorials/docs/images) by extensions ['colcon_pkg']
[0.205s] Level 1:colcon.colcon_core.package_identification:_identify(/media/x311/D214869714867DEB/Study_log/ROS2_Note/town_ws/src/ros2_21_tutorials/docs/images) by extension 'colcon_pkg'
[0.205s] Level 1:colcon.colcon_core.package_identification:_identify(/media/x311/D214869714867DEB/Study_log/ROS2_Note/town_ws/src/ros2_21_tutorials/docs/images) by extensions ['colcon_meta']
[0.205s] Level 1:colcon.colcon_core.package_identification:_identify(/media/x311/D214869714867DEB/Study_log/ROS2_Note/town_ws/src/ros2_21_tutorials/docs/images) by extension 'colcon_meta'
[0.205s] Level 1:colcon.colcon_core.package_identification:_identify(/media/x311/D214869714867DEB/Study_log/ROS2_Note/town_ws/src/ros2_21_tutorials/docs/images) by extensions ['cmake', 'python']
[0.205s] Level 1:colcon.colcon_core.package_identification:_identify(/media/x311/D214869714867DEB/Study_log/ROS2_Note/town_ws/src/ros2_21_tutorials/docs/images) by extension 'cmake'
[0.205s] Level 1:colcon.colcon_core.package_identification:_identify(/media/x311/D214869714867DEB/Study_log/ROS2_Note/town_ws/src/ros2_21_tutorials/docs/images) by extension 'python'
[0.205s] Level 1:colcon.colcon_core.package_identification:_identify(/media/x311/D214869714867DEB/Study_log/ROS2_Note/town_ws/src/ros2_21_tutorials/docs/images) by extensions ['python_setup_py']
[0.205s] Level 1:colcon.colcon_core.package_identification:_identify(/media/x311/D214869714867DEB/Study_log/ROS2_Note/town_ws/src/ros2_21_tutorials/docs/images) by extension 'python_setup_py'
[0.205s] Level 1:colcon.colcon_core.package_identification:_identify(/media/x311/D214869714867DEB/Study_log/ROS2_Note/town_ws/src/ros2_21_tutorials/learning_action) by extensions ['ignore']
[0.205s] Level 1:colcon.colcon_core.package_identification:_identify(/media/x311/D214869714867DEB/Study_log/ROS2_Note/town_ws/src/ros2_21_tutorials/learning_action) by extension 'ignore'
[0.205s] Level 1:colcon.colcon_core.package_identification:_identify(/media/x311/D214869714867DEB/Study_log/ROS2_Note/town_ws/src/ros2_21_tutorials/learning_action) by extensions ['colcon_pkg']
[0.205s] Level 1:colcon.colcon_core.package_identification:_identify(/media/x311/D214869714867DEB/Study_log/ROS2_Note/town_ws/src/ros2_21_tutorials/learning_action) by extension 'colcon_pkg'
[0.205s] Level 1:colcon.colcon_core.package_identification:_identify(/media/x311/D214869714867DEB/Study_log/ROS2_Note/town_ws/src/ros2_21_tutorials/learning_action) by extensions ['colcon_meta']
[0.205s] Level 1:colcon.colcon_core.package_identification:_identify(/media/x311/D214869714867DEB/Study_log/ROS2_Note/town_ws/src/ros2_21_tutorials/learning_action) by extension 'colcon_meta'
[0.205s] Level 1:colcon.colcon_core.package_identification:_identify(/media/x311/D214869714867DEB/Study_log/ROS2_Note/town_ws/src/ros2_21_tutorials/learning_action) by extensions ['cmake', 'python']
[0.205s] Level 1:colcon.colcon_core.package_identification:_identify(/media/x311/D214869714867DEB/Study_log/ROS2_Note/town_ws/src/ros2_21_tutorials/learning_action) by extension 'cmake'
[0.205s] Level 1:colcon.colcon_core.package_identification:_identify(/media/x311/D214869714867DEB/Study_log/ROS2_Note/town_ws/src/ros2_21_tutorials/learning_action) by extension 'python'
[0.205s] DEBUG:colcon.colcon_core.package_identification:Python package in '/media/x311/D214869714867DEB/Study_log/ROS2_Note/town_ws/src/ros2_21_tutorials/learning_action' passes arguments to the setup() function which requires a different identification extension than 'python'
[0.205s] Level 1:colcon.colcon_core.package_identification:_identify(/media/x311/D214869714867DEB/Study_log/ROS2_Note/town_ws/src/ros2_21_tutorials/learning_action) by extensions ['python_setup_py']
[0.205s] Level 1:colcon.colcon_core.package_identification:_identify(/media/x311/D214869714867DEB/Study_log/ROS2_Note/town_ws/src/ros2_21_tutorials/learning_action) by extension 'python_setup_py'
[0.433s] DEBUG:colcon.colcon_core.package_identification:Package '/media/x311/D214869714867DEB/Study_log/ROS2_Note/town_ws/src/ros2_21_tutorials/learning_action' with type 'python' and name 'learning_action'
[0.433s] Level 1:colcon.colcon_core.package_identification:_identify(/media/x311/D214869714867DEB/Study_log/ROS2_Note/town_ws/src/ros2_21_tutorials/learning_action (copy)) by extensions ['ignore']
[0.433s] Level 1:colcon.colcon_core.package_identification:_identify(/media/x311/D214869714867DEB/Study_log/ROS2_Note/town_ws/src/ros2_21_tutorials/learning_action (copy)) by extension 'ignore'
[0.433s] Level 1:colcon.colcon_core.package_identification:_identify(/media/x311/D214869714867DEB/Study_log/ROS2_Note/town_ws/src/ros2_21_tutorials/learning_action (copy)) by extensions ['colcon_pkg']
[0.433s] Level 1:colcon.colcon_core.package_identification:_identify(/media/x311/D214869714867DEB/Study_log/ROS2_Note/town_ws/src/ros2_21_tutorials/learning_action (copy)) by extension 'colcon_pkg'
[0.433s] Level 1:colcon.colcon_core.package_identification:_identify(/media/x311/D214869714867DEB/Study_log/ROS2_Note/town_ws/src/ros2_21_tutorials/learning_action (copy)) by extensions ['colcon_meta']
[0.433s] Level 1:colcon.colcon_core.package_identification:_identify(/media/x311/D214869714867DEB/Study_log/ROS2_Note/town_ws/src/ros2_21_tutorials/learning_action (copy)) by extension 'colcon_meta'
[0.433s] Level 1:colcon.colcon_core.package_identification:_identify(/media/x311/D214869714867DEB/Study_log/ROS2_Note/town_ws/src/ros2_21_tutorials/learning_action (copy)) by extensions ['cmake', 'python']
[0.433s] Level 1:colcon.colcon_core.package_identification:_identify(/media/x311/D214869714867DEB/Study_log/ROS2_Note/town_ws/src/ros2_21_tutorials/learning_action (copy)) by extension 'cmake'
[0.433s] Level 1:colcon.colcon_core.package_identification:_identify(/media/x311/D214869714867DEB/Study_log/ROS2_Note/town_ws/src/ros2_21_tutorials/learning_action (copy)) by extension 'python'
[0.433s] DEBUG:colcon.colcon_core.package_identification:Python package in '/media/x311/D214869714867DEB/Study_log/ROS2_Note/town_ws/src/ros2_21_tutorials/learning_action (copy)' passes arguments to the setup() function which requires a different identification extension than 'python'
[0.433s] Level 1:colcon.colcon_core.package_identification:_identify(/media/x311/D214869714867DEB/Study_log/ROS2_Note/town_ws/src/ros2_21_tutorials/learning_action (copy)) by extensions ['python_setup_py']
[0.433s] Level 1:colcon.colcon_core.package_identification:_identify(/media/x311/D214869714867DEB/Study_log/ROS2_Note/town_ws/src/ros2_21_tutorials/learning_action (copy)) by extension 'python_setup_py'
[0.640s] DEBUG:colcon.colcon_core.package_identification:Package '/media/x311/D214869714867DEB/Study_log/ROS2_Note/town_ws/src/ros2_21_tutorials/learning_action (copy)' with type 'python' and name 'learning_action'
[0.641s] Level 1:colcon.colcon_core.package_identification:_identify(/media/x311/D214869714867DEB/Study_log/ROS2_Note/town_ws/src/ros2_21_tutorials/learning_action_cpp) by extensions ['ignore']
[0.641s] Level 1:colcon.colcon_core.package_identification:_identify(/media/x311/D214869714867DEB/Study_log/ROS2_Note/town_ws/src/ros2_21_tutorials/learning_action_cpp) by extension 'ignore'
[0.641s] Level 1:colcon.colcon_core.package_identification:_identify(/media/x311/D214869714867DEB/Study_log/ROS2_Note/town_ws/src/ros2_21_tutorials/learning_action_cpp) by extensions ['colcon_pkg']
[0.641s] Level 1:colcon.colcon_core.package_identification:_identify(/media/x311/D214869714867DEB/Study_log/ROS2_Note/town_ws/src/ros2_21_tutorials/learning_action_cpp) by extension 'colcon_pkg'
[0.641s] Level 1:colcon.colcon_core.package_identification:_identify(/media/x311/D214869714867DEB/Study_log/ROS2_Note/town_ws/src/ros2_21_tutorials/learning_action_cpp) by extensions ['colcon_meta']
[0.641s] Level 1:colcon.colcon_core.package_identification:_identify(/media/x311/D214869714867DEB/Study_log/ROS2_Note/town_ws/src/ros2_21_tutorials/learning_action_cpp) by extension 'colcon_meta'
[0.641s] Level 1:colcon.colcon_core.package_identification:_identify(/media/x311/D214869714867DEB/Study_log/ROS2_Note/town_ws/src/ros2_21_tutorials/learning_action_cpp) by extensions ['cmake', 'python']
[0.641s] Level 1:colcon.colcon_core.package_identification:_identify(/media/x311/D214869714867DEB/Study_log/ROS2_Note/town_ws/src/ros2_21_tutorials/learning_action_cpp) by extension 'cmake'
[0.642s] Level 1:colcon.colcon_core.package_identification:_identify(/media/x311/D214869714867DEB/Study_log/ROS2_Note/town_ws/src/ros2_21_tutorials/learning_action_cpp) by extension 'python'
[0.642s] DEBUG:colcon.colcon_core.package_identification:Package '/media/x311/D214869714867DEB/Study_log/ROS2_Note/town_ws/src/ros2_21_tutorials/learning_action_cpp' with type 'cmake' and name 'learning_action_cpp'
[0.642s] Level 1:colcon.colcon_core.package_identification:_identify(/media/x311/D214869714867DEB/Study_log/ROS2_Note/town_ws/src/ros2_21_tutorials/learning_cv) by extensions ['ignore']
[0.642s] Level 1:colcon.colcon_core.package_identification:_identify(/media/x311/D214869714867DEB/Study_log/ROS2_Note/town_ws/src/ros2_21_tutorials/learning_cv) by extension 'ignore'
[0.642s] Level 1:colcon.colcon_core.package_identification:_identify(/media/x311/D214869714867DEB/Study_log/ROS2_Note/town_ws/src/ros2_21_tutorials/learning_cv) by extensions ['colcon_pkg']
[0.642s] Level 1:colcon.colcon_core.package_identification:_identify(/media/x311/D214869714867DEB/Study_log/ROS2_Note/town_ws/src/ros2_21_tutorials/learning_cv) by extension 'colcon_pkg'
[0.642s] Level 1:colcon.colcon_core.package_identification:_identify(/media/x311/D214869714867DEB/Study_log/ROS2_Note/town_ws/src/ros2_21_tutorials/learning_cv) by extensions ['colcon_meta']
[0.642s] Level 1:colcon.colcon_core.package_identification:_identify(/media/x311/D214869714867DEB/Study_log/ROS2_Note/town_ws/src/ros2_21_tutorials/learning_cv) by extension 'colcon_meta'
[0.643s] Level 1:colcon.colcon_core.package_identification:_identify(/media/x311/D214869714867DEB/Study_log/ROS2_Note/town_ws/src/ros2_21_tutorials/learning_cv) by extensions ['cmake', 'python']
[0.643s] Level 1:colcon.colcon_core.package_identification:_identify(/media/x311/D214869714867DEB/Study_log/ROS2_Note/town_ws/src/ros2_21_tutorials/learning_cv) by extension 'cmake'
[0.643s] Level 1:colcon.colcon_core.package_identification:_identify(/media/x311/D214869714867DEB/Study_log/ROS2_Note/town_ws/src/ros2_21_tutorials/learning_cv) by extension 'python'
[0.643s] DEBUG:colcon.colcon_core.package_identification:Python package in '/media/x311/D214869714867DEB/Study_log/ROS2_Note/town_ws/src/ros2_21_tutorials/learning_cv' passes arguments to the setup() function which requires a different identification extension than 'python'
[0.643s] Level 1:colcon.colcon_core.package_identification:_identify(/media/x311/D214869714867DEB/Study_log/ROS2_Note/town_ws/src/ros2_21_tutorials/learning_cv) by extensions ['python_setup_py']
[0.643s] Level 1:colcon.colcon_core.package_identification:_identify(/media/x311/D214869714867DEB/Study_log/ROS2_Note/town_ws/src/ros2_21_tutorials/learning_cv) by extension 'python_setup_py'
[0.836s] DEBUG:colcon.colcon_core.package_identification:Package '/media/x311/D214869714867DEB/Study_log/ROS2_Note/town_ws/src/ros2_21_tutorials/learning_cv' with type 'python' and name 'learning_cv'
[0.836s] Level 1:colcon.colcon_core.package_identification:_identify(/media/x311/D214869714867DEB/Study_log/ROS2_Note/town_ws/src/ros2_21_tutorials/learning_gazebo) by extensions ['ignore']
[0.836s] Level 1:colcon.colcon_core.package_identification:_identify(/media/x311/D214869714867DEB/Study_log/ROS2_Note/town_ws/src/ros2_21_tutorials/learning_gazebo) by extension 'ignore'
[0.836s] Level 1:colcon.colcon_core.package_identification:_identify(/media/x311/D214869714867DEB/Study_log/ROS2_Note/town_ws/src/ros2_21_tutorials/learning_gazebo) by extensions ['colcon_pkg']
[0.836s] Level 1:colcon.colcon_core.package_identification:_identify(/media/x311/D214869714867DEB/Study_log/ROS2_Note/town_ws/src/ros2_21_tutorials/learning_gazebo) by extension 'colcon_pkg'
[0.836s] Level 1:colcon.colcon_core.package_identification:_identify(/media/x311/D214869714867DEB/Study_log/ROS2_Note/town_ws/src/ros2_21_tutorials/learning_gazebo) by extensions ['colcon_meta']
[0.836s] Level 1:colcon.colcon_core.package_identification:_identify(/media/x311/D214869714867DEB/Study_log/ROS2_Note/town_ws/src/ros2_21_tutorials/learning_gazebo) by extension 'colcon_meta'
[0.836s] Level 1:colcon.colcon_core.package_identification:_identify(/media/x311/D214869714867DEB/Study_log/ROS2_Note/town_ws/src/ros2_21_tutorials/learning_gazebo) by extensions ['cmake', 'python']
[0.837s] Level 1:colcon.colcon_core.package_identification:_identify(/media/x311/D214869714867DEB/Study_log/ROS2_Note/town_ws/src/ros2_21_tutorials/learning_gazebo) by extension 'cmake'
[0.837s] Level 1:colcon.colcon_core.package_identification:_identify(/media/x311/D214869714867DEB/Study_log/ROS2_Note/town_ws/src/ros2_21_tutorials/learning_gazebo) by extension 'python'
[0.837s] DEBUG:colcon.colcon_core.package_identification:Python package in '/media/x311/D214869714867DEB/Study_log/ROS2_Note/town_ws/src/ros2_21_tutorials/learning_gazebo' passes arguments to the setup() function which requires a different identification extension than 'python'
[0.837s] Level 1:colcon.colcon_core.package_identification:_identify(/media/x311/D214869714867DEB/Study_log/ROS2_Note/town_ws/src/ros2_21_tutorials/learning_gazebo) by extensions ['python_setup_py']
[0.837s] Level 1:colcon.colcon_core.package_identification:_identify(/media/x311/D214869714867DEB/Study_log/ROS2_Note/town_ws/src/ros2_21_tutorials/learning_gazebo) by extension 'python_setup_py'
[1.046s] DEBUG:colcon.colcon_core.package_identification:Package '/media/x311/D214869714867DEB/Study_log/ROS2_Note/town_ws/src/ros2_21_tutorials/learning_gazebo' with type 'python' and name 'learning_gazebo'
[1.046s] Level 1:colcon.colcon_core.package_identification:_identify(/media/x311/D214869714867DEB/Study_log/ROS2_Note/town_ws/src/ros2_21_tutorials/learning_gazebo_fortress) by extensions ['ignore']
[1.046s] Level 1:colcon.colcon_core.package_identification:_identify(/media/x311/D214869714867DEB/Study_log/ROS2_Note/town_ws/src/ros2_21_tutorials/learning_gazebo_fortress) by extension 'ignore'
[1.046s] Level 1:colcon.colcon_core.package_identification:_identify(/media/x311/D214869714867DEB/Study_log/ROS2_Note/town_ws/src/ros2_21_tutorials/learning_gazebo_fortress) by extensions ['colcon_pkg']
[1.046s] Level 1:colcon.colcon_core.package_identification:_identify(/media/x311/D214869714867DEB/Study_log/ROS2_Note/town_ws/src/ros2_21_tutorials/learning_gazebo_fortress) by extension 'colcon_pkg'
[1.046s] Level 1:colcon.colcon_core.package_identification:_identify(/media/x311/D214869714867DEB/Study_log/ROS2_Note/town_ws/src/ros2_21_tutorials/learning_gazebo_fortress) by extensions ['colcon_meta']
[1.047s] Level 1:colcon.colcon_core.package_identification:_identify(/media/x311/D214869714867DEB/Study_log/ROS2_Note/town_ws/src/ros2_21_tutorials/learning_gazebo_fortress) by extension 'colcon_meta'
[1.047s] Level 1:colcon.colcon_core.package_identification:_identify(/media/x311/D214869714867DEB/Study_log/ROS2_Note/town_ws/src/ros2_21_tutorials/learning_gazebo_fortress) by extensions ['cmake', 'python']
[1.047s] Level 1:colcon.colcon_core.package_identification:_identify(/media/x311/D214869714867DEB/Study_log/ROS2_Note/town_ws/src/ros2_21_tutorials/learning_gazebo_fortress) by extension 'cmake'
[1.047s] Level 1:colcon.colcon_core.package_identification:_identify(/media/x311/D214869714867DEB/Study_log/ROS2_Note/town_ws/src/ros2_21_tutorials/learning_gazebo_fortress) by extension 'python'
[1.047s] DEBUG:colcon.colcon_core.package_identification:Python package in '/media/x311/D214869714867DEB/Study_log/ROS2_Note/town_ws/src/ros2_21_tutorials/learning_gazebo_fortress' passes arguments to the setup() function which requires a different identification extension than 'python'
[1.047s] Level 1:colcon.colcon_core.package_identification:_identify(/media/x311/D214869714867DEB/Study_log/ROS2_Note/town_ws/src/ros2_21_tutorials/learning_gazebo_fortress) by extensions ['python_setup_py']
[1.047s] Level 1:colcon.colcon_core.package_identification:_identify(/media/x311/D214869714867DEB/Study_log/ROS2_Note/town_ws/src/ros2_21_tutorials/learning_gazebo_fortress) by extension 'python_setup_py'
[1.263s] DEBUG:colcon.colcon_core.package_identification:Package '/media/x311/D214869714867DEB/Study_log/ROS2_Note/town_ws/src/ros2_21_tutorials/learning_gazebo_fortress' with type 'python' and name 'learning_gazebo_fortress'
[1.263s] Level 1:colcon.colcon_core.package_identification:_identify(/media/x311/D214869714867DEB/Study_log/ROS2_Note/town_ws/src/ros2_21_tutorials/learning_interface) by extensions ['ignore']
[1.263s] Level 1:colcon.colcon_core.package_identification:_identify(/media/x311/D214869714867DEB/Study_log/ROS2_Note/town_ws/src/ros2_21_tutorials/learning_interface) by extension 'ignore'
[1.263s] Level 1:colcon.colcon_core.package_identification:_identify(/media/x311/D214869714867DEB/Study_log/ROS2_Note/town_ws/src/ros2_21_tutorials/learning_interface) by extensions ['colcon_pkg']
[1.263s] Level 1:colcon.colcon_core.package_identification:_identify(/media/x311/D214869714867DEB/Study_log/ROS2_Note/town_ws/src/ros2_21_tutorials/learning_interface) by extension 'colcon_pkg'
[1.263s] Level 1:colcon.colcon_core.package_identification:_identify(/media/x311/D214869714867DEB/Study_log/ROS2_Note/town_ws/src/ros2_21_tutorials/learning_interface) by extensions ['colcon_meta']
[1.263s] Level 1:colcon.colcon_core.package_identification:_identify(/media/x311/D214869714867DEB/Study_log/ROS2_Note/town_ws/src/ros2_21_tutorials/learning_interface) by extension 'colcon_meta'
[1.263s] Level 1:colcon.colcon_core.package_identification:_identify(/media/x311/D214869714867DEB/Study_log/ROS2_Note/town_ws/src/ros2_21_tutorials/learning_interface) by extensions ['cmake', 'python']
[1.263s] Level 1:colcon.colcon_core.package_identification:_identify(/media/x311/D214869714867DEB/Study_log/ROS2_Note/town_ws/src/ros2_21_tutorials/learning_interface) by extension 'cmake'
[1.264s] Level 1:colcon.colcon_core.package_identification:_identify(/media/x311/D214869714867DEB/Study_log/ROS2_Note/town_ws/src/ros2_21_tutorials/learning_interface) by extension 'python'
[1.264s] DEBUG:colcon.colcon_core.package_identification:Package '/media/x311/D214869714867DEB/Study_log/ROS2_Note/town_ws/src/ros2_21_tutorials/learning_interface' with type 'cmake' and name 'learning_interface'
[1.264s] Level 1:colcon.colcon_core.package_identification:_identify(/media/x311/D214869714867DEB/Study_log/ROS2_Note/town_ws/src/ros2_21_tutorials/learning_launch) by extensions ['ignore']
[1.264s] Level 1:colcon.colcon_core.package_identification:_identify(/media/x311/D214869714867DEB/Study_log/ROS2_Note/town_ws/src/ros2_21_tutorials/learning_launch) by extension 'ignore'
[1.264s] Level 1:colcon.colcon_core.package_identification:_identify(/media/x311/D214869714867DEB/Study_log/ROS2_Note/town_ws/src/ros2_21_tutorials/learning_launch) by extensions ['colcon_pkg']
[1.264s] Level 1:colcon.colcon_core.package_identification:_identify(/media/x311/D214869714867DEB/Study_log/ROS2_Note/town_ws/src/ros2_21_tutorials/learning_launch) by extension 'colcon_pkg'
[1.264s] Level 1:colcon.colcon_core.package_identification:_identify(/media/x311/D214869714867DEB/Study_log/ROS2_Note/town_ws/src/ros2_21_tutorials/learning_launch) by extensions ['colcon_meta']
[1.264s] Level 1:colcon.colcon_core.package_identification:_identify(/media/x311/D214869714867DEB/Study_log/ROS2_Note/town_ws/src/ros2_21_tutorials/learning_launch) by extension 'colcon_meta'
[1.264s] Level 1:colcon.colcon_core.package_identification:_identify(/media/x311/D214869714867DEB/Study_log/ROS2_Note/town_ws/src/ros2_21_tutorials/learning_launch) by extensions ['cmake', 'python']
[1.264s] Level 1:colcon.colcon_core.package_identification:_identify(/media/x311/D214869714867DEB/Study_log/ROS2_Note/town_ws/src/ros2_21_tutorials/learning_launch) by extension 'cmake'
[1.264s] Level 1:colcon.colcon_core.package_identification:_identify(/media/x311/D214869714867DEB/Study_log/ROS2_Note/town_ws/src/ros2_21_tutorials/learning_launch) by extension 'python'
[1.264s] DEBUG:colcon.colcon_core.package_identification:Python package in '/media/x311/D214869714867DEB/Study_log/ROS2_Note/town_ws/src/ros2_21_tutorials/learning_launch' passes arguments to the setup() function which requires a different identification extension than 'python'
[1.264s] Level 1:colcon.colcon_core.package_identification:_identify(/media/x311/D214869714867DEB/Study_log/ROS2_Note/town_ws/src/ros2_21_tutorials/learning_launch) by extensions ['python_setup_py']
[1.264s] Level 1:colcon.colcon_core.package_identification:_identify(/media/x311/D214869714867DEB/Study_log/ROS2_Note/town_ws/src/ros2_21_tutorials/learning_launch) by extension 'python_setup_py'
[1.487s] DEBUG:colcon.colcon_core.package_identification:Package '/media/x311/D214869714867DEB/Study_log/ROS2_Note/town_ws/src/ros2_21_tutorials/learning_launch' with type 'python' and name 'learning_launch'
[1.487s] Level 1:colcon.colcon_core.package_identification:_identify(/media/x311/D214869714867DEB/Study_log/ROS2_Note/town_ws/src/ros2_21_tutorials/learning_node) by extensions ['ignore']
[1.487s] Level 1:colcon.colcon_core.package_identification:_identify(/media/x311/D214869714867DEB/Study_log/ROS2_Note/town_ws/src/ros2_21_tutorials/learning_node) by extension 'ignore'
[1.487s] Level 1:colcon.colcon_core.package_identification:_identify(/media/x311/D214869714867DEB/Study_log/ROS2_Note/town_ws/src/ros2_21_tutorials/learning_node) by extensions ['colcon_pkg']
[1.487s] Level 1:colcon.colcon_core.package_identification:_identify(/media/x311/D214869714867DEB/Study_log/ROS2_Note/town_ws/src/ros2_21_tutorials/learning_node) by extension 'colcon_pkg'
[1.487s] Level 1:colcon.colcon_core.package_identification:_identify(/media/x311/D214869714867DEB/Study_log/ROS2_Note/town_ws/src/ros2_21_tutorials/learning_node) by extensions ['colcon_meta']
[1.487s] Level 1:colcon.colcon_core.package_identification:_identify(/media/x311/D214869714867DEB/Study_log/ROS2_Note/town_ws/src/ros2_21_tutorials/learning_node) by extension 'colcon_meta'
[1.487s] Level 1:colcon.colcon_core.package_identification:_identify(/media/x311/D214869714867DEB/Study_log/ROS2_Note/town_ws/src/ros2_21_tutorials/learning_node) by extensions ['cmake', 'python']
[1.487s] Level 1:colcon.colcon_core.package_identification:_identify(/media/x311/D214869714867DEB/Study_log/ROS2_Note/town_ws/src/ros2_21_tutorials/learning_node) by extension 'cmake'
[1.487s] Level 1:colcon.colcon_core.package_identification:_identify(/media/x311/D214869714867DEB/Study_log/ROS2_Note/town_ws/src/ros2_21_tutorials/learning_node) by extension 'python'
[1.487s] DEBUG:colcon.colcon_core.package_identification:Python package in '/media/x311/D214869714867DEB/Study_log/ROS2_Note/town_ws/src/ros2_21_tutorials/learning_node' passes arguments to the setup() function which requires a different identification extension than 'python'
[1.487s] Level 1:colcon.colcon_core.package_identification:_identify(/media/x311/D214869714867DEB/Study_log/ROS2_Note/town_ws/src/ros2_21_tutorials/learning_node) by extensions ['python_setup_py']
[1.488s] Level 1:colcon.colcon_core.package_identification:_identify(/media/x311/D214869714867DEB/Study_log/ROS2_Note/town_ws/src/ros2_21_tutorials/learning_node) by extension 'python_setup_py'
[1.640s] DEBUG:colcon.colcon_core.package_identification:Package '/media/x311/D214869714867DEB/Study_log/ROS2_Note/town_ws/src/ros2_21_tutorials/learning_node' with type 'python' and name 'learning_node'
[1.640s] Level 1:colcon.colcon_core.package_identification:_identify(/media/x311/D214869714867DEB/Study_log/ROS2_Note/town_ws/src/ros2_21_tutorials/learning_node_cpp) by extensions ['ignore']
[1.640s] Level 1:colcon.colcon_core.package_identification:_identify(/media/x311/D214869714867DEB/Study_log/ROS2_Note/town_ws/src/ros2_21_tutorials/learning_node_cpp) by extension 'ignore'
[1.640s] Level 1:colcon.colcon_core.package_identification:_identify(/media/x311/D214869714867DEB/Study_log/ROS2_Note/town_ws/src/ros2_21_tutorials/learning_node_cpp) by extensions ['colcon_pkg']
[1.640s] Level 1:colcon.colcon_core.package_identification:_identify(/media/x311/D214869714867DEB/Study_log/ROS2_Note/town_ws/src/ros2_21_tutorials/learning_node_cpp) by extension 'colcon_pkg'
[1.640s] Level 1:colcon.colcon_core.package_identification:_identify(/media/x311/D214869714867DEB/Study_log/ROS2_Note/town_ws/src/ros2_21_tutorials/learning_node_cpp) by extensions ['colcon_meta']
[1.640s] Level 1:colcon.colcon_core.package_identification:_identify(/media/x311/D214869714867DEB/Study_log/ROS2_Note/town_ws/src/ros2_21_tutorials/learning_node_cpp) by extension 'colcon_meta'
[1.640s] Level 1:colcon.colcon_core.package_identification:_identify(/media/x311/D214869714867DEB/Study_log/ROS2_Note/town_ws/src/ros2_21_tutorials/learning_node_cpp) by extensions ['cmake', 'python']
[1.640s] Level 1:colcon.colcon_core.package_identification:_identify(/media/x311/D214869714867DEB/Study_log/ROS2_Note/town_ws/src/ros2_21_tutorials/learning_node_cpp) by extension 'cmake'
[1.641s] Level 1:colcon.colcon_core.package_identification:_identify(/media/x311/D214869714867DEB/Study_log/ROS2_Note/town_ws/src/ros2_21_tutorials/learning_node_cpp) by extension 'python'
[1.641s] DEBUG:colcon.colcon_core.package_identification:Package '/media/x311/D214869714867DEB/Study_log/ROS2_Note/town_ws/src/ros2_21_tutorials/learning_node_cpp' with type 'cmake' and name 'learning_node_cpp'
[1.641s] Level 1:colcon.colcon_core.package_identification:_identify(/media/x311/D214869714867DEB/Study_log/ROS2_Note/town_ws/src/ros2_21_tutorials/learning_parameter) by extensions ['ignore']
[1.641s] Level 1:colcon.colcon_core.package_identification:_identify(/media/x311/D214869714867DEB/Study_log/ROS2_Note/town_ws/src/ros2_21_tutorials/learning_parameter) by extension 'ignore'
[1.641s] Level 1:colcon.colcon_core.package_identification:_identify(/media/x311/D214869714867DEB/Study_log/ROS2_Note/town_ws/src/ros2_21_tutorials/learning_parameter) by extensions ['colcon_pkg']
[1.641s] Level 1:colcon.colcon_core.package_identification:_identify(/media/x311/D214869714867DEB/Study_log/ROS2_Note/town_ws/src/ros2_21_tutorials/learning_parameter) by extension 'colcon_pkg'
[1.641s] Level 1:colcon.colcon_core.package_identification:_identify(/media/x311/D214869714867DEB/Study_log/ROS2_Note/town_ws/src/ros2_21_tutorials/learning_parameter) by extensions ['colcon_meta']
[1.641s] Level 1:colcon.colcon_core.package_identification:_identify(/media/x311/D214869714867DEB/Study_log/ROS2_Note/town_ws/src/ros2_21_tutorials/learning_parameter) by extension 'colcon_meta'
[1.641s] Level 1:colcon.colcon_core.package_identification:_identify(/media/x311/D214869714867DEB/Study_log/ROS2_Note/town_ws/src/ros2_21_tutorials/learning_parameter) by extensions ['cmake', 'python']
[1.641s] Level 1:colcon.colcon_core.package_identification:_identify(/media/x311/D214869714867DEB/Study_log/ROS2_Note/town_ws/src/ros2_21_tutorials/learning_parameter) by extension 'cmake'
[1.641s] Level 1:colcon.colcon_core.package_identification:_identify(/media/x311/D214869714867DEB/Study_log/ROS2_Note/town_ws/src/ros2_21_tutorials/learning_parameter) by extension 'python'
[1.641s] DEBUG:colcon.colcon_core.package_identification:Python package in '/media/x311/D214869714867DEB/Study_log/ROS2_Note/town_ws/src/ros2_21_tutorials/learning_parameter' passes arguments to the setup() function which requires a different identification extension than 'python'
[1.641s] Level 1:colcon.colcon_core.package_identification:_identify(/media/x311/D214869714867DEB/Study_log/ROS2_Note/town_ws/src/ros2_21_tutorials/learning_parameter) by extensions ['python_setup_py']
[1.641s] Level 1:colcon.colcon_core.package_identification:_identify(/media/x311/D214869714867DEB/Study_log/ROS2_Note/town_ws/src/ros2_21_tutorials/learning_parameter) by extension 'python_setup_py'
[1.790s] DEBUG:colcon.colcon_core.package_identification:Package '/media/x311/D214869714867DEB/Study_log/ROS2_Note/town_ws/src/ros2_21_tutorials/learning_parameter' with type 'python' and name 'learning_parameter'
[1.790s] Level 1:colcon.colcon_core.package_identification:_identify(/media/x311/D214869714867DEB/Study_log/ROS2_Note/town_ws/src/ros2_21_tutorials/learning_parameter_cpp) by extensions ['ignore']
[1.790s] Level 1:colcon.colcon_core.package_identification:_identify(/media/x311/D214869714867DEB/Study_log/ROS2_Note/town_ws/src/ros2_21_tutorials/learning_parameter_cpp) by extension 'ignore'
[1.790s] Level 1:colcon.colcon_core.package_identification:_identify(/media/x311/D214869714867DEB/Study_log/ROS2_Note/town_ws/src/ros2_21_tutorials/learning_parameter_cpp) by extensions ['colcon_pkg']
[1.790s] Level 1:colcon.colcon_core.package_identification:_identify(/media/x311/D214869714867DEB/Study_log/ROS2_Note/town_ws/src/ros2_21_tutorials/learning_parameter_cpp) by extension 'colcon_pkg'
[1.790s] Level 1:colcon.colcon_core.package_identification:_identify(/media/x311/D214869714867DEB/Study_log/ROS2_Note/town_ws/src/ros2_21_tutorials/learning_parameter_cpp) by extensions ['colcon_meta']
[1.790s] Level 1:colcon.colcon_core.package_identification:_identify(/media/x311/D214869714867DEB/Study_log/ROS2_Note/town_ws/src/ros2_21_tutorials/learning_parameter_cpp) by extension 'colcon_meta'
[1.790s] Level 1:colcon.colcon_core.package_identification:_identify(/media/x311/D214869714867DEB/Study_log/ROS2_Note/town_ws/src/ros2_21_tutorials/learning_parameter_cpp) by extensions ['cmake', 'python']
[1.790s] Level 1:colcon.colcon_core.package_identification:_identify(/media/x311/D214869714867DEB/Study_log/ROS2_Note/town_ws/src/ros2_21_tutorials/learning_parameter_cpp) by extension 'cmake'
[1.791s] Level 1:colcon.colcon_core.package_identification:_identify(/media/x311/D214869714867DEB/Study_log/ROS2_Note/town_ws/src/ros2_21_tutorials/learning_parameter_cpp) by extension 'python'
[1.791s] DEBUG:colcon.colcon_core.package_identification:Package '/media/x311/D214869714867DEB/Study_log/ROS2_Note/town_ws/src/ros2_21_tutorials/learning_parameter_cpp' with type 'cmake' and name 'learning_parameter_cpp'
[1.791s] Level 1:colcon.colcon_core.package_identification:_identify(/media/x311/D214869714867DEB/Study_log/ROS2_Note/town_ws/src/ros2_21_tutorials/learning_pkg_c) by extensions ['ignore']
[1.791s] Level 1:colcon.colcon_core.package_identification:_identify(/media/x311/D214869714867DEB/Study_log/ROS2_Note/town_ws/src/ros2_21_tutorials/learning_pkg_c) by extension 'ignore'
[1.791s] Level 1:colcon.colcon_core.package_identification:_identify(/media/x311/D214869714867DEB/Study_log/ROS2_Note/town_ws/src/ros2_21_tutorials/learning_pkg_c) by extensions ['colcon_pkg']
[1.791s] Level 1:colcon.colcon_core.package_identification:_identify(/media/x311/D214869714867DEB/Study_log/ROS2_Note/town_ws/src/ros2_21_tutorials/learning_pkg_c) by extension 'colcon_pkg'
[1.791s] Level 1:colcon.colcon_core.package_identification:_identify(/media/x311/D214869714867DEB/Study_log/ROS2_Note/town_ws/src/ros2_21_tutorials/learning_pkg_c) by extensions ['colcon_meta']
[1.791s] Level 1:colcon.colcon_core.package_identification:_identify(/media/x311/D214869714867DEB/Study_log/ROS2_Note/town_ws/src/ros2_21_tutorials/learning_pkg_c) by extension 'colcon_meta'
[1.791s] Level 1:colcon.colcon_core.package_identification:_identify(/media/x311/D214869714867DEB/Study_log/ROS2_Note/town_ws/src/ros2_21_tutorials/learning_pkg_c) by extensions ['cmake', 'python']
[1.791s] Level 1:colcon.colcon_core.package_identification:_identify(/media/x311/D214869714867DEB/Study_log/ROS2_Note/town_ws/src/ros2_21_tutorials/learning_pkg_c) by extension 'cmake'
[1.792s] Level 1:colcon.colcon_core.package_identification:_identify(/media/x311/D214869714867DEB/Study_log/ROS2_Note/town_ws/src/ros2_21_tutorials/learning_pkg_c) by extension 'python'
[1.792s] DEBUG:colcon.colcon_core.package_identification:Package '/media/x311/D214869714867DEB/Study_log/ROS2_Note/town_ws/src/ros2_21_tutorials/learning_pkg_c' with type 'cmake' and name 'learning_pkg_c'
[1.792s] Level 1:colcon.colcon_core.package_identification:_identify(/media/x311/D214869714867DEB/Study_log/ROS2_Note/town_ws/src/ros2_21_tutorials/learning_pkg_python) by extensions ['ignore']
[1.792s] Level 1:colcon.colcon_core.package_identification:_identify(/media/x311/D214869714867DEB/Study_log/ROS2_Note/town_ws/src/ros2_21_tutorials/learning_pkg_python) by extension 'ignore'
[1.792s] Level 1:colcon.colcon_core.package_identification:_identify(/media/x311/D214869714867DEB/Study_log/ROS2_Note/town_ws/src/ros2_21_tutorials/learning_pkg_python) by extensions ['colcon_pkg']
[1.792s] Level 1:colcon.colcon_core.package_identification:_identify(/media/x311/D214869714867DEB/Study_log/ROS2_Note/town_ws/src/ros2_21_tutorials/learning_pkg_python) by extension 'colcon_pkg'
[1.792s] Level 1:colcon.colcon_core.package_identification:_identify(/media/x311/D214869714867DEB/Study_log/ROS2_Note/town_ws/src/ros2_21_tutorials/learning_pkg_python) by extensions ['colcon_meta']
[1.792s] Level 1:colcon.colcon_core.package_identification:_identify(/media/x311/D214869714867DEB/Study_log/ROS2_Note/town_ws/src/ros2_21_tutorials/learning_pkg_python) by extension 'colcon_meta'
[1.792s] Level 1:colcon.colcon_core.package_identification:_identify(/media/x311/D214869714867DEB/Study_log/ROS2_Note/town_ws/src/ros2_21_tutorials/learning_pkg_python) by extensions ['cmake', 'python']
[1.792s] Level 1:colcon.colcon_core.package_identification:_identify(/media/x311/D214869714867DEB/Study_log/ROS2_Note/town_ws/src/ros2_21_tutorials/learning_pkg_python) by extension 'cmake'
[1.793s] Level 1:colcon.colcon_core.package_identification:_identify(/media/x311/D214869714867DEB/Study_log/ROS2_Note/town_ws/src/ros2_21_tutorials/learning_pkg_python) by extension 'python'
[1.793s] DEBUG:colcon.colcon_core.package_identification:Python package in '/media/x311/D214869714867DEB/Study_log/ROS2_Note/town_ws/src/ros2_21_tutorials/learning_pkg_python' passes arguments to the setup() function which requires a different identification extension than 'python'
[1.793s] Level 1:colcon.colcon_core.package_identification:_identify(/media/x311/D214869714867DEB/Study_log/ROS2_Note/town_ws/src/ros2_21_tutorials/learning_pkg_python) by extensions ['python_setup_py']
[1.793s] Level 1:colcon.colcon_core.package_identification:_identify(/media/x311/D214869714867DEB/Study_log/ROS2_Note/town_ws/src/ros2_21_tutorials/learning_pkg_python) by extension 'python_setup_py'
[1.945s] DEBUG:colcon.colcon_core.package_identification:Package '/media/x311/D214869714867DEB/Study_log/ROS2_Note/town_ws/src/ros2_21_tutorials/learning_pkg_python' with type 'python' and name 'learning_pkg_python'
[1.946s] Level 1:colcon.colcon_core.package_identification:_identify(/media/x311/D214869714867DEB/Study_log/ROS2_Note/town_ws/src/ros2_21_tutorials/learning_qos) by extensions ['ignore']
[1.946s] Level 1:colcon.colcon_core.package_identification:_identify(/media/x311/D214869714867DEB/Study_log/ROS2_Note/town_ws/src/ros2_21_tutorials/learning_qos) by extension 'ignore'
[1.946s] Level 1:colcon.colcon_core.package_identification:_identify(/media/x311/D214869714867DEB/Study_log/ROS2_Note/town_ws/src/ros2_21_tutorials/learning_qos) by extensions ['colcon_pkg']
[1.946s] Level 1:colcon.colcon_core.package_identification:_identify(/media/x311/D214869714867DEB/Study_log/ROS2_Note/town_ws/src/ros2_21_tutorials/learning_qos) by extension 'colcon_pkg'
[1.946s] Level 1:colcon.colcon_core.package_identification:_identify(/media/x311/D214869714867DEB/Study_log/ROS2_Note/town_ws/src/ros2_21_tutorials/learning_qos) by extensions ['colcon_meta']
[1.946s] Level 1:colcon.colcon_core.package_identification:_identify(/media/x311/D214869714867DEB/Study_log/ROS2_Note/town_ws/src/ros2_21_tutorials/learning_qos) by extension 'colcon_meta'
[1.946s] Level 1:colcon.colcon_core.package_identification:_identify(/media/x311/D214869714867DEB/Study_log/ROS2_Note/town_ws/src/ros2_21_tutorials/learning_qos) by extensions ['cmake', 'python']
[1.946s] Level 1:colcon.colcon_core.package_identification:_identify(/media/x311/D214869714867DEB/Study_log/ROS2_Note/town_ws/src/ros2_21_tutorials/learning_qos) by extension 'cmake'
[1.946s] Level 1:colcon.colcon_core.package_identification:_identify(/media/x311/D214869714867DEB/Study_log/ROS2_Note/town_ws/src/ros2_21_tutorials/learning_qos) by extension 'python'
[1.946s] DEBUG:colcon.colcon_core.package_identification:Python package in '/media/x311/D214869714867DEB/Study_log/ROS2_Note/town_ws/src/ros2_21_tutorials/learning_qos' passes arguments to the setup() function which requires a different identification extension than 'python'
[1.946s] Level 1:colcon.colcon_core.package_identification:_identify(/media/x311/D214869714867DEB/Study_log/ROS2_Note/town_ws/src/ros2_21_tutorials/learning_qos) by extensions ['python_setup_py']
[1.946s] Level 1:colcon.colcon_core.package_identification:_identify(/media/x311/D214869714867DEB/Study_log/ROS2_Note/town_ws/src/ros2_21_tutorials/learning_qos) by extension 'python_setup_py'
[2.092s] DEBUG:colcon.colcon_core.package_identification:Package '/media/x311/D214869714867DEB/Study_log/ROS2_Note/town_ws/src/ros2_21_tutorials/learning_qos' with type 'python' and name 'learning_qos'
[2.092s] Level 1:colcon.colcon_core.package_identification:_identify(/media/x311/D214869714867DEB/Study_log/ROS2_Note/town_ws/src/ros2_21_tutorials/learning_service) by extensions ['ignore']
[2.092s] Level 1:colcon.colcon_core.package_identification:_identify(/media/x311/D214869714867DEB/Study_log/ROS2_Note/town_ws/src/ros2_21_tutorials/learning_service) by extension 'ignore'
[2.092s] Level 1:colcon.colcon_core.package_identification:_identify(/media/x311/D214869714867DEB/Study_log/ROS2_Note/town_ws/src/ros2_21_tutorials/learning_service) by extensions ['colcon_pkg']
[2.092s] Level 1:colcon.colcon_core.package_identification:_identify(/media/x311/D214869714867DEB/Study_log/ROS2_Note/town_ws/src/ros2_21_tutorials/learning_service) by extension 'colcon_pkg'
[2.092s] Level 1:colcon.colcon_core.package_identification:_identify(/media/x311/D214869714867DEB/Study_log/ROS2_Note/town_ws/src/ros2_21_tutorials/learning_service) by extensions ['colcon_meta']
[2.092s] Level 1:colcon.colcon_core.package_identification:_identify(/media/x311/D214869714867DEB/Study_log/ROS2_Note/town_ws/src/ros2_21_tutorials/learning_service) by extension 'colcon_meta'
[2.092s] Level 1:colcon.colcon_core.package_identification:_identify(/media/x311/D214869714867DEB/Study_log/ROS2_Note/town_ws/src/ros2_21_tutorials/learning_service) by extensions ['cmake', 'python']
[2.092s] Level 1:colcon.colcon_core.package_identification:_identify(/media/x311/D214869714867DEB/Study_log/ROS2_Note/town_ws/src/ros2_21_tutorials/learning_service) by extension 'cmake'
[2.092s] Level 1:colcon.colcon_core.package_identification:_identify(/media/x311/D214869714867DEB/Study_log/ROS2_Note/town_ws/src/ros2_21_tutorials/learning_service) by extension 'python'
[2.092s] DEBUG:colcon.colcon_core.package_identification:Python package in '/media/x311/D214869714867DEB/Study_log/ROS2_Note/town_ws/src/ros2_21_tutorials/learning_service' passes arguments to the setup() function which requires a different identification extension than 'python'
[2.092s] Level 1:colcon.colcon_core.package_identification:_identify(/media/x311/D214869714867DEB/Study_log/ROS2_Note/town_ws/src/ros2_21_tutorials/learning_service) by extensions ['python_setup_py']
[2.092s] Level 1:colcon.colcon_core.package_identification:_identify(/media/x311/D214869714867DEB/Study_log/ROS2_Note/town_ws/src/ros2_21_tutorials/learning_service) by extension 'python_setup_py'
[2.236s] DEBUG:colcon.colcon_core.package_identification:Package '/media/x311/D214869714867DEB/Study_log/ROS2_Note/town_ws/src/ros2_21_tutorials/learning_service' with type 'python' and name 'learning_service'
[2.236s] Level 1:colcon.colcon_core.package_identification:_identify(/media/x311/D214869714867DEB/Study_log/ROS2_Note/town_ws/src/ros2_21_tutorials/learning_service_cpp) by extensions ['ignore']
[2.236s] Level 1:colcon.colcon_core.package_identification:_identify(/media/x311/D214869714867DEB/Study_log/ROS2_Note/town_ws/src/ros2_21_tutorials/learning_service_cpp) by extension 'ignore'
[2.236s] Level 1:colcon.colcon_core.package_identification:_identify(/media/x311/D214869714867DEB/Study_log/ROS2_Note/town_ws/src/ros2_21_tutorials/learning_service_cpp) by extensions ['colcon_pkg']
[2.237s] Level 1:colcon.colcon_core.package_identification:_identify(/media/x311/D214869714867DEB/Study_log/ROS2_Note/town_ws/src/ros2_21_tutorials/learning_service_cpp) by extension 'colcon_pkg'
[2.237s] Level 1:colcon.colcon_core.package_identification:_identify(/media/x311/D214869714867DEB/Study_log/ROS2_Note/town_ws/src/ros2_21_tutorials/learning_service_cpp) by extensions ['colcon_meta']
[2.237s] Level 1:colcon.colcon_core.package_identification:_identify(/media/x311/D214869714867DEB/Study_log/ROS2_Note/town_ws/src/ros2_21_tutorials/learning_service_cpp) by extension 'colcon_meta'
[2.237s] Level 1:colcon.colcon_core.package_identification:_identify(/media/x311/D214869714867DEB/Study_log/ROS2_Note/town_ws/src/ros2_21_tutorials/learning_service_cpp) by extensions ['cmake', 'python']
[2.237s] Level 1:colcon.colcon_core.package_identification:_identify(/media/x311/D214869714867DEB/Study_log/ROS2_Note/town_ws/src/ros2_21_tutorials/learning_service_cpp) by extension 'cmake'
[2.237s] Level 1:colcon.colcon_core.package_identification:_identify(/media/x311/D214869714867DEB/Study_log/ROS2_Note/town_ws/src/ros2_21_tutorials/learning_service_cpp) by extension 'python'
[2.237s] DEBUG:colcon.colcon_core.package_identification:Package '/media/x311/D214869714867DEB/Study_log/ROS2_Note/town_ws/src/ros2_21_tutorials/learning_service_cpp' with type 'cmake' and name 'learning_service_cpp'
[2.237s] Level 1:colcon.colcon_core.package_identification:_identify(/media/x311/D214869714867DEB/Study_log/ROS2_Note/town_ws/src/ros2_21_tutorials/learning_tf) by extensions ['ignore']
[2.237s] Level 1:colcon.colcon_core.package_identification:_identify(/media/x311/D214869714867DEB/Study_log/ROS2_Note/town_ws/src/ros2_21_tutorials/learning_tf) by extension 'ignore'
[2.237s] Level 1:colcon.colcon_core.package_identification:_identify(/media/x311/D214869714867DEB/Study_log/ROS2_Note/town_ws/src/ros2_21_tutorials/learning_tf) by extensions ['colcon_pkg']
[2.237s] Level 1:colcon.colcon_core.package_identification:_identify(/media/x311/D214869714867DEB/Study_log/ROS2_Note/town_ws/src/ros2_21_tutorials/learning_tf) by extension 'colcon_pkg'
[2.237s] Level 1:colcon.colcon_core.package_identification:_identify(/media/x311/D214869714867DEB/Study_log/ROS2_Note/town_ws/src/ros2_21_tutorials/learning_tf) by extensions ['colcon_meta']
[2.237s] Level 1:colcon.colcon_core.package_identification:_identify(/media/x311/D214869714867DEB/Study_log/ROS2_Note/town_ws/src/ros2_21_tutorials/learning_tf) by extension 'colcon_meta'
[2.237s] Level 1:colcon.colcon_core.package_identification:_identify(/media/x311/D214869714867DEB/Study_log/ROS2_Note/town_ws/src/ros2_21_tutorials/learning_tf) by extensions ['cmake', 'python']
[2.237s] Level 1:colcon.colcon_core.package_identification:_identify(/media/x311/D214869714867DEB/Study_log/ROS2_Note/town_ws/src/ros2_21_tutorials/learning_tf) by extension 'cmake'
[2.237s] Level 1:colcon.colcon_core.package_identification:_identify(/media/x311/D214869714867DEB/Study_log/ROS2_Note/town_ws/src/ros2_21_tutorials/learning_tf) by extension 'python'
[2.237s] DEBUG:colcon.colcon_core.package_identification:Python package in '/media/x311/D214869714867DEB/Study_log/ROS2_Note/town_ws/src/ros2_21_tutorials/learning_tf' passes arguments to the setup() function which requires a different identification extension than 'python'
[2.237s] Level 1:colcon.colcon_core.package_identification:_identify(/media/x311/D214869714867DEB/Study_log/ROS2_Note/town_ws/src/ros2_21_tutorials/learning_tf) by extensions ['python_setup_py']
[2.237s] Level 1:colcon.colcon_core.package_identification:_identify(/media/x311/D214869714867DEB/Study_log/ROS2_Note/town_ws/src/ros2_21_tutorials/learning_tf) by extension 'python_setup_py'
[2.375s] DEBUG:colcon.colcon_core.package_identification:Package '/media/x311/D214869714867DEB/Study_log/ROS2_Note/town_ws/src/ros2_21_tutorials/learning_tf' with type 'python' and name 'learning_tf'
[2.375s] Level 1:colcon.colcon_core.package_identification:_identify(/media/x311/D214869714867DEB/Study_log/ROS2_Note/town_ws/src/ros2_21_tutorials/learning_tf_cpp) by extensions ['ignore']
[2.375s] Level 1:colcon.colcon_core.package_identification:_identify(/media/x311/D214869714867DEB/Study_log/ROS2_Note/town_ws/src/ros2_21_tutorials/learning_tf_cpp) by extension 'ignore'
[2.375s] Level 1:colcon.colcon_core.package_identification:_identify(/media/x311/D214869714867DEB/Study_log/ROS2_Note/town_ws/src/ros2_21_tutorials/learning_tf_cpp) by extensions ['colcon_pkg']
[2.375s] Level 1:colcon.colcon_core.package_identification:_identify(/media/x311/D214869714867DEB/Study_log/ROS2_Note/town_ws/src/ros2_21_tutorials/learning_tf_cpp) by extension 'colcon_pkg'
[2.375s] Level 1:colcon.colcon_core.package_identification:_identify(/media/x311/D214869714867DEB/Study_log/ROS2_Note/town_ws/src/ros2_21_tutorials/learning_tf_cpp) by extensions ['colcon_meta']
[2.375s] Level 1:colcon.colcon_core.package_identification:_identify(/media/x311/D214869714867DEB/Study_log/ROS2_Note/town_ws/src/ros2_21_tutorials/learning_tf_cpp) by extension 'colcon_meta'
[2.375s] Level 1:colcon.colcon_core.package_identification:_identify(/media/x311/D214869714867DEB/Study_log/ROS2_Note/town_ws/src/ros2_21_tutorials/learning_tf_cpp) by extensions ['cmake', 'python']
[2.375s] Level 1:colcon.colcon_core.package_identification:_identify(/media/x311/D214869714867DEB/Study_log/ROS2_Note/town_ws/src/ros2_21_tutorials/learning_tf_cpp) by extension 'cmake'
[2.376s] Level 1:colcon.colcon_core.package_identification:_identify(/media/x311/D214869714867DEB/Study_log/ROS2_Note/town_ws/src/ros2_21_tutorials/learning_tf_cpp) by extension 'python'
[2.376s] DEBUG:colcon.colcon_core.package_identification:Package '/media/x311/D214869714867DEB/Study_log/ROS2_Note/town_ws/src/ros2_21_tutorials/learning_tf_cpp' with type 'cmake' and name 'learning_tf_cpp'
[2.376s] Level 1:colcon.colcon_core.package_identification:_identify(/media/x311/D214869714867DEB/Study_log/ROS2_Note/town_ws/src/ros2_21_tutorials/learning_topic) by extensions ['ignore']
[2.376s] Level 1:colcon.colcon_core.package_identification:_identify(/media/x311/D214869714867DEB/Study_log/ROS2_Note/town_ws/src/ros2_21_tutorials/learning_topic) by extension 'ignore'
[2.376s] Level 1:colcon.colcon_core.package_identification:_identify(/media/x311/D214869714867DEB/Study_log/ROS2_Note/town_ws/src/ros2_21_tutorials/learning_topic) by extensions ['colcon_pkg']
[2.376s] Level 1:colcon.colcon_core.package_identification:_identify(/media/x311/D214869714867DEB/Study_log/ROS2_Note/town_ws/src/ros2_21_tutorials/learning_topic) by extension 'colcon_pkg'
[2.376s] Level 1:colcon.colcon_core.package_identification:_identify(/media/x311/D214869714867DEB/Study_log/ROS2_Note/town_ws/src/ros2_21_tutorials/learning_topic) by extensions ['colcon_meta']
[2.376s] Level 1:colcon.colcon_core.package_identification:_identify(/media/x311/D214869714867DEB/Study_log/ROS2_Note/town_ws/src/ros2_21_tutorials/learning_topic) by extension 'colcon_meta'
[2.376s] Level 1:colcon.colcon_core.package_identification:_identify(/media/x311/D214869714867DEB/Study_log/ROS2_Note/town_ws/src/ros2_21_tutorials/learning_topic) by extensions ['cmake', 'python']
[2.376s] Level 1:colcon.colcon_core.package_identification:_identify(/media/x311/D214869714867DEB/Study_log/ROS2_Note/town_ws/src/ros2_21_tutorials/learning_topic) by extension 'cmake'
[2.376s] Level 1:colcon.colcon_core.package_identification:_identify(/media/x311/D214869714867DEB/Study_log/ROS2_Note/town_ws/src/ros2_21_tutorials/learning_topic) by extension 'python'
[2.376s] DEBUG:colcon.colcon_core.package_identification:Python package in '/media/x311/D214869714867DEB/Study_log/ROS2_Note/town_ws/src/ros2_21_tutorials/learning_topic' passes arguments to the setup() function which requires a different identification extension than 'python'
[2.376s] Level 1:colcon.colcon_core.package_identification:_identify(/media/x311/D214869714867DEB/Study_log/ROS2_Note/town_ws/src/ros2_21_tutorials/learning_topic) by extensions ['python_setup_py']
[2.376s] Level 1:colcon.colcon_core.package_identification:_identify(/media/x311/D214869714867DEB/Study_log/ROS2_Note/town_ws/src/ros2_21_tutorials/learning_topic) by extension 'python_setup_py'
[2.539s] DEBUG:colcon.colcon_core.package_identification:Package '/media/x311/D214869714867DEB/Study_log/ROS2_Note/town_ws/src/ros2_21_tutorials/learning_topic' with type 'python' and name 'learning_topic'
[2.539s] Level 1:colcon.colcon_core.package_identification:_identify(/media/x311/D214869714867DEB/Study_log/ROS2_Note/town_ws/src/ros2_21_tutorials/learning_topic_cpp) by extensions ['ignore']
[2.539s] Level 1:colcon.colcon_core.package_identification:_identify(/media/x311/D214869714867DEB/Study_log/ROS2_Note/town_ws/src/ros2_21_tutorials/learning_topic_cpp) by extension 'ignore'
[2.539s] Level 1:colcon.colcon_core.package_identification:_identify(/media/x311/D214869714867DEB/Study_log/ROS2_Note/town_ws/src/ros2_21_tutorials/learning_topic_cpp) by extensions ['colcon_pkg']
[2.539s] Level 1:colcon.colcon_core.package_identification:_identify(/media/x311/D214869714867DEB/Study_log/ROS2_Note/town_ws/src/ros2_21_tutorials/learning_topic_cpp) by extension 'colcon_pkg'
[2.540s] Level 1:colcon.colcon_core.package_identification:_identify(/media/x311/D214869714867DEB/Study_log/ROS2_Note/town_ws/src/ros2_21_tutorials/learning_topic_cpp) by extensions ['colcon_meta']
[2.540s] Level 1:colcon.colcon_core.package_identification:_identify(/media/x311/D214869714867DEB/Study_log/ROS2_Note/town_ws/src/ros2_21_tutorials/learning_topic_cpp) by extension 'colcon_meta'
[2.540s] Level 1:colcon.colcon_core.package_identification:_identify(/media/x311/D214869714867DEB/Study_log/ROS2_Note/town_ws/src/ros2_21_tutorials/learning_topic_cpp) by extensions ['cmake', 'python']
[2.540s] Level 1:colcon.colcon_core.package_identification:_identify(/media/x311/D214869714867DEB/Study_log/ROS2_Note/town_ws/src/ros2_21_tutorials/learning_topic_cpp) by extension 'cmake'
[2.540s] Level 1:colcon.colcon_core.package_identification:_identify(/media/x311/D214869714867DEB/Study_log/ROS2_Note/town_ws/src/ros2_21_tutorials/learning_topic_cpp) by extension 'python'
[2.540s] DEBUG:colcon.colcon_core.package_identification:Package '/media/x311/D214869714867DEB/Study_log/ROS2_Note/town_ws/src/ros2_21_tutorials/learning_topic_cpp' with type 'cmake' and name 'learning_topic_cpp'
[2.540s] Level 1:colcon.colcon_core.package_identification:_identify(/media/x311/D214869714867DEB/Study_log/ROS2_Note/town_ws/src/ros2_21_tutorials/learning_urdf) by extensions ['ignore']
[2.541s] Level 1:colcon.colcon_core.package_identification:_identify(/media/x311/D214869714867DEB/Study_log/ROS2_Note/town_ws/src/ros2_21_tutorials/learning_urdf) by extension 'ignore'
[2.541s] Level 1:colcon.colcon_core.package_identification:_identify(/media/x311/D214869714867DEB/Study_log/ROS2_Note/town_ws/src/ros2_21_tutorials/learning_urdf) by extensions ['colcon_pkg']
[2.541s] Level 1:colcon.colcon_core.package_identification:_identify(/media/x311/D214869714867DEB/Study_log/ROS2_Note/town_ws/src/ros2_21_tutorials/learning_urdf) by extension 'colcon_pkg'
[2.541s] Level 1:colcon.colcon_core.package_identification:_identify(/media/x311/D214869714867DEB/Study_log/ROS2_Note/town_ws/src/ros2_21_tutorials/learning_urdf) by extensions ['colcon_meta']
[2.541s] Level 1:colcon.colcon_core.package_identification:_identify(/media/x311/D214869714867DEB/Study_log/ROS2_Note/town_ws/src/ros2_21_tutorials/learning_urdf) by extension 'colcon_meta'
[2.541s] Level 1:colcon.colcon_core.package_identification:_identify(/media/x311/D214869714867DEB/Study_log/ROS2_Note/town_ws/src/ros2_21_tutorials/learning_urdf) by extensions ['cmake', 'python']
[2.541s] Level 1:colcon.colcon_core.package_identification:_identify(/media/x311/D214869714867DEB/Study_log/ROS2_Note/town_ws/src/ros2_21_tutorials/learning_urdf) by extension 'cmake'
[2.541s] Level 1:colcon.colcon_core.package_identification:_identify(/media/x311/D214869714867DEB/Study_log/ROS2_Note/town_ws/src/ros2_21_tutorials/learning_urdf) by extension 'python'
[2.541s] DEBUG:colcon.colcon_core.package_identification:Python package in '/media/x311/D214869714867DEB/Study_log/ROS2_Note/town_ws/src/ros2_21_tutorials/learning_urdf' passes arguments to the setup() function which requires a different identification extension than 'python'
[2.541s] Level 1:colcon.colcon_core.package_identification:_identify(/media/x311/D214869714867DEB/Study_log/ROS2_Note/town_ws/src/ros2_21_tutorials/learning_urdf) by extensions ['python_setup_py']
[2.541s] Level 1:colcon.colcon_core.package_identification:_identify(/media/x311/D214869714867DEB/Study_log/ROS2_Note/town_ws/src/ros2_21_tutorials/learning_urdf) by extension 'python_setup_py'
[2.705s] DEBUG:colcon.colcon_core.package_identification:Package '/media/x311/D214869714867DEB/Study_log/ROS2_Note/town_ws/src/ros2_21_tutorials/learning_urdf' with type 'python' and name 'learning_urdf'
[2.705s] Level 1:colcon.colcon_core.package_identification:_identify(/media/x311/D214869714867DEB/Study_log/ROS2_Note/town_ws/src/ros2_21_tutorials/python) by extensions ['ignore']
[2.705s] Level 1:colcon.colcon_core.package_identification:_identify(/media/x311/D214869714867DEB/Study_log/ROS2_Note/town_ws/src/ros2_21_tutorials/python) by extension 'ignore'
[2.706s] Level 1:colcon.colcon_core.package_identification:_identify(/media/x311/D214869714867DEB/Study_log/ROS2_Note/town_ws/src/ros2_21_tutorials/python) by extensions ['colcon_pkg']
[2.706s] Level 1:colcon.colcon_core.package_identification:_identify(/media/x311/D214869714867DEB/Study_log/ROS2_Note/town_ws/src/ros2_21_tutorials/python) by extension 'colcon_pkg'
[2.706s] Level 1:colcon.colcon_core.package_identification:_identify(/media/x311/D214869714867DEB/Study_log/ROS2_Note/town_ws/src/ros2_21_tutorials/python) by extensions ['colcon_meta']
[2.706s] Level 1:colcon.colcon_core.package_identification:_identify(/media/x311/D214869714867DEB/Study_log/ROS2_Note/town_ws/src/ros2_21_tutorials/python) by extension 'colcon_meta'
[2.706s] Level 1:colcon.colcon_core.package_identification:_identify(/media/x311/D214869714867DEB/Study_log/ROS2_Note/town_ws/src/ros2_21_tutorials/python) by extensions ['cmake', 'python']
[2.706s] Level 1:colcon.colcon_core.package_identification:_identify(/media/x311/D214869714867DEB/Study_log/ROS2_Note/town_ws/src/ros2_21_tutorials/python) by extension 'cmake'
[2.706s] Level 1:colcon.colcon_core.package_identification:_identify(/media/x311/D214869714867DEB/Study_log/ROS2_Note/town_ws/src/ros2_21_tutorials/python) by extension 'python'
[2.706s] Level 1:colcon.colcon_core.package_identification:_identify(/media/x311/D214869714867DEB/Study_log/ROS2_Note/town_ws/src/ros2_21_tutorials/python) by extensions ['python_setup_py']
[2.706s] Level 1:colcon.colcon_core.package_identification:_identify(/media/x311/D214869714867DEB/Study_log/ROS2_Note/town_ws/src/ros2_21_tutorials/python) by extension 'python_setup_py'
[2.706s] Level 1:colcon.colcon_core.package_identification:_identify(/media/x311/D214869714867DEB/Study_log/ROS2_Note/town_ws/src/village_li) by extensions ['ignore']
[2.706s] Level 1:colcon.colcon_core.package_identification:_identify(/media/x311/D214869714867DEB/Study_log/ROS2_Note/town_ws/src/village_li) by extension 'ignore'
[2.706s] Level 1:colcon.colcon_core.package_identification:_identify(/media/x311/D214869714867DEB/Study_log/ROS2_Note/town_ws/src/village_li) by extensions ['colcon_pkg']
[2.706s] Level 1:colcon.colcon_core.package_identification:_identify(/media/x311/D214869714867DEB/Study_log/ROS2_Note/town_ws/src/village_li) by extension 'colcon_pkg'
[2.706s] Level 1:colcon.colcon_core.package_identification:_identify(/media/x311/D214869714867DEB/Study_log/ROS2_Note/town_ws/src/village_li) by extensions ['colcon_meta']
[2.706s] Level 1:colcon.colcon_core.package_identification:_identify(/media/x311/D214869714867DEB/Study_log/ROS2_Note/town_ws/src/village_li) by extension 'colcon_meta'
[2.706s] Level 1:colcon.colcon_core.package_identification:_identify(/media/x311/D214869714867DEB/Study_log/ROS2_Note/town_ws/src/village_li) by extensions ['cmake', 'python']
[2.706s] Level 1:colcon.colcon_core.package_identification:_identify(/media/x311/D214869714867DEB/Study_log/ROS2_Note/town_ws/src/village_li) by extension 'cmake'
[2.706s] Level 1:colcon.colcon_core.package_identification:_identify(/media/x311/D214869714867DEB/Study_log/ROS2_Note/town_ws/src/village_li) by extension 'python'
[2.706s] DEBUG:colcon.colcon_core.package_identification:Python package in '/media/x311/D214869714867DEB/Study_log/ROS2_Note/town_ws/src/village_li' passes arguments to the setup() function which requires a different identification extension than 'python'
[2.706s] Level 1:colcon.colcon_core.package_identification:_identify(/media/x311/D214869714867DEB/Study_log/ROS2_Note/town_ws/src/village_li) by extensions ['python_setup_py']
[2.706s] Level 1:colcon.colcon_core.package_identification:_identify(/media/x311/D214869714867DEB/Study_log/ROS2_Note/town_ws/src/village_li) by extension 'python_setup_py'
[2.868s] DEBUG:colcon.colcon_core.package_identification:Package '/media/x311/D214869714867DEB/Study_log/ROS2_Note/town_ws/src/village_li' with type 'python' and name 'village_li'
[2.869s] Level 1:colcon.colcon_core.package_identification:_identify(/media/x311/D214869714867DEB/Study_log/ROS2_Note/town_ws/src/village_wang) by extensions ['ignore']
[2.869s] Level 1:colcon.colcon_core.package_identification:_identify(/media/x311/D214869714867DEB/Study_log/ROS2_Note/town_ws/src/village_wang) by extension 'ignore'
[2.869s] Level 1:colcon.colcon_core.package_identification:_identify(/media/x311/D214869714867DEB/Study_log/ROS2_Note/town_ws/src/village_wang) by extensions ['colcon_pkg']
[2.869s] Level 1:colcon.colcon_core.package_identification:_identify(/media/x311/D214869714867DEB/Study_log/ROS2_Note/town_ws/src/village_wang) by extension 'colcon_pkg'
[2.869s] Level 1:colcon.colcon_core.package_identification:_identify(/media/x311/D214869714867DEB/Study_log/ROS2_Note/town_ws/src/village_wang) by extensions ['colcon_meta']
[2.869s] Level 1:colcon.colcon_core.package_identification:_identify(/media/x311/D214869714867DEB/Study_log/ROS2_Note/town_ws/src/village_wang) by extension 'colcon_meta'
[2.869s] Level 1:colcon.colcon_core.package_identification:_identify(/media/x311/D214869714867DEB/Study_log/ROS2_Note/town_ws/src/village_wang) by extensions ['cmake', 'python']
[2.869s] Level 1:colcon.colcon_core.package_identification:_identify(/media/x311/D214869714867DEB/Study_log/ROS2_Note/town_ws/src/village_wang) by extension 'cmake'
[2.869s] Level 1:colcon.colcon_core.package_identification:_identify(/media/x311/D214869714867DEB/Study_log/ROS2_Note/town_ws/src/village_wang) by extension 'python'
[2.869s] DEBUG:colcon.colcon_core.package_identification:Package '/media/x311/D214869714867DEB/Study_log/ROS2_Note/town_ws/src/village_wang' with type 'cmake' and name 'village_wang'
[2.869s] Level 1:colcon.colcon_core.package_discovery:discover_packages(recursive) using defaults
