[1.492s] Invoking command in '/home/x311/town_ws/src/build/village_wang': CMAKE_PREFIX_PATH=/opt/ros/humble /usr/bin/cmake /home/x311/town_ws/src/village_wang -DCMAKE_INSTALL_PREFIX=/home/x311/town_ws/src/install/village_wang
[1.872s] -- The C compiler identification is GNU 11.4.0
[2.136s] -- The CXX compiler identification is GNU 11.4.0
[2.177s] -- Detecting C compiler ABI info
[2.836s] -- Detecting C compiler ABI info - done
[2.895s] -- Check for working C compiler: /usr/bin/cc - skipped
[2.895s] -- Detecting C compile features
[2.896s] -- Detecting C compile features - done
[2.932s] -- Detecting CXX compiler ABI info
[3.727s] -- Detecting CXX compiler ABI info - done
[3.781s] -- Check for working CXX compiler: /usr/bin/c++ - skipped
[3.785s] -- Detecting CXX compile features
[3.788s] -- Detecting CXX compile features - done
[3.800s] -- Found ament_cmake: 1.3.7 (/opt/ros/humble/share/ament_cmake/cmake)
[4.781s] -- Found Python3: /usr/bin/python3.10 (found version "3.10.12") found components: Interpreter 
[5.309s] -- Found rclcpp: 16.0.8 (/opt/ros/humble/share/rclcpp/cmake)
[5.597s] -- Found rosidl_generator_c: 3.1.5 (/opt/ros/humble/share/rosidl_generator_c/cmake)
[5.632s] -- Found rosidl_adapter: 3.1.5 (/opt/ros/humble/share/rosidl_adapter/cmake)
[5.686s] -- Found rosidl_generator_cpp: 3.1.5 (/opt/ros/humble/share/rosidl_generator_cpp/cmake)
[5.820s] -- Using all available rosidl_typesupport_c: rosidl_typesupport_fastrtps_c;rosidl_typesupport_introspection_c
[5.934s] -- Using all available rosidl_typesupport_cpp: rosidl_typesupport_fastrtps_cpp;rosidl_typesupport_introspection_cpp
[6.271s] -- Found rmw_implementation_cmake: 6.1.1 (/opt/ros/humble/share/rmw_implementation_cmake/cmake)
[6.295s] -- Found rmw_fastrtps_cpp: 6.2.6 (/opt/ros/humble/share/rmw_fastrtps_cpp/cmake)
[7.177s] -- Found OpenSSL: /usr/lib/x86_64-linux-gnu/libcrypto.so (found version "3.0.2")  
[7.309s] -- Found FastRTPS: /opt/ros/humble/include  
[7.528s] -- Using RMW implementation 'rmw_fastrtps_cpp' as default
[7.563s] -- Looking for pthread.h
[8.064s] -- Looking for pthread.h - found
[8.065s] -- Performing Test CMAKE_HAVE_LIBC_PTHREAD
[8.809s] -- Performing Test CMAKE_HAVE_LIBC_PTHREAD - Success
[8.810s] -- Found Threads: TRUE  
[9.821s] -- Found ament_lint_auto: 0.12.10 (/opt/ros/humble/share/ament_lint_auto/cmake)
[10.181s] -- Added test 'cppcheck' to perform static code analysis on C / C++ code
[10.181s] -- Configured cppcheck include dirs: 
[10.181s] -- Configured cppcheck exclude dirs and/or files: 
[10.187s] -- Added test 'lint_cmake' to check CMake code style
[10.195s] -- Added test 'uncrustify' to check C / C++ code style
[10.195s] -- Configured uncrustify additional arguments: 
[10.204s] -- Added test 'xmllint' to check XML markup files
[10.212s] -- Configuring done
[10.249s] -- Generating done
[10.256s] -- Build files have been written to: /home/x311/town_ws/src/build/village_wang
[10.293s] Invoked command in '/home/x311/town_ws/src/build/village_wang' returned '0': CMAKE_PREFIX_PATH=/opt/ros/humble /usr/bin/cmake /home/x311/town_ws/src/village_wang -DCMAKE_INSTALL_PREFIX=/home/x311/town_ws/src/install/village_wang
[10.294s] Invoking command in '/home/x311/town_ws/src/build/village_wang': CMAKE_PREFIX_PATH=/opt/ros/humble /usr/bin/cmake --build /home/x311/town_ws/src/build/village_wang -- -j4 -l4
[10.832s] [ 50%] [32mBuilding CXX object CMakeFiles/wang2_node.dir/src/wang2.cpp.o[0m
[26.711s] [100%] [32m[1mLinking CXX executable wang2_node[0m
[27.528s] [100%] Built target wang2_node
[27.614s] Invoked command in '/home/x311/town_ws/src/build/village_wang' returned '0': CMAKE_PREFIX_PATH=/opt/ros/humble /usr/bin/cmake --build /home/x311/town_ws/src/build/village_wang -- -j4 -l4
[28.104s] Invoking command in '/home/x311/town_ws/src/build/village_wang': CMAKE_PREFIX_PATH=/opt/ros/humble /usr/bin/cmake --install /home/x311/town_ws/src/build/village_wang
[28.161s] -- Install configuration: ""
[28.166s] -- Installing: /home/x311/town_ws/src/install/village_wang/share/ament_index/resource_index/package_run_dependencies/village_wang
[28.166s] -- Installing: /home/x311/town_ws/src/install/village_wang/share/ament_index/resource_index/parent_prefix_path/village_wang
[28.167s] -- Installing: /home/x311/town_ws/src/install/village_wang/share/village_wang/environment/ament_prefix_path.sh
[28.167s] -- Installing: /home/x311/town_ws/src/install/village_wang/share/village_wang/environment/ament_prefix_path.dsv
[28.167s] -- Installing: /home/x311/town_ws/src/install/village_wang/share/village_wang/environment/path.sh
[28.168s] -- Installing: /home/x311/town_ws/src/install/village_wang/share/village_wang/environment/path.dsv
[28.168s] -- Installing: /home/x311/town_ws/src/install/village_wang/share/village_wang/local_setup.bash
[28.170s] -- Installing: /home/x311/town_ws/src/install/village_wang/share/village_wang/local_setup.sh
[28.170s] -- Installing: /home/x311/town_ws/src/install/village_wang/share/village_wang/local_setup.zsh
[28.171s] -- Installing: /home/x311/town_ws/src/install/village_wang/share/village_wang/local_setup.dsv
[28.171s] -- Installing: /home/x311/town_ws/src/install/village_wang/share/village_wang/package.dsv
[28.171s] -- Installing: /home/x311/town_ws/src/install/village_wang/share/ament_index/resource_index/packages/village_wang
[28.172s] -- Installing: /home/x311/town_ws/src/install/village_wang/share/village_wang/cmake/village_wangConfig.cmake
[28.177s] -- Installing: /home/x311/town_ws/src/install/village_wang/share/village_wang/cmake/village_wangConfig-version.cmake
[28.178s] -- Installing: /home/x311/town_ws/src/install/village_wang/share/village_wang/package.xml
[28.179s] -- Installing: /home/x311/town_ws/src/install/village_wang/lib/village_wang/wang2_node
[28.182s] -- Set runtime path of "/home/x311/town_ws/src/install/village_wang/lib/village_wang/wang2_node" to ""
[28.191s] Invoked command in '/home/x311/town_ws/src/build/village_wang' returned '0': CMAKE_PREFIX_PATH=/opt/ros/humble /usr/bin/cmake --install /home/x311/town_ws/src/build/village_wang
