[0.287s] Invoking command in '/media/x311/D214869714867DEB/Study_log/ROS2_Note/town_ws/src/ros2_21_tutorials/learning_node': PYTHONPATH=/media/x311/D214869714867DEB/Study_log/ROS2_Note/town_ws/build/learning_node/prefix_override:/media/x311/D214869714867DEB/Study_log/ROS2_Note/town_ws/install/learning_node/lib/python3.10/site-packages: /usr/bin/python3 -W ignore:setup.py install is deprecated setup.py egg_info --egg-base ../../../build/learning_node build --build-base /media/x311/D214869714867DEB/Study_log/ROS2_Note/town_ws/build/learning_node/build install --record /media/x311/D214869714867DEB/Study_log/ROS2_Note/town_ws/build/learning_node/install.log --single-version-externally-managed install_data
[0.386s] running egg_info
[0.386s] creating ../../../build/learning_node/learning_node.egg-info
[0.387s] writing ../../../build/learning_node/learning_node.egg-info/PKG-INFO
[0.387s] writing dependency_links to ../../../build/learning_node/learning_node.egg-info/dependency_links.txt
[0.387s] writing entry points to ../../../build/learning_node/learning_node.egg-info/entry_points.txt
[0.387s] writing requirements to ../../../build/learning_node/learning_node.egg-info/requires.txt
[0.387s] writing top-level names to ../../../build/learning_node/learning_node.egg-info/top_level.txt
[0.387s] writing manifest file '../../../build/learning_node/learning_node.egg-info/SOURCES.txt'
[0.388s] reading manifest file '../../../build/learning_node/learning_node.egg-info/SOURCES.txt'
[0.389s] writing manifest file '../../../build/learning_node/learning_node.egg-info/SOURCES.txt'
[0.389s] running build
[0.389s] running build_py
[0.389s] creating /media/x311/D214869714867DEB/Study_log/ROS2_Note/town_ws/build/learning_node/build
[0.389s] creating /media/x311/D214869714867DEB/Study_log/ROS2_Note/town_ws/build/learning_node/build/lib
[0.389s] creating /media/x311/D214869714867DEB/Study_log/ROS2_Note/town_ws/build/learning_node/build/lib/learning_node
[0.389s] copying learning_node/node_helloworld.py -> /media/x311/D214869714867DEB/Study_log/ROS2_Note/town_ws/build/learning_node/build/lib/learning_node
[0.389s] copying learning_node/node_helloworld_class.py -> /media/x311/D214869714867DEB/Study_log/ROS2_Note/town_ws/build/learning_node/build/lib/learning_node
[0.389s] copying learning_node/node_object.py -> /media/x311/D214869714867DEB/Study_log/ROS2_Note/town_ws/build/learning_node/build/lib/learning_node
[0.389s] copying learning_node/node_object_webcam.py -> /media/x311/D214869714867DEB/Study_log/ROS2_Note/town_ws/build/learning_node/build/lib/learning_node
[0.389s] copying learning_node/__init__.py -> /media/x311/D214869714867DEB/Study_log/ROS2_Note/town_ws/build/learning_node/build/lib/learning_node
[0.389s] running install
[0.389s] running install_lib
[0.390s] creating /media/x311/D214869714867DEB/Study_log/ROS2_Note/town_ws/install/learning_node/lib/python3.10/site-packages/learning_node
[0.390s] copying /media/x311/D214869714867DEB/Study_log/ROS2_Note/town_ws/build/learning_node/build/lib/learning_node/node_helloworld.py -> /media/x311/D214869714867DEB/Study_log/ROS2_Note/town_ws/install/learning_node/lib/python3.10/site-packages/learning_node
[0.390s] copying /media/x311/D214869714867DEB/Study_log/ROS2_Note/town_ws/build/learning_node/build/lib/learning_node/node_helloworld_class.py -> /media/x311/D214869714867DEB/Study_log/ROS2_Note/town_ws/install/learning_node/lib/python3.10/site-packages/learning_node
[0.390s] copying /media/x311/D214869714867DEB/Study_log/ROS2_Note/town_ws/build/learning_node/build/lib/learning_node/node_object.py -> /media/x311/D214869714867DEB/Study_log/ROS2_Note/town_ws/install/learning_node/lib/python3.10/site-packages/learning_node
[0.390s] copying /media/x311/D214869714867DEB/Study_log/ROS2_Note/town_ws/build/learning_node/build/lib/learning_node/node_object_webcam.py -> /media/x311/D214869714867DEB/Study_log/ROS2_Note/town_ws/install/learning_node/lib/python3.10/site-packages/learning_node
[0.390s] copying /media/x311/D214869714867DEB/Study_log/ROS2_Note/town_ws/build/learning_node/build/lib/learning_node/__init__.py -> /media/x311/D214869714867DEB/Study_log/ROS2_Note/town_ws/install/learning_node/lib/python3.10/site-packages/learning_node
[0.390s] byte-compiling /media/x311/D214869714867DEB/Study_log/ROS2_Note/town_ws/install/learning_node/lib/python3.10/site-packages/learning_node/node_helloworld.py to node_helloworld.cpython-310.pyc
[0.390s] byte-compiling /media/x311/D214869714867DEB/Study_log/ROS2_Note/town_ws/install/learning_node/lib/python3.10/site-packages/learning_node/node_helloworld_class.py to node_helloworld_class.cpython-310.pyc
[0.391s] byte-compiling /media/x311/D214869714867DEB/Study_log/ROS2_Note/town_ws/install/learning_node/lib/python3.10/site-packages/learning_node/node_object.py to node_object.cpython-310.pyc
[0.391s] byte-compiling /media/x311/D214869714867DEB/Study_log/ROS2_Note/town_ws/install/learning_node/lib/python3.10/site-packages/learning_node/node_object_webcam.py to node_object_webcam.cpython-310.pyc
[0.391s] byte-compiling /media/x311/D214869714867DEB/Study_log/ROS2_Note/town_ws/install/learning_node/lib/python3.10/site-packages/learning_node/__init__.py to __init__.cpython-310.pyc
[0.391s] running install_data
[0.391s] creating /media/x311/D214869714867DEB/Study_log/ROS2_Note/town_ws/install/learning_node/share/ament_index
[0.391s] creating /media/x311/D214869714867DEB/Study_log/ROS2_Note/town_ws/install/learning_node/share/ament_index/resource_index
[0.391s] creating /media/x311/D214869714867DEB/Study_log/ROS2_Note/town_ws/install/learning_node/share/ament_index/resource_index/packages
[0.391s] copying resource/learning_node -> /media/x311/D214869714867DEB/Study_log/ROS2_Note/town_ws/install/learning_node/share/ament_index/resource_index/packages
[0.392s] copying package.xml -> /media/x311/D214869714867DEB/Study_log/ROS2_Note/town_ws/install/learning_node/share/learning_node
[0.392s] running install_egg_info
[0.393s] Copying ../../../build/learning_node/learning_node.egg-info to /media/x311/D214869714867DEB/Study_log/ROS2_Note/town_ws/install/learning_node/lib/python3.10/site-packages/learning_node-0.0.0-py3.10.egg-info
[0.393s] running install_scripts
[0.406s] Installing node_helloworld script to /media/x311/D214869714867DEB/Study_log/ROS2_Note/town_ws/install/learning_node/lib/learning_node
[0.406s] Installing node_helloworld_class script to /media/x311/D214869714867DEB/Study_log/ROS2_Note/town_ws/install/learning_node/lib/learning_node
[0.406s] Installing node_object script to /media/x311/D214869714867DEB/Study_log/ROS2_Note/town_ws/install/learning_node/lib/learning_node
[0.407s] Installing node_object_webcam script to /media/x311/D214869714867DEB/Study_log/ROS2_Note/town_ws/install/learning_node/lib/learning_node
[0.407s] writing list of installed files to '/media/x311/D214869714867DEB/Study_log/ROS2_Note/town_ws/build/learning_node/install.log'
[0.424s] Invoked command in '/media/x311/D214869714867DEB/Study_log/ROS2_Note/town_ws/src/ros2_21_tutorials/learning_node' returned '0': PYTHONPATH=/media/x311/D214869714867DEB/Study_log/ROS2_Note/town_ws/build/learning_node/prefix_override:/media/x311/D214869714867DEB/Study_log/ROS2_Note/town_ws/install/learning_node/lib/python3.10/site-packages: /usr/bin/python3 -W ignore:setup.py install is deprecated setup.py egg_info --egg-base ../../../build/learning_node build --build-base /media/x311/D214869714867DEB/Study_log/ROS2_Note/town_ws/build/learning_node/build install --record /media/x311/D214869714867DEB/Study_log/ROS2_Note/town_ws/build/learning_node/install.log --single-version-externally-managed install_data
