-- The C compiler identification is GNU 11.4.0
-- The CXX compiler identification is GNU 11.4.0
-- Detecting C compiler ABI info
-- Detecting C compiler ABI info - done
-- Check for working C compiler: /usr/bin/cc - skipped
-- Detecting C compile features
-- Detecting C compile features - done
-- Detecting CXX compiler ABI info
-- Detecting CXX compiler ABI info - done
-- Check for working CXX compiler: /usr/bin/c++ - skipped
-- Detecting CXX compile features
-- Detecting CXX compile features - done
-- Found ament_cmake: 1.3.7 (/opt/ros/humble/share/ament_cmake/cmake)
-- Found Python3: /usr/bin/python3.10 (found version "3.10.12") found components: Interpreter 
-- Found geometry_msgs: 4.2.3 (/opt/ros/humble/share/geometry_msgs/cmake)
-- Found rosidl_generator_c: 3.1.5 (/opt/ros/humble/share/rosidl_generator_c/cmake)
-- Found rosidl_adapter: 3.1.5 (/opt/ros/humble/share/rosidl_adapter/cmake)
-- Found rosidl_generator_cpp: 3.1.5 (/opt/ros/humble/share/rosidl_generator_cpp/cmake)
-- Using all available rosidl_typesupport_c: rosidl_typesupport_fastrtps_c;rosidl_typesupport_introspection_c
-- Using all available rosidl_typesupport_cpp: rosidl_typesupport_fastrtps_cpp;rosidl_typesupport_introspection_cpp
-- Found rclcpp: 16.0.8 (/opt/ros/humble/share/rclcpp/cmake)
-- Found rmw_implementation_cmake: 6.1.1 (/opt/ros/humble/share/rmw_implementation_cmake/cmake)
-- Found rmw_fastrtps_cpp: 6.2.6 (/opt/ros/humble/share/rmw_fastrtps_cpp/cmake)
-- Found OpenSSL: /usr/lib/x86_64-linux-gnu/libcrypto.so (found version "3.0.2")  
-- Found FastRTPS: /opt/ros/humble/include  
-- Using RMW implementation 'rmw_fastrtps_cpp' as default
-- Looking for pthread.h
-- Looking for pthread.h - found
-- Performing Test CMAKE_HAVE_LIBC_PTHREAD
-- Performing Test CMAKE_HAVE_LIBC_PTHREAD - Success
-- Found Threads: TRUE  
-- Found tf2: 0.25.5 (/opt/ros/humble/share/tf2/cmake)
-- Found tf2_ros: 0.25.5 (/opt/ros/humble/share/tf2_ros/cmake)
-- Found turtlesim: 1.4.2 (/opt/ros/humble/share/turtlesim/cmake)
-- Found ament_lint_auto: 0.12.10 (/opt/ros/humble/share/ament_lint_auto/cmake)
-- Added test 'cppcheck' to perform static code analysis on C / C++ code
-- Configured cppcheck include dirs: 
-- Configured cppcheck exclude dirs and/or files: 
-- Added test 'flake8' to check Python code syntax and style conventions
-- Added test 'lint_cmake' to check CMake code style
-- Added test 'pep257' to check Python code against some of the docstring style conventions in PEP 257
-- Added test 'uncrustify' to check C / C++ code style
-- Configured uncrustify additional arguments: 
-- Added test 'xmllint' to check XML markup files
-- Configuring done
-- Generating done
-- Build files have been written to: /home/x311/town_ws/src/build/learning_tf_cpp
[ 12%] [32mBuilding CXX object CMakeFiles/static_tf_broadcaster.dir/src/static_tf_broadcaster.cpp.o[0m
[ 25%] [32m[1mLinking CXX executable static_tf_broadcaster[0m
[ 25%] Built target static_tf_broadcaster
[ 37%] [32mBuilding CXX object CMakeFiles/turtle_following.dir/src/turtle_following.cpp.o[0m
[ 50%] [32m[1mLinking CXX executable turtle_following[0m
[ 50%] Built target turtle_following
[ 62%] [32mBuilding CXX object CMakeFiles/tf_listener.dir/src/tf_listener.cpp.o[0m
[ 75%] [32m[1mLinking CXX executable tf_listener[0m
[ 75%] Built target tf_listener
[ 87%] [32mBuilding CXX object CMakeFiles/turtle_tf_broadcaster.dir/src/turtle_tf_broadcaster.cpp.o[0m
[100%] [32m[1mLinking CXX executable turtle_tf_broadcaster[0m
[100%] Built target turtle_tf_broadcaster
-- Install configuration: ""
-- Installing: /home/x311/town_ws/src/install/learning_tf_cpp/lib/learning_tf_cpp/static_tf_broadcaster
-- Set runtime path of "/home/x311/town_ws/src/install/learning_tf_cpp/lib/learning_tf_cpp/static_tf_broadcaster" to ""
-- Installing: /home/x311/town_ws/src/install/learning_tf_cpp/lib/learning_tf_cpp/turtle_tf_broadcaster
-- Set runtime path of "/home/x311/town_ws/src/install/learning_tf_cpp/lib/learning_tf_cpp/turtle_tf_broadcaster" to ""
-- Installing: /home/x311/town_ws/src/install/learning_tf_cpp/lib/learning_tf_cpp/tf_listener
-- Set runtime path of "/home/x311/town_ws/src/install/learning_tf_cpp/lib/learning_tf_cpp/tf_listener" to ""
-- Installing: /home/x311/town_ws/src/install/learning_tf_cpp/lib/learning_tf_cpp/turtle_following
-- Set runtime path of "/home/x311/town_ws/src/install/learning_tf_cpp/lib/learning_tf_cpp/turtle_following" to ""
-- Installing: /home/x311/town_ws/src/install/learning_tf_cpp/share/learning_tf_cpp//launch
-- Installing: /home/x311/town_ws/src/install/learning_tf_cpp/share/learning_tf_cpp//launch/turtle_following_demo.launch.py
-- Installing: /home/x311/town_ws/src/install/learning_tf_cpp/share/ament_index/resource_index/package_run_dependencies/learning_tf_cpp
-- Installing: /home/x311/town_ws/src/install/learning_tf_cpp/share/ament_index/resource_index/parent_prefix_path/learning_tf_cpp
-- Installing: /home/x311/town_ws/src/install/learning_tf_cpp/share/learning_tf_cpp/environment/ament_prefix_path.sh
-- Installing: /home/x311/town_ws/src/install/learning_tf_cpp/share/learning_tf_cpp/environment/ament_prefix_path.dsv
-- Installing: /home/x311/town_ws/src/install/learning_tf_cpp/share/learning_tf_cpp/environment/path.sh
-- Installing: /home/x311/town_ws/src/install/learning_tf_cpp/share/learning_tf_cpp/environment/path.dsv
-- Installing: /home/x311/town_ws/src/install/learning_tf_cpp/share/learning_tf_cpp/local_setup.bash
-- Installing: /home/x311/town_ws/src/install/learning_tf_cpp/share/learning_tf_cpp/local_setup.sh
-- Installing: /home/x311/town_ws/src/install/learning_tf_cpp/share/learning_tf_cpp/local_setup.zsh
-- Installing: /home/x311/town_ws/src/install/learning_tf_cpp/share/learning_tf_cpp/local_setup.dsv
-- Installing: /home/x311/town_ws/src/install/learning_tf_cpp/share/learning_tf_cpp/package.dsv
-- Installing: /home/x311/town_ws/src/install/learning_tf_cpp/share/ament_index/resource_index/packages/learning_tf_cpp
-- Installing: /home/x311/town_ws/src/install/learning_tf_cpp/share/learning_tf_cpp/cmake/learning_tf_cppConfig.cmake
-- Installing: /home/x311/town_ws/src/install/learning_tf_cpp/share/learning_tf_cpp/cmake/learning_tf_cppConfig-version.cmake
-- Installing: /home/x311/town_ws/src/install/learning_tf_cpp/share/learning_tf_cpp/package.xml
