[2.570s] DEBUG:colcon:Command line arguments: ['/usr/bin/colcon', 'build', '--packages-select', 'learning_gazebo']
[2.570s] DEBUG:colcon:Parsed command line arguments: Namespace(log_base=None, log_level=None, verb_name='build', build_base='build', install_base='install', merge_install=False, symlink_install=False, test_result_base=None, continue_on_error=False, executor='parallel', parallel_workers=4, event_handlers=None, ignore_user_meta=False, metas=['./colcon.meta'], base_paths=['.'], packages_ignore=None, packages_ignore_regex=None, paths=None, packages_up_to=None, packages_up_to_regex=None, packages_above=None, packages_above_and_dependencies=None, packages_above_depth=None, packages_select_by_dep=None, packages_skip_by_dep=None, packages_skip_up_to=None, packages_select_build_failed=False, packages_skip_build_finished=False, packages_select_test_failures=False, packages_skip_test_passed=False, packages_select=['learning_gazebo'], packages_skip=None, packages_select_regex=None, packages_skip_regex=None, packages_start=None, packages_end=None, allow_overriding=[], cmake_args=None, cmake_target=None, cmake_target_skip_unavailable=False, cmake_clean_cache=False, cmake_clean_first=False, cmake_force_configure=False, ament_cmake_args=None, catkin_cmake_args=None, catkin_skip_building_tests=False, verb_parser=<colcon_defaults.argument_parser.defaults.DefaultArgumentsDecorator object at 0x7f58193ad720>, verb_extension=<colcon_core.verb.build.BuildVerb object at 0x7f58193ac100>, main=<bound method BuildVerb.main of <colcon_core.verb.build.BuildVerb object at 0x7f58193ac100>>)
[2.693s] Level 1:colcon.colcon_core.package_discovery:discover_packages(colcon_meta) check parameters
[2.693s] Level 1:colcon.colcon_core.package_discovery:discover_packages(recursive) check parameters
[2.693s] Level 1:colcon.colcon_core.package_discovery:discover_packages(ignore) check parameters
[2.693s] Level 1:colcon.colcon_core.package_discovery:discover_packages(path) check parameters
[2.693s] Level 1:colcon.colcon_core.package_discovery:discover_packages(colcon_meta) discover
[2.693s] Level 1:colcon.colcon_core.package_discovery:discover_packages(recursive) discover
[2.693s] INFO:colcon.colcon_core.package_discovery:Crawling recursively for packages in '/home/x311/town_ws/src'
[2.694s] Level 1:colcon.colcon_core.package_identification:_identify(.) by extensions ['ignore', 'ignore_ament_install']
[2.695s] Level 1:colcon.colcon_core.package_identification:_identify(.) by extension 'ignore'
[2.695s] Level 1:colcon.colcon_core.package_identification:_identify(.) by extension 'ignore_ament_install'
[2.695s] Level 1:colcon.colcon_core.package_identification:_identify(.) by extensions ['colcon_pkg']
[2.695s] Level 1:colcon.colcon_core.package_identification:_identify(.) by extension 'colcon_pkg'
[2.696s] Level 1:colcon.colcon_core.package_identification:_identify(.) by extensions ['colcon_meta']
[2.696s] Level 1:colcon.colcon_core.package_identification:_identify(.) by extension 'colcon_meta'
[2.696s] Level 1:colcon.colcon_core.package_identification:_identify(.) by extensions ['ros']
[2.696s] Level 1:colcon.colcon_core.package_identification:_identify(.) by extension 'ros'
[2.724s] Level 1:colcon.colcon_core.package_identification:_identify(.) by extensions ['cmake', 'python']
[2.724s] Level 1:colcon.colcon_core.package_identification:_identify(.) by extension 'cmake'
[2.724s] Level 1:colcon.colcon_core.package_identification:_identify(.) by extension 'python'
[2.724s] Level 1:colcon.colcon_core.package_identification:_identify(.) by extensions ['python_setup_py']
[2.724s] Level 1:colcon.colcon_core.package_identification:_identify(.) by extension 'python_setup_py'
[2.725s] Level 1:colcon.colcon_core.package_identification:_identify(build) by extensions ['ignore', 'ignore_ament_install']
[2.725s] Level 1:colcon.colcon_core.package_identification:_identify(build) by extension 'ignore'
[2.725s] Level 1:colcon.colcon_core.package_identification:_identify(build) ignored
[2.725s] Level 1:colcon.colcon_core.package_identification:_identify(install) by extensions ['ignore', 'ignore_ament_install']
[2.726s] Level 1:colcon.colcon_core.package_identification:_identify(install) by extension 'ignore'
[2.726s] Level 1:colcon.colcon_core.package_identification:_identify(install) ignored
[2.726s] Level 1:colcon.colcon_core.package_identification:_identify(log) by extensions ['ignore', 'ignore_ament_install']
[2.726s] Level 1:colcon.colcon_core.package_identification:_identify(log) by extension 'ignore'
[2.726s] Level 1:colcon.colcon_core.package_identification:_identify(log) ignored
[2.726s] Level 1:colcon.colcon_core.package_identification:_identify(ros2_21_tutorials) by extensions ['ignore', 'ignore_ament_install']
[2.727s] Level 1:colcon.colcon_core.package_identification:_identify(ros2_21_tutorials) by extension 'ignore'
[2.727s] Level 1:colcon.colcon_core.package_identification:_identify(ros2_21_tutorials) by extension 'ignore_ament_install'
[2.727s] Level 1:colcon.colcon_core.package_identification:_identify(ros2_21_tutorials) by extensions ['colcon_pkg']
[2.727s] Level 1:colcon.colcon_core.package_identification:_identify(ros2_21_tutorials) by extension 'colcon_pkg'
[2.727s] Level 1:colcon.colcon_core.package_identification:_identify(ros2_21_tutorials) by extensions ['colcon_meta']
[2.728s] Level 1:colcon.colcon_core.package_identification:_identify(ros2_21_tutorials) by extension 'colcon_meta'
[2.728s] Level 1:colcon.colcon_core.package_identification:_identify(ros2_21_tutorials) by extensions ['ros']
[2.728s] Level 1:colcon.colcon_core.package_identification:_identify(ros2_21_tutorials) by extension 'ros'
[2.729s] Level 1:colcon.colcon_core.package_identification:_identify(ros2_21_tutorials) by extensions ['cmake', 'python']
[2.729s] Level 1:colcon.colcon_core.package_identification:_identify(ros2_21_tutorials) by extension 'cmake'
[2.729s] Level 1:colcon.colcon_core.package_identification:_identify(ros2_21_tutorials) by extension 'python'
[2.729s] Level 1:colcon.colcon_core.package_identification:_identify(ros2_21_tutorials) by extensions ['python_setup_py']
[2.729s] Level 1:colcon.colcon_core.package_identification:_identify(ros2_21_tutorials) by extension 'python_setup_py'
[2.729s] Level 1:colcon.colcon_core.package_identification:_identify(ros2_21_tutorials/docs) by extensions ['ignore', 'ignore_ament_install']
[2.730s] Level 1:colcon.colcon_core.package_identification:_identify(ros2_21_tutorials/docs) by extension 'ignore'
[2.730s] Level 1:colcon.colcon_core.package_identification:_identify(ros2_21_tutorials/docs) by extension 'ignore_ament_install'
[2.730s] Level 1:colcon.colcon_core.package_identification:_identify(ros2_21_tutorials/docs) by extensions ['colcon_pkg']
[2.730s] Level 1:colcon.colcon_core.package_identification:_identify(ros2_21_tutorials/docs) by extension 'colcon_pkg'
[2.730s] Level 1:colcon.colcon_core.package_identification:_identify(ros2_21_tutorials/docs) by extensions ['colcon_meta']
[2.730s] Level 1:colcon.colcon_core.package_identification:_identify(ros2_21_tutorials/docs) by extension 'colcon_meta'
[2.730s] Level 1:colcon.colcon_core.package_identification:_identify(ros2_21_tutorials/docs) by extensions ['ros']
[2.730s] Level 1:colcon.colcon_core.package_identification:_identify(ros2_21_tutorials/docs) by extension 'ros'
[2.731s] Level 1:colcon.colcon_core.package_identification:_identify(ros2_21_tutorials/docs) by extensions ['cmake', 'python']
[2.731s] Level 1:colcon.colcon_core.package_identification:_identify(ros2_21_tutorials/docs) by extension 'cmake'
[2.731s] Level 1:colcon.colcon_core.package_identification:_identify(ros2_21_tutorials/docs) by extension 'python'
[2.731s] Level 1:colcon.colcon_core.package_identification:_identify(ros2_21_tutorials/docs) by extensions ['python_setup_py']
[2.731s] Level 1:colcon.colcon_core.package_identification:_identify(ros2_21_tutorials/docs) by extension 'python_setup_py'
[2.731s] Level 1:colcon.colcon_core.package_identification:_identify(ros2_21_tutorials/docs/images) by extensions ['ignore', 'ignore_ament_install']
[2.732s] Level 1:colcon.colcon_core.package_identification:_identify(ros2_21_tutorials/docs/images) by extension 'ignore'
[2.732s] Level 1:colcon.colcon_core.package_identification:_identify(ros2_21_tutorials/docs/images) by extension 'ignore_ament_install'
[2.732s] Level 1:colcon.colcon_core.package_identification:_identify(ros2_21_tutorials/docs/images) by extensions ['colcon_pkg']
[2.732s] Level 1:colcon.colcon_core.package_identification:_identify(ros2_21_tutorials/docs/images) by extension 'colcon_pkg'
[2.732s] Level 1:colcon.colcon_core.package_identification:_identify(ros2_21_tutorials/docs/images) by extensions ['colcon_meta']
[2.732s] Level 1:colcon.colcon_core.package_identification:_identify(ros2_21_tutorials/docs/images) by extension 'colcon_meta'
[2.732s] Level 1:colcon.colcon_core.package_identification:_identify(ros2_21_tutorials/docs/images) by extensions ['ros']
[2.732s] Level 1:colcon.colcon_core.package_identification:_identify(ros2_21_tutorials/docs/images) by extension 'ros'
[2.733s] Level 1:colcon.colcon_core.package_identification:_identify(ros2_21_tutorials/docs/images) by extensions ['cmake', 'python']
[2.733s] Level 1:colcon.colcon_core.package_identification:_identify(ros2_21_tutorials/docs/images) by extension 'cmake'
[2.733s] Level 1:colcon.colcon_core.package_identification:_identify(ros2_21_tutorials/docs/images) by extension 'python'
[2.733s] Level 1:colcon.colcon_core.package_identification:_identify(ros2_21_tutorials/docs/images) by extensions ['python_setup_py']
[2.733s] Level 1:colcon.colcon_core.package_identification:_identify(ros2_21_tutorials/docs/images) by extension 'python_setup_py'
[2.733s] Level 1:colcon.colcon_core.package_identification:_identify(ros2_21_tutorials/learning_action) by extensions ['ignore', 'ignore_ament_install']
[2.733s] Level 1:colcon.colcon_core.package_identification:_identify(ros2_21_tutorials/learning_action) by extension 'ignore'
[2.733s] Level 1:colcon.colcon_core.package_identification:_identify(ros2_21_tutorials/learning_action) by extension 'ignore_ament_install'
[2.734s] Level 1:colcon.colcon_core.package_identification:_identify(ros2_21_tutorials/learning_action) by extensions ['colcon_pkg']
[2.734s] Level 1:colcon.colcon_core.package_identification:_identify(ros2_21_tutorials/learning_action) by extension 'colcon_pkg'
[2.734s] Level 1:colcon.colcon_core.package_identification:_identify(ros2_21_tutorials/learning_action) by extensions ['colcon_meta']
[2.734s] Level 1:colcon.colcon_core.package_identification:_identify(ros2_21_tutorials/learning_action) by extension 'colcon_meta'
[2.734s] Level 1:colcon.colcon_core.package_identification:_identify(ros2_21_tutorials/learning_action) by extensions ['ros']
[2.734s] Level 1:colcon.colcon_core.package_identification:_identify(ros2_21_tutorials/learning_action) by extension 'ros'
[2.740s] DEBUG:colcon.colcon_core.package_identification:Package 'ros2_21_tutorials/learning_action' with type 'ros.ament_python' and name 'learning_action'
[2.740s] Level 1:colcon.colcon_core.package_identification:_identify(ros2_21_tutorials/learning_action_cpp) by extensions ['ignore', 'ignore_ament_install']
[2.741s] Level 1:colcon.colcon_core.package_identification:_identify(ros2_21_tutorials/learning_action_cpp) by extension 'ignore'
[2.741s] Level 1:colcon.colcon_core.package_identification:_identify(ros2_21_tutorials/learning_action_cpp) by extension 'ignore_ament_install'
[2.741s] Level 1:colcon.colcon_core.package_identification:_identify(ros2_21_tutorials/learning_action_cpp) by extensions ['colcon_pkg']
[2.741s] Level 1:colcon.colcon_core.package_identification:_identify(ros2_21_tutorials/learning_action_cpp) by extension 'colcon_pkg'
[2.741s] Level 1:colcon.colcon_core.package_identification:_identify(ros2_21_tutorials/learning_action_cpp) by extensions ['colcon_meta']
[2.741s] Level 1:colcon.colcon_core.package_identification:_identify(ros2_21_tutorials/learning_action_cpp) by extension 'colcon_meta'
[2.741s] Level 1:colcon.colcon_core.package_identification:_identify(ros2_21_tutorials/learning_action_cpp) by extensions ['ros']
[2.741s] Level 1:colcon.colcon_core.package_identification:_identify(ros2_21_tutorials/learning_action_cpp) by extension 'ros'
[2.743s] DEBUG:colcon.colcon_core.package_identification:Package 'ros2_21_tutorials/learning_action_cpp' with type 'ros.ament_cmake' and name 'learning_action_cpp'
[2.743s] Level 1:colcon.colcon_core.package_identification:_identify(ros2_21_tutorials/learning_cv) by extensions ['ignore', 'ignore_ament_install']
[2.743s] Level 1:colcon.colcon_core.package_identification:_identify(ros2_21_tutorials/learning_cv) by extension 'ignore'
[2.743s] Level 1:colcon.colcon_core.package_identification:_identify(ros2_21_tutorials/learning_cv) by extension 'ignore_ament_install'
[2.743s] Level 1:colcon.colcon_core.package_identification:_identify(ros2_21_tutorials/learning_cv) by extensions ['colcon_pkg']
[2.744s] Level 1:colcon.colcon_core.package_identification:_identify(ros2_21_tutorials/learning_cv) by extension 'colcon_pkg'
[2.745s] Level 1:colcon.colcon_core.package_identification:_identify(ros2_21_tutorials/learning_cv) by extensions ['colcon_meta']
[2.745s] Level 1:colcon.colcon_core.package_identification:_identify(ros2_21_tutorials/learning_cv) by extension 'colcon_meta'
[2.745s] Level 1:colcon.colcon_core.package_identification:_identify(ros2_21_tutorials/learning_cv) by extensions ['ros']
[2.745s] Level 1:colcon.colcon_core.package_identification:_identify(ros2_21_tutorials/learning_cv) by extension 'ros'
[2.747s] DEBUG:colcon.colcon_core.package_identification:Package 'ros2_21_tutorials/learning_cv' with type 'ros.ament_python' and name 'learning_cv'
[2.748s] Level 1:colcon.colcon_core.package_identification:_identify(ros2_21_tutorials/learning_gazebo) by extensions ['ignore', 'ignore_ament_install']
[2.748s] Level 1:colcon.colcon_core.package_identification:_identify(ros2_21_tutorials/learning_gazebo) by extension 'ignore'
[2.748s] Level 1:colcon.colcon_core.package_identification:_identify(ros2_21_tutorials/learning_gazebo) by extension 'ignore_ament_install'
[2.748s] Level 1:colcon.colcon_core.package_identification:_identify(ros2_21_tutorials/learning_gazebo) by extensions ['colcon_pkg']
[2.748s] Level 1:colcon.colcon_core.package_identification:_identify(ros2_21_tutorials/learning_gazebo) by extension 'colcon_pkg'
[2.749s] Level 1:colcon.colcon_core.package_identification:_identify(ros2_21_tutorials/learning_gazebo) by extensions ['colcon_meta']
[2.749s] Level 1:colcon.colcon_core.package_identification:_identify(ros2_21_tutorials/learning_gazebo) by extension 'colcon_meta'
[2.749s] Level 1:colcon.colcon_core.package_identification:_identify(ros2_21_tutorials/learning_gazebo) by extensions ['ros']
[2.749s] Level 1:colcon.colcon_core.package_identification:_identify(ros2_21_tutorials/learning_gazebo) by extension 'ros'
[2.750s] DEBUG:colcon.colcon_core.package_identification:Package 'ros2_21_tutorials/learning_gazebo' with type 'ros.ament_python' and name 'learning_gazebo'
[2.750s] Level 1:colcon.colcon_core.package_identification:_identify(ros2_21_tutorials/learning_gazebo_fortress) by extensions ['ignore', 'ignore_ament_install']
[2.750s] Level 1:colcon.colcon_core.package_identification:_identify(ros2_21_tutorials/learning_gazebo_fortress) by extension 'ignore'
[2.751s] Level 1:colcon.colcon_core.package_identification:_identify(ros2_21_tutorials/learning_gazebo_fortress) by extension 'ignore_ament_install'
[2.751s] Level 1:colcon.colcon_core.package_identification:_identify(ros2_21_tutorials/learning_gazebo_fortress) by extensions ['colcon_pkg']
[2.751s] Level 1:colcon.colcon_core.package_identification:_identify(ros2_21_tutorials/learning_gazebo_fortress) by extension 'colcon_pkg'
[2.751s] Level 1:colcon.colcon_core.package_identification:_identify(ros2_21_tutorials/learning_gazebo_fortress) by extensions ['colcon_meta']
[2.751s] Level 1:colcon.colcon_core.package_identification:_identify(ros2_21_tutorials/learning_gazebo_fortress) by extension 'colcon_meta'
[2.751s] Level 1:colcon.colcon_core.package_identification:_identify(ros2_21_tutorials/learning_gazebo_fortress) by extensions ['ros']
[2.751s] Level 1:colcon.colcon_core.package_identification:_identify(ros2_21_tutorials/learning_gazebo_fortress) by extension 'ros'
[2.752s] DEBUG:colcon.colcon_core.package_identification:Package 'ros2_21_tutorials/learning_gazebo_fortress' with type 'ros.ament_python' and name 'learning_gazebo_fortress'
[2.752s] Level 1:colcon.colcon_core.package_identification:_identify(ros2_21_tutorials/learning_interface) by extensions ['ignore', 'ignore_ament_install']
[2.753s] Level 1:colcon.colcon_core.package_identification:_identify(ros2_21_tutorials/learning_interface) by extension 'ignore'
[2.753s] Level 1:colcon.colcon_core.package_identification:_identify(ros2_21_tutorials/learning_interface) by extension 'ignore_ament_install'
[2.753s] Level 1:colcon.colcon_core.package_identification:_identify(ros2_21_tutorials/learning_interface) by extensions ['colcon_pkg']
[2.753s] Level 1:colcon.colcon_core.package_identification:_identify(ros2_21_tutorials/learning_interface) by extension 'colcon_pkg'
[2.753s] Level 1:colcon.colcon_core.package_identification:_identify(ros2_21_tutorials/learning_interface) by extensions ['colcon_meta']
[2.753s] Level 1:colcon.colcon_core.package_identification:_identify(ros2_21_tutorials/learning_interface) by extension 'colcon_meta'
[2.753s] Level 1:colcon.colcon_core.package_identification:_identify(ros2_21_tutorials/learning_interface) by extensions ['ros']
[2.753s] Level 1:colcon.colcon_core.package_identification:_identify(ros2_21_tutorials/learning_interface) by extension 'ros'
[2.755s] DEBUG:colcon.colcon_core.package_identification:Package 'ros2_21_tutorials/learning_interface' with type 'ros.ament_cmake' and name 'learning_interface'
[2.755s] Level 1:colcon.colcon_core.package_identification:_identify(ros2_21_tutorials/learning_launch) by extensions ['ignore', 'ignore_ament_install']
[2.755s] Level 1:colcon.colcon_core.package_identification:_identify(ros2_21_tutorials/learning_launch) by extension 'ignore'
[2.755s] Level 1:colcon.colcon_core.package_identification:_identify(ros2_21_tutorials/learning_launch) by extension 'ignore_ament_install'
[2.756s] Level 1:colcon.colcon_core.package_identification:_identify(ros2_21_tutorials/learning_launch) by extensions ['colcon_pkg']
[2.756s] Level 1:colcon.colcon_core.package_identification:_identify(ros2_21_tutorials/learning_launch) by extension 'colcon_pkg'
[2.756s] Level 1:colcon.colcon_core.package_identification:_identify(ros2_21_tutorials/learning_launch) by extensions ['colcon_meta']
[2.756s] Level 1:colcon.colcon_core.package_identification:_identify(ros2_21_tutorials/learning_launch) by extension 'colcon_meta'
[2.756s] Level 1:colcon.colcon_core.package_identification:_identify(ros2_21_tutorials/learning_launch) by extensions ['ros']
[2.756s] Level 1:colcon.colcon_core.package_identification:_identify(ros2_21_tutorials/learning_launch) by extension 'ros'
[2.757s] DEBUG:colcon.colcon_core.package_identification:Package 'ros2_21_tutorials/learning_launch' with type 'ros.ament_python' and name 'learning_launch'
[2.757s] Level 1:colcon.colcon_core.package_identification:_identify(ros2_21_tutorials/learning_node) by extensions ['ignore', 'ignore_ament_install']
[2.757s] Level 1:colcon.colcon_core.package_identification:_identify(ros2_21_tutorials/learning_node) by extension 'ignore'
[2.758s] Level 1:colcon.colcon_core.package_identification:_identify(ros2_21_tutorials/learning_node) by extension 'ignore_ament_install'
[2.758s] Level 1:colcon.colcon_core.package_identification:_identify(ros2_21_tutorials/learning_node) by extensions ['colcon_pkg']
[2.758s] Level 1:colcon.colcon_core.package_identification:_identify(ros2_21_tutorials/learning_node) by extension 'colcon_pkg'
[2.758s] Level 1:colcon.colcon_core.package_identification:_identify(ros2_21_tutorials/learning_node) by extensions ['colcon_meta']
[2.758s] Level 1:colcon.colcon_core.package_identification:_identify(ros2_21_tutorials/learning_node) by extension 'colcon_meta'
[2.758s] Level 1:colcon.colcon_core.package_identification:_identify(ros2_21_tutorials/learning_node) by extensions ['ros']
[2.758s] Level 1:colcon.colcon_core.package_identification:_identify(ros2_21_tutorials/learning_node) by extension 'ros'
[2.759s] DEBUG:colcon.colcon_core.package_identification:Package 'ros2_21_tutorials/learning_node' with type 'ros.ament_python' and name 'learning_node'
[2.759s] Level 1:colcon.colcon_core.package_identification:_identify(ros2_21_tutorials/learning_node_cpp) by extensions ['ignore', 'ignore_ament_install']
[2.759s] Level 1:colcon.colcon_core.package_identification:_identify(ros2_21_tutorials/learning_node_cpp) by extension 'ignore'
[2.760s] Level 1:colcon.colcon_core.package_identification:_identify(ros2_21_tutorials/learning_node_cpp) by extension 'ignore_ament_install'
[2.760s] Level 1:colcon.colcon_core.package_identification:_identify(ros2_21_tutorials/learning_node_cpp) by extensions ['colcon_pkg']
[2.760s] Level 1:colcon.colcon_core.package_identification:_identify(ros2_21_tutorials/learning_node_cpp) by extension 'colcon_pkg'
[2.761s] Level 1:colcon.colcon_core.package_identification:_identify(ros2_21_tutorials/learning_node_cpp) by extensions ['colcon_meta']
[2.761s] Level 1:colcon.colcon_core.package_identification:_identify(ros2_21_tutorials/learning_node_cpp) by extension 'colcon_meta'
[2.762s] Level 1:colcon.colcon_core.package_identification:_identify(ros2_21_tutorials/learning_node_cpp) by extensions ['ros']
[2.762s] Level 1:colcon.colcon_core.package_identification:_identify(ros2_21_tutorials/learning_node_cpp) by extension 'ros'
[2.763s] DEBUG:colcon.colcon_core.package_identification:Package 'ros2_21_tutorials/learning_node_cpp' with type 'ros.ament_cmake' and name 'learning_node_cpp'
[2.763s] Level 1:colcon.colcon_core.package_identification:_identify(ros2_21_tutorials/learning_parameter) by extensions ['ignore', 'ignore_ament_install']
[2.764s] Level 1:colcon.colcon_core.package_identification:_identify(ros2_21_tutorials/learning_parameter) by extension 'ignore'
[2.764s] Level 1:colcon.colcon_core.package_identification:_identify(ros2_21_tutorials/learning_parameter) by extension 'ignore_ament_install'
[2.764s] Level 1:colcon.colcon_core.package_identification:_identify(ros2_21_tutorials/learning_parameter) by extensions ['colcon_pkg']
[2.764s] Level 1:colcon.colcon_core.package_identification:_identify(ros2_21_tutorials/learning_parameter) by extension 'colcon_pkg'
[2.765s] Level 1:colcon.colcon_core.package_identification:_identify(ros2_21_tutorials/learning_parameter) by extensions ['colcon_meta']
[2.765s] Level 1:colcon.colcon_core.package_identification:_identify(ros2_21_tutorials/learning_parameter) by extension 'colcon_meta'
[2.765s] Level 1:colcon.colcon_core.package_identification:_identify(ros2_21_tutorials/learning_parameter) by extensions ['ros']
[2.765s] Level 1:colcon.colcon_core.package_identification:_identify(ros2_21_tutorials/learning_parameter) by extension 'ros'
[2.766s] DEBUG:colcon.colcon_core.package_identification:Package 'ros2_21_tutorials/learning_parameter' with type 'ros.ament_python' and name 'learning_parameter'
[2.767s] Level 1:colcon.colcon_core.package_identification:_identify(ros2_21_tutorials/learning_parameter_cpp) by extensions ['ignore', 'ignore_ament_install']
[2.767s] Level 1:colcon.colcon_core.package_identification:_identify(ros2_21_tutorials/learning_parameter_cpp) by extension 'ignore'
[2.767s] Level 1:colcon.colcon_core.package_identification:_identify(ros2_21_tutorials/learning_parameter_cpp) by extension 'ignore_ament_install'
[2.768s] Level 1:colcon.colcon_core.package_identification:_identify(ros2_21_tutorials/learning_parameter_cpp) by extensions ['colcon_pkg']
[2.768s] Level 1:colcon.colcon_core.package_identification:_identify(ros2_21_tutorials/learning_parameter_cpp) by extension 'colcon_pkg'
[2.768s] Level 1:colcon.colcon_core.package_identification:_identify(ros2_21_tutorials/learning_parameter_cpp) by extensions ['colcon_meta']
[2.768s] Level 1:colcon.colcon_core.package_identification:_identify(ros2_21_tutorials/learning_parameter_cpp) by extension 'colcon_meta'
[2.768s] Level 1:colcon.colcon_core.package_identification:_identify(ros2_21_tutorials/learning_parameter_cpp) by extensions ['ros']
[2.768s] Level 1:colcon.colcon_core.package_identification:_identify(ros2_21_tutorials/learning_parameter_cpp) by extension 'ros'
[2.769s] DEBUG:colcon.colcon_core.package_identification:Package 'ros2_21_tutorials/learning_parameter_cpp' with type 'ros.ament_cmake' and name 'learning_parameter_cpp'
[2.769s] Level 1:colcon.colcon_core.package_identification:_identify(ros2_21_tutorials/learning_pkg_c) by extensions ['ignore', 'ignore_ament_install']
[2.770s] Level 1:colcon.colcon_core.package_identification:_identify(ros2_21_tutorials/learning_pkg_c) by extension 'ignore'
[2.770s] Level 1:colcon.colcon_core.package_identification:_identify(ros2_21_tutorials/learning_pkg_c) by extension 'ignore_ament_install'
[2.770s] Level 1:colcon.colcon_core.package_identification:_identify(ros2_21_tutorials/learning_pkg_c) by extensions ['colcon_pkg']
[2.770s] Level 1:colcon.colcon_core.package_identification:_identify(ros2_21_tutorials/learning_pkg_c) by extension 'colcon_pkg'
[2.770s] Level 1:colcon.colcon_core.package_identification:_identify(ros2_21_tutorials/learning_pkg_c) by extensions ['colcon_meta']
[2.770s] Level 1:colcon.colcon_core.package_identification:_identify(ros2_21_tutorials/learning_pkg_c) by extension 'colcon_meta'
[2.770s] Level 1:colcon.colcon_core.package_identification:_identify(ros2_21_tutorials/learning_pkg_c) by extensions ['ros']
[2.770s] Level 1:colcon.colcon_core.package_identification:_identify(ros2_21_tutorials/learning_pkg_c) by extension 'ros'
[2.771s] DEBUG:colcon.colcon_core.package_identification:Package 'ros2_21_tutorials/learning_pkg_c' with type 'ros.ament_cmake' and name 'learning_pkg_c'
[2.772s] Level 1:colcon.colcon_core.package_identification:_identify(ros2_21_tutorials/learning_pkg_python) by extensions ['ignore', 'ignore_ament_install']
[2.772s] Level 1:colcon.colcon_core.package_identification:_identify(ros2_21_tutorials/learning_pkg_python) by extension 'ignore'
[2.772s] Level 1:colcon.colcon_core.package_identification:_identify(ros2_21_tutorials/learning_pkg_python) by extension 'ignore_ament_install'
[2.772s] Level 1:colcon.colcon_core.package_identification:_identify(ros2_21_tutorials/learning_pkg_python) by extensions ['colcon_pkg']
[2.772s] Level 1:colcon.colcon_core.package_identification:_identify(ros2_21_tutorials/learning_pkg_python) by extension 'colcon_pkg'
[2.772s] Level 1:colcon.colcon_core.package_identification:_identify(ros2_21_tutorials/learning_pkg_python) by extensions ['colcon_meta']
[2.772s] Level 1:colcon.colcon_core.package_identification:_identify(ros2_21_tutorials/learning_pkg_python) by extension 'colcon_meta'
[2.773s] Level 1:colcon.colcon_core.package_identification:_identify(ros2_21_tutorials/learning_pkg_python) by extensions ['ros']
[2.773s] Level 1:colcon.colcon_core.package_identification:_identify(ros2_21_tutorials/learning_pkg_python) by extension 'ros'
[2.774s] DEBUG:colcon.colcon_core.package_identification:Package 'ros2_21_tutorials/learning_pkg_python' with type 'ros.ament_python' and name 'learning_pkg_python'
[2.774s] Level 1:colcon.colcon_core.package_identification:_identify(ros2_21_tutorials/learning_qos) by extensions ['ignore', 'ignore_ament_install']
[2.775s] Level 1:colcon.colcon_core.package_identification:_identify(ros2_21_tutorials/learning_qos) by extension 'ignore'
[2.775s] Level 1:colcon.colcon_core.package_identification:_identify(ros2_21_tutorials/learning_qos) by extension 'ignore_ament_install'
[2.775s] Level 1:colcon.colcon_core.package_identification:_identify(ros2_21_tutorials/learning_qos) by extensions ['colcon_pkg']
[2.775s] Level 1:colcon.colcon_core.package_identification:_identify(ros2_21_tutorials/learning_qos) by extension 'colcon_pkg'
[2.775s] Level 1:colcon.colcon_core.package_identification:_identify(ros2_21_tutorials/learning_qos) by extensions ['colcon_meta']
[2.775s] Level 1:colcon.colcon_core.package_identification:_identify(ros2_21_tutorials/learning_qos) by extension 'colcon_meta'
[2.776s] Level 1:colcon.colcon_core.package_identification:_identify(ros2_21_tutorials/learning_qos) by extensions ['ros']
[2.776s] Level 1:colcon.colcon_core.package_identification:_identify(ros2_21_tutorials/learning_qos) by extension 'ros'
[2.778s] DEBUG:colcon.colcon_core.package_identification:Package 'ros2_21_tutorials/learning_qos' with type 'ros.ament_python' and name 'learning_qos'
[2.778s] Level 1:colcon.colcon_core.package_identification:_identify(ros2_21_tutorials/learning_service) by extensions ['ignore', 'ignore_ament_install']
[2.778s] Level 1:colcon.colcon_core.package_identification:_identify(ros2_21_tutorials/learning_service) by extension 'ignore'
[2.779s] Level 1:colcon.colcon_core.package_identification:_identify(ros2_21_tutorials/learning_service) by extension 'ignore_ament_install'
[2.779s] Level 1:colcon.colcon_core.package_identification:_identify(ros2_21_tutorials/learning_service) by extensions ['colcon_pkg']
[2.779s] Level 1:colcon.colcon_core.package_identification:_identify(ros2_21_tutorials/learning_service) by extension 'colcon_pkg'
[2.779s] Level 1:colcon.colcon_core.package_identification:_identify(ros2_21_tutorials/learning_service) by extensions ['colcon_meta']
[2.779s] Level 1:colcon.colcon_core.package_identification:_identify(ros2_21_tutorials/learning_service) by extension 'colcon_meta'
[2.779s] Level 1:colcon.colcon_core.package_identification:_identify(ros2_21_tutorials/learning_service) by extensions ['ros']
[2.779s] Level 1:colcon.colcon_core.package_identification:_identify(ros2_21_tutorials/learning_service) by extension 'ros'
[2.781s] DEBUG:colcon.colcon_core.package_identification:Package 'ros2_21_tutorials/learning_service' with type 'ros.ament_python' and name 'learning_service'
[2.781s] Level 1:colcon.colcon_core.package_identification:_identify(ros2_21_tutorials/learning_service_cpp) by extensions ['ignore', 'ignore_ament_install']
[2.781s] Level 1:colcon.colcon_core.package_identification:_identify(ros2_21_tutorials/learning_service_cpp) by extension 'ignore'
[2.781s] Level 1:colcon.colcon_core.package_identification:_identify(ros2_21_tutorials/learning_service_cpp) by extension 'ignore_ament_install'
[2.781s] Level 1:colcon.colcon_core.package_identification:_identify(ros2_21_tutorials/learning_service_cpp) by extensions ['colcon_pkg']
[2.781s] Level 1:colcon.colcon_core.package_identification:_identify(ros2_21_tutorials/learning_service_cpp) by extension 'colcon_pkg'
[2.781s] Level 1:colcon.colcon_core.package_identification:_identify(ros2_21_tutorials/learning_service_cpp) by extensions ['colcon_meta']
[2.782s] Level 1:colcon.colcon_core.package_identification:_identify(ros2_21_tutorials/learning_service_cpp) by extension 'colcon_meta'
[2.782s] Level 1:colcon.colcon_core.package_identification:_identify(ros2_21_tutorials/learning_service_cpp) by extensions ['ros']
[2.782s] Level 1:colcon.colcon_core.package_identification:_identify(ros2_21_tutorials/learning_service_cpp) by extension 'ros'
[2.783s] DEBUG:colcon.colcon_core.package_identification:Package 'ros2_21_tutorials/learning_service_cpp' with type 'ros.ament_cmake' and name 'learning_service_cpp'
[2.783s] Level 1:colcon.colcon_core.package_identification:_identify(ros2_21_tutorials/learning_tf) by extensions ['ignore', 'ignore_ament_install']
[2.783s] Level 1:colcon.colcon_core.package_identification:_identify(ros2_21_tutorials/learning_tf) by extension 'ignore'
[2.783s] Level 1:colcon.colcon_core.package_identification:_identify(ros2_21_tutorials/learning_tf) by extension 'ignore_ament_install'
[2.784s] Level 1:colcon.colcon_core.package_identification:_identify(ros2_21_tutorials/learning_tf) by extensions ['colcon_pkg']
[2.784s] Level 1:colcon.colcon_core.package_identification:_identify(ros2_21_tutorials/learning_tf) by extension 'colcon_pkg'
[2.784s] Level 1:colcon.colcon_core.package_identification:_identify(ros2_21_tutorials/learning_tf) by extensions ['colcon_meta']
[2.784s] Level 1:colcon.colcon_core.package_identification:_identify(ros2_21_tutorials/learning_tf) by extension 'colcon_meta'
[2.784s] Level 1:colcon.colcon_core.package_identification:_identify(ros2_21_tutorials/learning_tf) by extensions ['ros']
[2.784s] Level 1:colcon.colcon_core.package_identification:_identify(ros2_21_tutorials/learning_tf) by extension 'ros'
[2.785s] DEBUG:colcon.colcon_core.package_identification:Package 'ros2_21_tutorials/learning_tf' with type 'ros.ament_python' and name 'learning_tf'
[2.786s] Level 1:colcon.colcon_core.package_identification:_identify(ros2_21_tutorials/learning_tf_cpp) by extensions ['ignore', 'ignore_ament_install']
[2.786s] Level 1:colcon.colcon_core.package_identification:_identify(ros2_21_tutorials/learning_tf_cpp) by extension 'ignore'
[2.786s] Level 1:colcon.colcon_core.package_identification:_identify(ros2_21_tutorials/learning_tf_cpp) by extension 'ignore_ament_install'
[2.786s] Level 1:colcon.colcon_core.package_identification:_identify(ros2_21_tutorials/learning_tf_cpp) by extensions ['colcon_pkg']
[2.786s] Level 1:colcon.colcon_core.package_identification:_identify(ros2_21_tutorials/learning_tf_cpp) by extension 'colcon_pkg'
[2.786s] Level 1:colcon.colcon_core.package_identification:_identify(ros2_21_tutorials/learning_tf_cpp) by extensions ['colcon_meta']
[2.786s] Level 1:colcon.colcon_core.package_identification:_identify(ros2_21_tutorials/learning_tf_cpp) by extension 'colcon_meta'
[2.786s] Level 1:colcon.colcon_core.package_identification:_identify(ros2_21_tutorials/learning_tf_cpp) by extensions ['ros']
[2.787s] Level 1:colcon.colcon_core.package_identification:_identify(ros2_21_tutorials/learning_tf_cpp) by extension 'ros'
[2.788s] DEBUG:colcon.colcon_core.package_identification:Package 'ros2_21_tutorials/learning_tf_cpp' with type 'ros.ament_cmake' and name 'learning_tf_cpp'
[2.788s] Level 1:colcon.colcon_core.package_identification:_identify(ros2_21_tutorials/learning_topic) by extensions ['ignore', 'ignore_ament_install']
[2.789s] Level 1:colcon.colcon_core.package_identification:_identify(ros2_21_tutorials/learning_topic) by extension 'ignore'
[2.789s] Level 1:colcon.colcon_core.package_identification:_identify(ros2_21_tutorials/learning_topic) by extension 'ignore_ament_install'
[2.789s] Level 1:colcon.colcon_core.package_identification:_identify(ros2_21_tutorials/learning_topic) by extensions ['colcon_pkg']
[2.789s] Level 1:colcon.colcon_core.package_identification:_identify(ros2_21_tutorials/learning_topic) by extension 'colcon_pkg'
[2.789s] Level 1:colcon.colcon_core.package_identification:_identify(ros2_21_tutorials/learning_topic) by extensions ['colcon_meta']
[2.789s] Level 1:colcon.colcon_core.package_identification:_identify(ros2_21_tutorials/learning_topic) by extension 'colcon_meta'
[2.789s] Level 1:colcon.colcon_core.package_identification:_identify(ros2_21_tutorials/learning_topic) by extensions ['ros']
[2.789s] Level 1:colcon.colcon_core.package_identification:_identify(ros2_21_tutorials/learning_topic) by extension 'ros'
[2.791s] DEBUG:colcon.colcon_core.package_identification:Package 'ros2_21_tutorials/learning_topic' with type 'ros.ament_python' and name 'learning_topic'
[2.791s] Level 1:colcon.colcon_core.package_identification:_identify(ros2_21_tutorials/learning_topic_cpp) by extensions ['ignore', 'ignore_ament_install']
[2.791s] Level 1:colcon.colcon_core.package_identification:_identify(ros2_21_tutorials/learning_topic_cpp) by extension 'ignore'
[2.792s] Level 1:colcon.colcon_core.package_identification:_identify(ros2_21_tutorials/learning_topic_cpp) by extension 'ignore_ament_install'
[2.792s] Level 1:colcon.colcon_core.package_identification:_identify(ros2_21_tutorials/learning_topic_cpp) by extensions ['colcon_pkg']
[2.792s] Level 1:colcon.colcon_core.package_identification:_identify(ros2_21_tutorials/learning_topic_cpp) by extension 'colcon_pkg'
[2.792s] Level 1:colcon.colcon_core.package_identification:_identify(ros2_21_tutorials/learning_topic_cpp) by extensions ['colcon_meta']
[2.792s] Level 1:colcon.colcon_core.package_identification:_identify(ros2_21_tutorials/learning_topic_cpp) by extension 'colcon_meta'
[2.792s] Level 1:colcon.colcon_core.package_identification:_identify(ros2_21_tutorials/learning_topic_cpp) by extensions ['ros']
[2.792s] Level 1:colcon.colcon_core.package_identification:_identify(ros2_21_tutorials/learning_topic_cpp) by extension 'ros'
[2.793s] DEBUG:colcon.colcon_core.package_identification:Package 'ros2_21_tutorials/learning_topic_cpp' with type 'ros.ament_cmake' and name 'learning_topic_cpp'
[2.794s] Level 1:colcon.colcon_core.package_identification:_identify(ros2_21_tutorials/learning_urdf) by extensions ['ignore', 'ignore_ament_install']
[2.795s] Level 1:colcon.colcon_core.package_identification:_identify(ros2_21_tutorials/learning_urdf) by extension 'ignore'
[2.795s] Level 1:colcon.colcon_core.package_identification:_identify(ros2_21_tutorials/learning_urdf) by extension 'ignore_ament_install'
[2.795s] Level 1:colcon.colcon_core.package_identification:_identify(ros2_21_tutorials/learning_urdf) by extensions ['colcon_pkg']
[2.795s] Level 1:colcon.colcon_core.package_identification:_identify(ros2_21_tutorials/learning_urdf) by extension 'colcon_pkg'
[2.796s] Level 1:colcon.colcon_core.package_identification:_identify(ros2_21_tutorials/learning_urdf) by extensions ['colcon_meta']
[2.796s] Level 1:colcon.colcon_core.package_identification:_identify(ros2_21_tutorials/learning_urdf) by extension 'colcon_meta'
[2.796s] Level 1:colcon.colcon_core.package_identification:_identify(ros2_21_tutorials/learning_urdf) by extensions ['ros']
[2.796s] Level 1:colcon.colcon_core.package_identification:_identify(ros2_21_tutorials/learning_urdf) by extension 'ros'
[2.797s] DEBUG:colcon.colcon_core.package_identification:Package 'ros2_21_tutorials/learning_urdf' with type 'ros.ament_python' and name 'learning_urdf'
[2.798s] Level 1:colcon.colcon_core.package_identification:_identify(ros2_21_tutorials/python) by extensions ['ignore', 'ignore_ament_install']
[2.798s] Level 1:colcon.colcon_core.package_identification:_identify(ros2_21_tutorials/python) by extension 'ignore'
[2.798s] Level 1:colcon.colcon_core.package_identification:_identify(ros2_21_tutorials/python) by extension 'ignore_ament_install'
[2.798s] Level 1:colcon.colcon_core.package_identification:_identify(ros2_21_tutorials/python) by extensions ['colcon_pkg']
[2.798s] Level 1:colcon.colcon_core.package_identification:_identify(ros2_21_tutorials/python) by extension 'colcon_pkg'
[2.799s] Level 1:colcon.colcon_core.package_identification:_identify(ros2_21_tutorials/python) by extensions ['colcon_meta']
[2.799s] Level 1:colcon.colcon_core.package_identification:_identify(ros2_21_tutorials/python) by extension 'colcon_meta'
[2.799s] Level 1:colcon.colcon_core.package_identification:_identify(ros2_21_tutorials/python) by extensions ['ros']
[2.799s] Level 1:colcon.colcon_core.package_identification:_identify(ros2_21_tutorials/python) by extension 'ros'
[2.799s] Level 1:colcon.colcon_core.package_identification:_identify(ros2_21_tutorials/python) by extensions ['cmake', 'python']
[2.799s] Level 1:colcon.colcon_core.package_identification:_identify(ros2_21_tutorials/python) by extension 'cmake'
[2.799s] Level 1:colcon.colcon_core.package_identification:_identify(ros2_21_tutorials/python) by extension 'python'
[2.800s] Level 1:colcon.colcon_core.package_identification:_identify(ros2_21_tutorials/python) by extensions ['python_setup_py']
[2.800s] Level 1:colcon.colcon_core.package_identification:_identify(ros2_21_tutorials/python) by extension 'python_setup_py'
[2.800s] Level 1:colcon.colcon_core.package_identification:_identify(village_li) by extensions ['ignore', 'ignore_ament_install']
[2.800s] Level 1:colcon.colcon_core.package_identification:_identify(village_li) by extension 'ignore'
[2.800s] Level 1:colcon.colcon_core.package_identification:_identify(village_li) by extension 'ignore_ament_install'
[2.800s] Level 1:colcon.colcon_core.package_identification:_identify(village_li) by extensions ['colcon_pkg']
[2.800s] Level 1:colcon.colcon_core.package_identification:_identify(village_li) by extension 'colcon_pkg'
[2.800s] Level 1:colcon.colcon_core.package_identification:_identify(village_li) by extensions ['colcon_meta']
[2.801s] Level 1:colcon.colcon_core.package_identification:_identify(village_li) by extension 'colcon_meta'
[2.801s] Level 1:colcon.colcon_core.package_identification:_identify(village_li) by extensions ['ros']
[2.801s] Level 1:colcon.colcon_core.package_identification:_identify(village_li) by extension 'ros'
[2.802s] DEBUG:colcon.colcon_core.package_identification:Package 'village_li' with type 'ros.ament_python' and name 'village_li'
[2.802s] Level 1:colcon.colcon_core.package_identification:_identify(village_wang) by extensions ['ignore', 'ignore_ament_install']
[2.802s] Level 1:colcon.colcon_core.package_identification:_identify(village_wang) by extension 'ignore'
[2.802s] Level 1:colcon.colcon_core.package_identification:_identify(village_wang) by extension 'ignore_ament_install'
[2.803s] Level 1:colcon.colcon_core.package_identification:_identify(village_wang) by extensions ['colcon_pkg']
[2.803s] Level 1:colcon.colcon_core.package_identification:_identify(village_wang) by extension 'colcon_pkg'
[2.803s] Level 1:colcon.colcon_core.package_identification:_identify(village_wang) by extensions ['colcon_meta']
[2.803s] Level 1:colcon.colcon_core.package_identification:_identify(village_wang) by extension 'colcon_meta'
[2.803s] Level 1:colcon.colcon_core.package_identification:_identify(village_wang) by extensions ['ros']
[2.803s] Level 1:colcon.colcon_core.package_identification:_identify(village_wang) by extension 'ros'
[2.804s] DEBUG:colcon.colcon_core.package_identification:Package 'village_wang' with type 'ros.ament_cmake' and name 'village_wang'
[2.804s] Level 1:colcon.colcon_core.package_discovery:discover_packages(recursive) using defaults
[2.804s] Level 1:colcon.colcon_core.package_discovery:discover_packages(ignore) discover
[2.804s] Level 1:colcon.colcon_core.package_discovery:discover_packages(ignore) using defaults
[2.805s] Level 1:colcon.colcon_core.package_discovery:discover_packages(path) discover
[2.805s] Level 1:colcon.colcon_core.package_discovery:discover_packages(path) using defaults
[3.001s] INFO:colcon.colcon_core.package_selection:Skipping not selected package 'learning_cv' in 'ros2_21_tutorials/learning_cv'
[3.001s] INFO:colcon.colcon_core.package_selection:Skipping not selected package 'learning_gazebo_fortress' in 'ros2_21_tutorials/learning_gazebo_fortress'
[3.001s] INFO:colcon.colcon_core.package_selection:Skipping not selected package 'learning_interface' in 'ros2_21_tutorials/learning_interface'
[3.001s] INFO:colcon.colcon_core.package_selection:Skipping not selected package 'learning_launch' in 'ros2_21_tutorials/learning_launch'
[3.001s] INFO:colcon.colcon_core.package_selection:Skipping not selected package 'learning_node' in 'ros2_21_tutorials/learning_node'
[3.001s] INFO:colcon.colcon_core.package_selection:Skipping not selected package 'learning_node_cpp' in 'ros2_21_tutorials/learning_node_cpp'
[3.001s] INFO:colcon.colcon_core.package_selection:Skipping not selected package 'learning_parameter' in 'ros2_21_tutorials/learning_parameter'
[3.001s] INFO:colcon.colcon_core.package_selection:Skipping not selected package 'learning_parameter_cpp' in 'ros2_21_tutorials/learning_parameter_cpp'
[3.002s] INFO:colcon.colcon_core.package_selection:Skipping not selected package 'learning_pkg_c' in 'ros2_21_tutorials/learning_pkg_c'
[3.002s] INFO:colcon.colcon_core.package_selection:Skipping not selected package 'learning_pkg_python' in 'ros2_21_tutorials/learning_pkg_python'
[3.002s] INFO:colcon.colcon_core.package_selection:Skipping not selected package 'learning_qos' in 'ros2_21_tutorials/learning_qos'
[3.002s] INFO:colcon.colcon_core.package_selection:Skipping not selected package 'learning_tf' in 'ros2_21_tutorials/learning_tf'
[3.002s] INFO:colcon.colcon_core.package_selection:Skipping not selected package 'learning_tf_cpp' in 'ros2_21_tutorials/learning_tf_cpp'
[3.002s] INFO:colcon.colcon_core.package_selection:Skipping not selected package 'learning_topic_cpp' in 'ros2_21_tutorials/learning_topic_cpp'
[3.002s] INFO:colcon.colcon_core.package_selection:Skipping not selected package 'learning_urdf' in 'ros2_21_tutorials/learning_urdf'
[3.002s] INFO:colcon.colcon_core.package_selection:Skipping not selected package 'village_li' in 'village_li'
[3.002s] INFO:colcon.colcon_core.package_selection:Skipping not selected package 'village_wang' in 'village_wang'
[3.002s] INFO:colcon.colcon_core.package_selection:Skipping not selected package 'learning_action' in 'ros2_21_tutorials/learning_action'
[3.002s] INFO:colcon.colcon_core.package_selection:Skipping not selected package 'learning_action_cpp' in 'ros2_21_tutorials/learning_action_cpp'
[3.003s] INFO:colcon.colcon_core.package_selection:Skipping not selected package 'learning_service' in 'ros2_21_tutorials/learning_service'
[3.003s] INFO:colcon.colcon_core.package_selection:Skipping not selected package 'learning_service_cpp' in 'ros2_21_tutorials/learning_service_cpp'
[3.003s] INFO:colcon.colcon_core.package_selection:Skipping not selected package 'learning_topic' in 'ros2_21_tutorials/learning_topic'
[3.102s] Level 1:colcon.colcon_core.package_discovery:discover_packages(prefix_path) check parameters
[3.102s] Level 1:colcon.colcon_core.package_discovery:discover_packages(prefix_path) discover
[3.219s] DEBUG:colcon.colcon_installed_package_information.package_discovery:Found 330 installed packages in /opt/ros/humble
[3.224s] Level 1:colcon.colcon_core.package_discovery:discover_packages(prefix_path) using defaults
[3.615s] Level 5:colcon.colcon_core.verb:set package 'learning_gazebo' build argument 'cmake_args' from command line to 'None'
[3.616s] Level 5:colcon.colcon_core.verb:set package 'learning_gazebo' build argument 'cmake_target' from command line to 'None'
[3.616s] Level 5:colcon.colcon_core.verb:set package 'learning_gazebo' build argument 'cmake_target_skip_unavailable' from command line to 'False'
[3.616s] Level 5:colcon.colcon_core.verb:set package 'learning_gazebo' build argument 'cmake_clean_cache' from command line to 'False'
[3.616s] Level 5:colcon.colcon_core.verb:set package 'learning_gazebo' build argument 'cmake_clean_first' from command line to 'False'
[3.616s] Level 5:colcon.colcon_core.verb:set package 'learning_gazebo' build argument 'cmake_force_configure' from command line to 'False'
[3.616s] Level 5:colcon.colcon_core.verb:set package 'learning_gazebo' build argument 'ament_cmake_args' from command line to 'None'
[3.616s] Level 5:colcon.colcon_core.verb:set package 'learning_gazebo' build argument 'catkin_cmake_args' from command line to 'None'
[3.616s] Level 5:colcon.colcon_core.verb:set package 'learning_gazebo' build argument 'catkin_skip_building_tests' from command line to 'False'
[3.616s] DEBUG:colcon.colcon_core.verb:Building package 'learning_gazebo' with the following arguments: {'ament_cmake_args': None, 'build_base': '/home/x311/town_ws/src/build/learning_gazebo', 'catkin_cmake_args': None, 'catkin_skip_building_tests': False, 'cmake_args': None, 'cmake_clean_cache': False, 'cmake_clean_first': False, 'cmake_force_configure': False, 'cmake_target': None, 'cmake_target_skip_unavailable': False, 'install_base': '/home/x311/town_ws/src/install/learning_gazebo', 'merge_install': False, 'path': '/home/x311/town_ws/src/ros2_21_tutorials/learning_gazebo', 'symlink_install': False, 'test_result_base': None}
[3.661s] INFO:colcon.colcon_core.executor:Executing jobs using 'parallel' executor
[3.708s] DEBUG:colcon.colcon_parallel_executor.executor.parallel:run_until_complete
[3.709s] INFO:colcon.colcon_ros.task.ament_python.build:Building ROS package in '/home/x311/town_ws/src/ros2_21_tutorials/learning_gazebo' with build type 'ament_python'
[3.709s] Level 1:colcon.colcon_core.shell:create_environment_hook('learning_gazebo', 'ament_prefix_path')
[3.775s] INFO:colcon.colcon_core.plugin_system:Skipping extension 'colcon_core.shell.bat': Not used on non-Windows systems
[3.776s] INFO:colcon.colcon_core.shell:Creating environment hook '/home/x311/town_ws/src/install/learning_gazebo/share/learning_gazebo/hook/ament_prefix_path.ps1'
[3.779s] INFO:colcon.colcon_core.shell:Creating environment descriptor '/home/x311/town_ws/src/install/learning_gazebo/share/learning_gazebo/hook/ament_prefix_path.dsv'
[3.781s] INFO:colcon.colcon_core.shell:Creating environment hook '/home/x311/town_ws/src/install/learning_gazebo/share/learning_gazebo/hook/ament_prefix_path.sh'
[3.850s] INFO:colcon.colcon_core.shell:Skip shell extension 'powershell' for command environment: Not usable outside of PowerShell
[3.850s] DEBUG:colcon.colcon_core.shell:Skip shell extension 'dsv' for command environment
[5.017s] INFO:colcon.colcon_core.task.python.build:Building Python package in '/home/x311/town_ws/src/ros2_21_tutorials/learning_gazebo'
[5.083s] INFO:colcon.colcon_core.shell:Skip shell extension 'powershell' for command environment: Not usable outside of PowerShell
[5.083s] DEBUG:colcon.colcon_core.shell:Skip shell extension 'dsv' for command environment
[6.415s] DEBUG:colcon.colcon_core.event_handler.log_command:Invoking command in '/home/x311/town_ws/src/ros2_21_tutorials/learning_gazebo': PYTHONPATH=/home/x311/town_ws/src/build/learning_gazebo/prefix_override:/home/x311/town_ws/src/install/learning_gazebo/lib/python3.10/site-packages:${PYTHONPATH} /usr/bin/python3 setup.py egg_info --egg-base ../../build/learning_gazebo build --build-base /home/x311/town_ws/src/build/learning_gazebo/build install --record /home/x311/town_ws/src/build/learning_gazebo/install.log --single-version-externally-managed
[7.350s] DEBUG:colcon.colcon_core.event_handler.log_command:Invoked command in '/home/x311/town_ws/src/ros2_21_tutorials/learning_gazebo' returned '0': PYTHONPATH=/home/x311/town_ws/src/build/learning_gazebo/prefix_override:/home/x311/town_ws/src/install/learning_gazebo/lib/python3.10/site-packages:${PYTHONPATH} /usr/bin/python3 setup.py egg_info --egg-base ../../build/learning_gazebo build --build-base /home/x311/town_ws/src/build/learning_gazebo/build install --record /home/x311/town_ws/src/build/learning_gazebo/install.log --single-version-externally-managed
[7.410s] Level 1:colcon.colcon_core.environment:checking '/home/x311/town_ws/src/install/learning_gazebo' for CMake module files
[7.412s] Level 1:colcon.colcon_core.environment:checking '/home/x311/town_ws/src/install/learning_gazebo' for CMake config files
[7.414s] Level 1:colcon.colcon_core.environment:checking '/home/x311/town_ws/src/install/learning_gazebo/lib'
[7.415s] Level 1:colcon.colcon_core.environment:checking '/home/x311/town_ws/src/install/learning_gazebo/bin'
[7.415s] Level 1:colcon.colcon_core.environment:checking '/home/x311/town_ws/src/install/learning_gazebo/lib/pkgconfig/learning_gazebo.pc'
[7.415s] Level 1:colcon.colcon_core.environment:checking '/home/x311/town_ws/src/install/learning_gazebo/lib/python3.10/site-packages'
[7.416s] Level 1:colcon.colcon_core.shell:create_environment_hook('learning_gazebo', 'pythonpath')
[7.470s] INFO:colcon.colcon_core.shell:Creating environment hook '/home/x311/town_ws/src/install/learning_gazebo/share/learning_gazebo/hook/pythonpath.ps1'
[7.471s] INFO:colcon.colcon_core.shell:Creating environment descriptor '/home/x311/town_ws/src/install/learning_gazebo/share/learning_gazebo/hook/pythonpath.dsv'
[7.472s] INFO:colcon.colcon_core.shell:Creating environment hook '/home/x311/town_ws/src/install/learning_gazebo/share/learning_gazebo/hook/pythonpath.sh'
[7.473s] Level 1:colcon.colcon_core.environment:checking '/home/x311/town_ws/src/install/learning_gazebo/bin'
[7.474s] Level 1:colcon.colcon_core.environment:create_environment_scripts_only(learning_gazebo)
[7.529s] INFO:colcon.colcon_core.shell:Creating package script '/home/x311/town_ws/src/install/learning_gazebo/share/learning_gazebo/package.ps1'
[7.531s] INFO:colcon.colcon_core.shell:Creating package descriptor '/home/x311/town_ws/src/install/learning_gazebo/share/learning_gazebo/package.dsv'
[7.532s] INFO:colcon.colcon_core.shell:Creating package script '/home/x311/town_ws/src/install/learning_gazebo/share/learning_gazebo/package.sh'
[7.534s] INFO:colcon.colcon_core.shell:Creating package script '/home/x311/town_ws/src/install/learning_gazebo/share/learning_gazebo/package.bash'
[7.536s] INFO:colcon.colcon_core.shell:Creating package script '/home/x311/town_ws/src/install/learning_gazebo/share/learning_gazebo/package.zsh'
[7.537s] Level 1:colcon.colcon_core.environment:create_file_with_runtime_dependencies(/home/x311/town_ws/src/install/learning_gazebo/share/colcon-core/packages/learning_gazebo)
[7.539s] DEBUG:colcon.colcon_parallel_executor.executor.parallel:closing loop
[7.541s] DEBUG:colcon.colcon_parallel_executor.executor.parallel:loop closed
[7.542s] DEBUG:colcon.colcon_parallel_executor.executor.parallel:run_until_complete finished with '0'
[7.542s] DEBUG:colcon.colcon_core.event_reactor:joining thread
[7.644s] INFO:colcon.colcon_core.plugin_system:Skipping extension 'colcon_notification.desktop_notification.terminal_notifier': Not used on non-Darwin systems
[7.644s] INFO:colcon.colcon_core.plugin_system:Skipping extension 'colcon_notification.desktop_notification.win32': Not used on non-Windows systems
[7.646s] INFO:colcon.colcon_notification.desktop_notification:Sending desktop notification using 'notify2'
[7.684s] DEBUG:colcon.colcon_core.event_reactor:joined thread
[7.738s] INFO:colcon.colcon_core.shell:Creating prefix script '/home/x311/town_ws/src/install/local_setup.ps1'
[7.741s] INFO:colcon.colcon_core.shell:Creating prefix util module '/home/x311/town_ws/src/install/_local_setup_util_ps1.py'
[7.744s] INFO:colcon.colcon_core.shell:Creating prefix chain script '/home/x311/town_ws/src/install/setup.ps1'
[7.797s] INFO:colcon.colcon_core.shell:Creating prefix script '/home/x311/town_ws/src/install/local_setup.sh'
[7.799s] INFO:colcon.colcon_core.shell:Creating prefix util module '/home/x311/town_ws/src/install/_local_setup_util_sh.py'
[7.800s] INFO:colcon.colcon_core.shell:Creating prefix chain script '/home/x311/town_ws/src/install/setup.sh'
[7.859s] INFO:colcon.colcon_core.shell:Creating prefix script '/home/x311/town_ws/src/install/local_setup.bash'
[7.860s] INFO:colcon.colcon_core.shell:Creating prefix chain script '/home/x311/town_ws/src/install/setup.bash'
[7.917s] INFO:colcon.colcon_core.shell:Creating prefix script '/home/x311/town_ws/src/install/local_setup.zsh'
[7.918s] INFO:colcon.colcon_core.shell:Creating prefix chain script '/home/x311/town_ws/src/install/setup.zsh'
