[4.202s] Invoking command in '/home/x311/town_ws/src/village_li': PYTHONPATH=/home/x311/town_ws/src/build/village_li/prefix_override:/home/x311/town_ws/src/install/village_li/lib/python3.10/site-packages:${PYTHONPATH} /usr/bin/python3 setup.py egg_info --egg-base ../build/village_li build --build-base /home/x311/town_ws/src/build/village_li/build install --record /home/x311/town_ws/src/build/village_li/install.log --single-version-externally-managed
[5.716s] running egg_info
[5.719s] creating ../build/village_li/village_li.egg-info
[5.720s] writing ../build/village_li/village_li.egg-info/PKG-INFO
[5.723s] writing dependency_links to ../build/village_li/village_li.egg-info/dependency_links.txt
[5.725s] writing entry points to ../build/village_li/village_li.egg-info/entry_points.txt
[5.726s] writing requirements to ../build/village_li/village_li.egg-info/requires.txt
[5.727s] writing top-level names to ../build/village_li/village_li.egg-info/top_level.txt
[5.729s] writing manifest file '../build/village_li/village_li.egg-info/SOURCES.txt'
[5.741s] reading manifest file '../build/village_li/village_li.egg-info/SOURCES.txt'
[5.743s] writing manifest file '../build/village_li/village_li.egg-info/SOURCES.txt'
[5.745s] running build
[5.746s] running build_py
[5.747s] creating /home/x311/town_ws/src/build/village_li/build
[5.748s] creating /home/x311/town_ws/src/build/village_li/build/lib
[5.749s] creating /home/x311/town_ws/src/build/village_li/build/lib/village_li
[5.750s] copying village_li/__init__.py -> /home/x311/town_ws/src/build/village_li/build/lib/village_li
[5.754s] copying village_li/li4 copy.py -> /home/x311/town_ws/src/build/village_li/build/lib/village_li
[5.765s] running install
[5.765s] /usr/lib/python3/dist-packages/setuptools/command/install.py:34: SetuptoolsDeprecationWarning: setup.py install is deprecated. Use build and pip and other standards-based tools.
[5.766s]   warnings.warn(
[5.766s] running install_lib
[5.784s] creating /home/x311/town_ws/src/install/village_li/lib/python3.10/site-packages/village_li
[5.784s] copying /home/x311/town_ws/src/build/village_li/build/lib/village_li/__init__.py -> /home/x311/town_ws/src/install/village_li/lib/python3.10/site-packages/village_li
[5.785s] copying /home/x311/town_ws/src/build/village_li/build/lib/village_li/li4 copy.py -> /home/x311/town_ws/src/install/village_li/lib/python3.10/site-packages/village_li
[5.785s] byte-compiling /home/x311/town_ws/src/install/village_li/lib/python3.10/site-packages/village_li/__init__.py to __init__.cpython-310.pyc
[5.787s] byte-compiling /home/x311/town_ws/src/install/village_li/lib/python3.10/site-packages/village_li/li4 copy.py to li4 copy.cpython-310.pyc
[5.790s] running install_data
[5.797s] creating /home/x311/town_ws/src/install/village_li/share/ament_index
[5.797s] creating /home/x311/town_ws/src/install/village_li/share/ament_index/resource_index
[5.798s] creating /home/x311/town_ws/src/install/village_li/share/ament_index/resource_index/packages
[5.798s] copying resource/village_li -> /home/x311/town_ws/src/install/village_li/share/ament_index/resource_index/packages
[5.798s] copying package.xml -> /home/x311/town_ws/src/install/village_li/share/village_li
[5.798s] running install_egg_info
[5.804s] Copying ../build/village_li/village_li.egg-info to /home/x311/town_ws/src/install/village_li/lib/python3.10/site-packages/village_li-0.0.0-py3.10.egg-info
[5.812s] running install_scripts
[5.911s] Installing li4_node script to /home/x311/town_ws/src/install/village_li/lib/village_li
[5.913s] writing list of installed files to '/home/x311/town_ws/src/build/village_li/install.log'
[6.080s] Invoked command in '/home/x311/town_ws/src/village_li' returned '0': PYTHONPATH=/home/x311/town_ws/src/build/village_li/prefix_override:/home/x311/town_ws/src/install/village_li/lib/python3.10/site-packages:${PYTHONPATH} /usr/bin/python3 setup.py egg_info --egg-base ../build/village_li build --build-base /home/x311/town_ws/src/build/village_li/build install --record /home/x311/town_ws/src/build/village_li/install.log --single-version-externally-managed
