[2.262s] Invoking command in '/home/x311/town_ws/src/build/learning_node_cpp': CMAKE_PREFIX_PATH=/opt/ros/humble /usr/bin/cmake /home/x311/town_ws/src/ros2_21_tutorials/learning_node_cpp -DCMAKE_INSTALL_PREFIX=/home/x311/town_ws/src/install/learning_node_cpp
[2.687s] -- The C compiler identification is GNU 11.4.0
[3.252s] -- The CXX compiler identification is GNU 11.4.0
[3.303s] -- Detecting C compiler ABI info
[3.803s] -- Detecting C compiler ABI info - done
[3.833s] -- Check for working C compiler: /usr/bin/cc - skipped
[3.834s] -- Detecting C compile features
[3.835s] -- Detecting C compile features - done
[3.857s] -- Detecting CXX compiler ABI info
[4.441s] -- Detecting CXX compiler ABI info - done
[4.473s] -- Check for working CXX compiler: /usr/bin/c++ - skipped
[4.474s] -- Detecting CXX compile features
[4.474s] -- Detecting CXX compile features - done
[4.474s] -- Found ament_cmake: 1.3.7 (/opt/ros/humble/share/ament_cmake/cmake)
[5.353s] -- Found Python3: /usr/bin/python3.10 (found version "3.10.12") found components: Interpreter 
[5.799s] -- Found rclcpp: 16.0.8 (/opt/ros/humble/share/rclcpp/cmake)
[6.069s] -- Found rosidl_generator_c: 3.1.5 (/opt/ros/humble/share/rosidl_generator_c/cmake)
[6.104s] -- Found rosidl_adapter: 3.1.5 (/opt/ros/humble/share/rosidl_adapter/cmake)
[6.193s] -- Found rosidl_generator_cpp: 3.1.5 (/opt/ros/humble/share/rosidl_generator_cpp/cmake)
[6.338s] -- Using all available rosidl_typesupport_c: rosidl_typesupport_fastrtps_c;rosidl_typesupport_introspection_c
[6.589s] -- Using all available rosidl_typesupport_cpp: rosidl_typesupport_fastrtps_cpp;rosidl_typesupport_introspection_cpp
[7.385s] -- Found rmw_implementation_cmake: 6.1.1 (/opt/ros/humble/share/rmw_implementation_cmake/cmake)
[7.404s] -- Found rmw_fastrtps_cpp: 6.2.6 (/opt/ros/humble/share/rmw_fastrtps_cpp/cmake)
[8.473s] -- Found OpenSSL: /usr/lib/x86_64-linux-gnu/libcrypto.so (found version "3.0.2")  
[8.720s] -- Found FastRTPS: /opt/ros/humble/include  
[9.137s] -- Using RMW implementation 'rmw_fastrtps_cpp' as default
[9.288s] -- Looking for pthread.h
[9.996s] -- Looking for pthread.h - found
[10.008s] -- Performing Test CMAKE_HAVE_LIBC_PTHREAD
[10.981s] -- Performing Test CMAKE_HAVE_LIBC_PTHREAD - Success
[10.994s] -- Found Threads: TRUE  
[12.953s] -- Found ament_lint_auto: 0.12.10 (/opt/ros/humble/share/ament_lint_auto/cmake)
[13.797s] -- Added test 'cppcheck' to perform static code analysis on C / C++ code
[13.797s] -- Configured cppcheck include dirs: 
[13.797s] -- Configured cppcheck exclude dirs and/or files: 
[13.798s] -- Added test 'lint_cmake' to check CMake code style
[13.813s] -- Added test 'uncrustify' to check C / C++ code style
[13.814s] -- Configured uncrustify additional arguments: 
[13.815s] -- Added test 'xmllint' to check XML markup files
[13.851s] -- Configuring done
[13.963s] -- Generating done
[13.994s] -- Build files have been written to: /home/x311/town_ws/src/build/learning_node_cpp
[14.082s] Invoked command in '/home/x311/town_ws/src/build/learning_node_cpp' returned '0': CMAKE_PREFIX_PATH=/opt/ros/humble /usr/bin/cmake /home/x311/town_ws/src/ros2_21_tutorials/learning_node_cpp -DCMAKE_INSTALL_PREFIX=/home/x311/town_ws/src/install/learning_node_cpp
[14.083s] Invoking command in '/home/x311/town_ws/src/build/learning_node_cpp': CMAKE_PREFIX_PATH=/opt/ros/humble /usr/bin/cmake --build /home/x311/town_ws/src/build/learning_node_cpp -- -j4 -l4
[14.722s] [ 50%] [32mBuilding CXX object CMakeFiles/node_helloworld_class.dir/src/node_helloworld_class.cpp.o[0m
[42.538s] [100%] [32m[1mLinking CXX executable node_helloworld_class[0m
[43.676s] [100%] Built target node_helloworld_class
[43.761s] Invoked command in '/home/x311/town_ws/src/build/learning_node_cpp' returned '0': CMAKE_PREFIX_PATH=/opt/ros/humble /usr/bin/cmake --build /home/x311/town_ws/src/build/learning_node_cpp -- -j4 -l4
[44.061s] Invoking command in '/home/x311/town_ws/src/build/learning_node_cpp': CMAKE_PREFIX_PATH=/opt/ros/humble /usr/bin/cmake --install /home/x311/town_ws/src/build/learning_node_cpp
[44.101s] -- Install configuration: ""
[44.102s] -- Installing: /home/x311/town_ws/src/install/learning_node_cpp/lib/learning_node_cpp/node_helloworld_class
[44.109s] -- Set runtime path of "/home/x311/town_ws/src/install/learning_node_cpp/lib/learning_node_cpp/node_helloworld_class" to ""
[44.110s] -- Installing: /home/x311/town_ws/src/install/learning_node_cpp/share/ament_index/resource_index/package_run_dependencies/learning_node_cpp
[44.110s] -- Installing: /home/x311/town_ws/src/install/learning_node_cpp/share/ament_index/resource_index/parent_prefix_path/learning_node_cpp
[44.110s] -- Installing: /home/x311/town_ws/src/install/learning_node_cpp/share/learning_node_cpp/environment/ament_prefix_path.sh
[44.110s] -- Installing: /home/x311/town_ws/src/install/learning_node_cpp/share/learning_node_cpp/environment/ament_prefix_path.dsv
[44.110s] -- Installing: /home/x311/town_ws/src/install/learning_node_cpp/share/learning_node_cpp/environment/path.sh
[44.111s] -- Installing: /home/x311/town_ws/src/install/learning_node_cpp/share/learning_node_cpp/environment/path.dsv
[44.111s] -- Installing: /home/x311/town_ws/src/install/learning_node_cpp/share/learning_node_cpp/local_setup.bash
[44.125s] -- Installing: /home/x311/town_ws/src/install/learning_node_cpp/share/learning_node_cpp/local_setup.sh
[44.125s] -- Installing: /home/x311/town_ws/src/install/learning_node_cpp/share/learning_node_cpp/local_setup.zsh
[44.126s] -- Installing: /home/x311/town_ws/src/install/learning_node_cpp/share/learning_node_cpp/local_setup.dsv
[44.126s] -- Installing: /home/x311/town_ws/src/install/learning_node_cpp/share/learning_node_cpp/package.dsv
[44.126s] -- Installing: /home/x311/town_ws/src/install/learning_node_cpp/share/ament_index/resource_index/packages/learning_node_cpp
[44.126s] -- Installing: /home/x311/town_ws/src/install/learning_node_cpp/share/learning_node_cpp/cmake/learning_node_cppConfig.cmake
[44.127s] -- Installing: /home/x311/town_ws/src/install/learning_node_cpp/share/learning_node_cpp/cmake/learning_node_cppConfig-version.cmake
[44.133s] -- Installing: /home/x311/town_ws/src/install/learning_node_cpp/share/learning_node_cpp/package.xml
[44.165s] Invoked command in '/home/x311/town_ws/src/build/learning_node_cpp' returned '0': CMAKE_PREFIX_PATH=/opt/ros/humble /usr/bin/cmake --install /home/x311/town_ws/src/build/learning_node_cpp
