[0.911s] Invoking command in '/home/x311/town_ws/src/build/learning_interface': CMAKE_PREFIX_PATH=/opt/ros/humble /usr/bin/cmake /home/x311/town_ws/src/ros2_21_tutorials/learning_interface -DCMAKE_INSTALL_PREFIX=/home/x311/town_ws/src/install/learning_interface
[3.021s] -- The C compiler identification is GNU 11.4.0
[3.021s] -- The CXX compiler identification is GNU 11.4.0
[3.021s] -- Detecting C compiler ABI info
[3.022s] -- Detecting C compiler ABI info - done
[3.022s] -- Check for working C compiler: /usr/bin/cc - skipped
[3.022s] -- Detecting C compile features
[3.022s] -- Detecting C compile features - done
[3.023s] -- Detecting CXX compiler ABI info
[3.023s] -- Detecting CXX compiler ABI info - done
[3.023s] -- Check for working CXX compiler: /usr/bin/c++ - skipped
[3.023s] -- Detecting CXX compile features
[3.024s] -- Detecting CXX compile features - done
[3.024s] -- Found ament_cmake: 1.3.7 (/opt/ros/humble/share/ament_cmake/cmake)
[3.257s] -- Found Python3: /usr/bin/python3.10 (found version "3.10.12") found components: Interpreter 
[3.659s] -- Found rosidl_default_generators: 1.2.0 (/opt/ros/humble/share/rosidl_default_generators/cmake)
[3.679s] -- Using all available rosidl_typesupport_c: rosidl_typesupport_fastrtps_c;rosidl_typesupport_introspection_c
[3.711s] -- Found rosidl_adapter: 3.1.5 (/opt/ros/humble/share/rosidl_adapter/cmake)
[3.957s] -- Using all available rosidl_typesupport_cpp: rosidl_typesupport_fastrtps_cpp;rosidl_typesupport_introspection_cpp
[5.653s] -- Found ament_cmake_ros: 0.10.0 (/opt/ros/humble/share/ament_cmake_ros/cmake)
[6.450s] -- Using all available rosidl_typesupport_c: rosidl_typesupport_fastrtps_c;rosidl_typesupport_introspection_c
[7.398s] -- Using all available rosidl_typesupport_cpp: rosidl_typesupport_fastrtps_cpp;rosidl_typesupport_introspection_cpp
[7.487s] -- Found PythonInterp: /usr/bin/python3 (found suitable version "3.10.12", minimum required is "3.6") 
[7.498s] -- Found python_cmake_module: 0.10.0 (/opt/ros/humble/share/python_cmake_module/cmake)
[7.624s] -- Found PythonLibs: /usr/lib/x86_64-linux-gnu/libpython3.10.so (found suitable version "3.10.12", minimum required is "3.5") 
[7.625s] -- Using PYTHON_EXECUTABLE: /usr/bin/python3
[7.626s] -- Using PYTHON_INCLUDE_DIRS: /usr/include/python3.10
[7.626s] -- Using PYTHON_LIBRARIES: /usr/lib/x86_64-linux-gnu/libpython3.10.so
[7.694s] -- Found PythonExtra: .so  
[7.848s] -- Found ament_lint_auto: 0.12.10 (/opt/ros/humble/share/ament_lint_auto/cmake)
[8.016s] -- Added test 'copyright' to check source files copyright and LICENSE
[8.031s] -- Added test 'lint_cmake' to check CMake code style
[8.052s] -- Added test 'xmllint' to check XML markup files
[8.072s] -- Configuring done
[8.233s] -- Generating done
[8.243s] -- Build files have been written to: /home/x311/town_ws/src/build/learning_interface
[10.155s] Invoked command in '/home/x311/town_ws/src/build/learning_interface' returned '0': CMAKE_PREFIX_PATH=/opt/ros/humble /usr/bin/cmake /home/x311/town_ws/src/ros2_21_tutorials/learning_interface -DCMAKE_INSTALL_PREFIX=/home/x311/town_ws/src/install/learning_interface
[10.160s] Invoking command in '/home/x311/town_ws/src/build/learning_interface': CMAKE_PREFIX_PATH=/opt/ros/humble /usr/bin/cmake --build /home/x311/town_ws/src/build/learning_interface -- -j4 -l4
[10.391s] [  1%] [34m[1mGenerating C code for ROS interfaces[0m
[10.468s] [  3%] [34m[1mGenerating C++ code for ROS interfaces[0m
[10.603s] [  3%] Built target ament_cmake_python_copy_learning_interface
[12.451s] running egg_info
[12.455s] creating learning_interface.egg-info
[12.467s] writing learning_interface.egg-info/PKG-INFO
[12.470s] writing dependency_links to learning_interface.egg-info/dependency_links.txt
[12.472s] writing top-level names to learning_interface.egg-info/top_level.txt
[12.475s] writing manifest file 'learning_interface.egg-info/SOURCES.txt'
[12.483s] reading manifest file 'learning_interface.egg-info/SOURCES.txt'
[12.498s] writing manifest file 'learning_interface.egg-info/SOURCES.txt'
[12.645s] [  3%] Built target ament_cmake_python_build_learning_interface_egg
[14.082s] [  3%] Built target learning_interface__cpp
[14.232s] [  5%] [34m[1mGenerating C++ type support dispatch for ROS interfaces[0m
[14.345s] [  7%] [34m[1mGenerating C++ type support for eProsima Fast-RTPS[0m
[14.521s] [  9%] [34m[1mGenerating C++ introspection for ROS interfaces[0m
[15.594s] [ 10%] [32mBuilding C object CMakeFiles/learning_interface__rosidl_generator_c.dir/rosidl_generator_c/learning_interface/msg/detail/object_position__functions.c.o[0m
[16.103s] [ 12%] [32mBuilding C object CMakeFiles/learning_interface__rosidl_generator_c.dir/rosidl_generator_c/learning_interface/srv/detail/add_two_ints__functions.c.o[0m
[16.482s] [ 14%] [32mBuilding C object CMakeFiles/learning_interface__rosidl_generator_c.dir/rosidl_generator_c/learning_interface/srv/detail/get_object_position__functions.c.o[0m
[16.981s] [ 16%] [32mBuilding C object CMakeFiles/learning_interface__rosidl_generator_c.dir/rosidl_generator_c/learning_interface/action/detail/move_circle__functions.c.o[0m
[17.358s] [ 18%] [32mBuilding CXX object CMakeFiles/learning_interface__rosidl_typesupport_cpp.dir/rosidl_typesupport_cpp/learning_interface/msg/object_position__type_support.cpp.o[0m
[17.937s] [ 20%] [32mBuilding CXX object CMakeFiles/learning_interface__rosidl_typesupport_fastrtps_cpp.dir/rosidl_typesupport_fastrtps_cpp/learning_interface/msg/detail/dds_fastrtps/object_position__type_support.cpp.o[0m
[18.007s] [ 21%] [32m[1mLinking C shared library liblearning_interface__rosidl_generator_c.so[0m
[18.520s] [ 21%] Built target learning_interface__rosidl_generator_c
[18.744s] [ 23%] [34m[1mGenerating C type support for eProsima Fast-RTPS[0m
[18.793s] [ 25%] [32mBuilding CXX object CMakeFiles/learning_interface__rosidl_typesupport_introspection_cpp.dir/rosidl_typesupport_introspection_cpp/learning_interface/msg/detail/object_position__type_support.cpp.o[0m
[21.136s] [ 27%] [32mBuilding CXX object CMakeFiles/learning_interface__rosidl_typesupport_cpp.dir/rosidl_typesupport_cpp/learning_interface/srv/add_two_ints__type_support.cpp.o[0m
[22.137s] [ 29%] [32mBuilding CXX object CMakeFiles/learning_interface__rosidl_typesupport_fastrtps_cpp.dir/rosidl_typesupport_fastrtps_cpp/learning_interface/srv/detail/dds_fastrtps/add_two_ints__type_support.cpp.o[0m
[23.546s] [ 30%] [32mBuilding CXX object CMakeFiles/learning_interface__rosidl_typesupport_cpp.dir/rosidl_typesupport_cpp/learning_interface/srv/get_object_position__type_support.cpp.o[0m
[24.010s] [ 32%] [32mBuilding CXX object CMakeFiles/learning_interface__rosidl_typesupport_introspection_cpp.dir/rosidl_typesupport_introspection_cpp/learning_interface/srv/detail/add_two_ints__type_support.cpp.o[0m
[24.587s] [ 34%] [32mBuilding CXX object CMakeFiles/learning_interface__rosidl_typesupport_fastrtps_c.dir/rosidl_typesupport_fastrtps_c/learning_interface/msg/detail/object_position__type_support_c.cpp.o[0m
[26.704s] [ 36%] [32mBuilding CXX object CMakeFiles/learning_interface__rosidl_typesupport_fastrtps_cpp.dir/rosidl_typesupport_fastrtps_cpp/learning_interface/srv/detail/dds_fastrtps/get_object_position__type_support.cpp.o[0m
[26.849s] [ 38%] [32mBuilding CXX object CMakeFiles/learning_interface__rosidl_typesupport_cpp.dir/rosidl_typesupport_cpp/learning_interface/action/move_circle__type_support.cpp.o[0m
[28.714s] [ 40%] [32mBuilding CXX object CMakeFiles/learning_interface__rosidl_typesupport_introspection_cpp.dir/rosidl_typesupport_introspection_cpp/learning_interface/srv/detail/get_object_position__type_support.cpp.o[0m
[28.942s] [ 41%] [32mBuilding CXX object CMakeFiles/learning_interface__rosidl_typesupport_fastrtps_c.dir/rosidl_typesupport_fastrtps_c/learning_interface/srv/detail/add_two_ints__type_support_c.cpp.o[0m
[31.145s] [ 43%] [32mBuilding CXX object CMakeFiles/learning_interface__rosidl_typesupport_fastrtps_cpp.dir/rosidl_typesupport_fastrtps_cpp/learning_interface/action/detail/dds_fastrtps/move_circle__type_support.cpp.o[0m
[32.293s] [ 45%] [32m[1mLinking CXX shared library liblearning_interface__rosidl_typesupport_cpp.so[0m
[32.599s] [ 47%] [32mBuilding CXX object CMakeFiles/learning_interface__rosidl_typesupport_fastrtps_c.dir/rosidl_typesupport_fastrtps_c/learning_interface/srv/detail/get_object_position__type_support_c.cpp.o[0m
[32.722s] [ 47%] Built target learning_interface__rosidl_typesupport_cpp
[32.879s] [ 49%] [34m[1mGenerating C introspection for ROS interfaces[0m
[33.036s] [ 50%] [32mBuilding CXX object CMakeFiles/learning_interface__rosidl_typesupport_introspection_cpp.dir/rosidl_typesupport_introspection_cpp/learning_interface/action/detail/move_circle__type_support.cpp.o[0m
[36.586s] [ 52%] [32mBuilding CXX object CMakeFiles/learning_interface__rosidl_typesupport_fastrtps_c.dir/rosidl_typesupport_fastrtps_c/learning_interface/action/detail/move_circle__type_support_c.cpp.o[0m
[37.210s] [ 54%] [32mBuilding C object CMakeFiles/learning_interface__rosidl_typesupport_introspection_c.dir/rosidl_typesupport_introspection_c/learning_interface/msg/detail/object_position__type_support.c.o[0m
[37.588s] [ 56%] [32mBuilding C object CMakeFiles/learning_interface__rosidl_typesupport_introspection_c.dir/rosidl_typesupport_introspection_c/learning_interface/srv/detail/add_two_ints__type_support.c.o[0m
[37.648s] [ 58%] [32m[1mLinking CXX shared library liblearning_interface__rosidl_typesupport_fastrtps_cpp.so[0m
[37.945s] [ 60%] [32mBuilding C object CMakeFiles/learning_interface__rosidl_typesupport_introspection_c.dir/rosidl_typesupport_introspection_c/learning_interface/srv/detail/get_object_position__type_support.c.o[0m
[38.412s] [ 61%] [32mBuilding C object CMakeFiles/learning_interface__rosidl_typesupport_introspection_c.dir/rosidl_typesupport_introspection_c/learning_interface/action/detail/move_circle__type_support.c.o[0m
[38.662s] [ 61%] Built target learning_interface__rosidl_typesupport_fastrtps_cpp
[38.970s] [ 63%] [34m[1mGenerating C type support dispatch for ROS interfaces[0m
[39.521s] [ 65%] [32m[1mLinking C shared library liblearning_interface__rosidl_typesupport_introspection_c.so[0m
[40.092s] [ 65%] Built target learning_interface__rosidl_typesupport_introspection_c
[40.145s] [ 67%] [32m[1mLinking CXX shared library liblearning_interface__rosidl_typesupport_introspection_cpp.so[0m
[40.839s] [ 67%] Built target learning_interface__rosidl_typesupport_introspection_cpp
[40.898s] [ 69%] [32m[1mLinking CXX shared library liblearning_interface__rosidl_typesupport_fastrtps_c.so[0m
[41.478s] [ 69%] Built target learning_interface__rosidl_typesupport_fastrtps_c
[42.624s] [ 70%] [32mBuilding CXX object CMakeFiles/learning_interface__rosidl_typesupport_c.dir/rosidl_typesupport_c/learning_interface/msg/object_position__type_support.cpp.o[0m
[42.960s] [ 72%] [32mBuilding CXX object CMakeFiles/learning_interface__rosidl_typesupport_c.dir/rosidl_typesupport_c/learning_interface/action/move_circle__type_support.cpp.o[0m
[43.433s] [ 74%] [32mBuilding CXX object CMakeFiles/learning_interface__rosidl_typesupport_c.dir/rosidl_typesupport_c/learning_interface/srv/get_object_position__type_support.cpp.o[0m
[43.613s] [ 76%] [32mBuilding CXX object CMakeFiles/learning_interface__rosidl_typesupport_c.dir/rosidl_typesupport_c/learning_interface/srv/add_two_ints__type_support.cpp.o[0m
[43.984s] [ 78%] [32m[1mLinking CXX shared library liblearning_interface__rosidl_typesupport_c.so[0m
[44.764s] [ 78%] Built target learning_interface__rosidl_typesupport_c
[44.886s] [ 78%] Built target learning_interface
[45.215s] [ 80%] [34m[1mGenerating Python code for ROS interfaces[0m
[51.746s] [ 80%] Built target learning_interface__py
[51.934s] [ 81%] [32mBuilding C object CMakeFiles/learning_interface__rosidl_generator_py.dir/rosidl_generator_py/learning_interface/msg/_object_position_s.c.o[0m
[52.922s] [ 83%] [32mBuilding C object CMakeFiles/learning_interface__rosidl_generator_py.dir/rosidl_generator_py/learning_interface/action/_move_circle_s.c.o[0m
[53.464s] [ 85%] [32mBuilding C object CMakeFiles/learning_interface__rosidl_generator_py.dir/rosidl_generator_py/learning_interface/srv/_get_object_position_s.c.o[0m
[54.070s] [ 87%] [32mBuilding C object CMakeFiles/learning_interface__rosidl_generator_py.dir/rosidl_generator_py/learning_interface/srv/_add_two_ints_s.c.o[0m
[54.676s] [ 89%] [32m[1mLinking C shared library rosidl_generator_py/learning_interface/liblearning_interface__rosidl_generator_py.so[0m
[54.858s] [ 89%] Built target learning_interface__rosidl_generator_py
[54.962s] [ 90%] [32mBuilding C object CMakeFiles/learning_interface__rosidl_typesupport_fastrtps_c__pyext.dir/rosidl_generator_py/learning_interface/_learning_interface_s.ep.rosidl_typesupport_fastrtps_c.c.o[0m
[55.497s] [ 92%] [32m[1mLinking C shared library rosidl_generator_py/learning_interface/learning_interface_s__rosidl_typesupport_fastrtps_c.cpython-310-x86_64-linux-gnu.so[0m
[55.782s] [ 92%] Built target learning_interface__rosidl_typesupport_fastrtps_c__pyext
[56.027s] [ 94%] [32mBuilding C object CMakeFiles/learning_interface__rosidl_typesupport_c__pyext.dir/rosidl_generator_py/learning_interface/_learning_interface_s.ep.rosidl_typesupport_c.c.o[0m
[56.754s] [ 96%] [32m[1mLinking C shared library rosidl_generator_py/learning_interface/learning_interface_s__rosidl_typesupport_c.cpython-310-x86_64-linux-gnu.so[0m
[57.039s] [ 96%] Built target learning_interface__rosidl_typesupport_c__pyext
[57.219s] [ 98%] [32mBuilding C object CMakeFiles/learning_interface__rosidl_typesupport_introspection_c__pyext.dir/rosidl_generator_py/learning_interface/_learning_interface_s.ep.rosidl_typesupport_introspection_c.c.o[0m
[58.002s] [100%] [32m[1mLinking C shared library rosidl_generator_py/learning_interface/learning_interface_s__rosidl_typesupport_introspection_c.cpython-310-x86_64-linux-gnu.so[0m
[58.387s] [100%] Built target learning_interface__rosidl_typesupport_introspection_c__pyext
[58.466s] Invoked command in '/home/x311/town_ws/src/build/learning_interface' returned '0': CMAKE_PREFIX_PATH=/opt/ros/humble /usr/bin/cmake --build /home/x311/town_ws/src/build/learning_interface -- -j4 -l4
[61.310s] Invoking command in '/home/x311/town_ws/src/build/learning_interface': CMAKE_PREFIX_PATH=/opt/ros/humble /usr/bin/cmake --install /home/x311/town_ws/src/build/learning_interface
[61.350s] -- Install configuration: ""
[61.352s] -- Installing: /home/x311/town_ws/src/install/learning_interface/share/ament_index/resource_index/rosidl_interfaces/learning_interface
[61.353s] -- Installing: /home/x311/town_ws/src/install/learning_interface/include/learning_interface/learning_interface
[61.366s] -- Installing: /home/x311/town_ws/src/install/learning_interface/include/learning_interface/learning_interface/msg
[61.366s] -- Installing: /home/x311/town_ws/src/install/learning_interface/include/learning_interface/learning_interface/msg/rosidl_generator_c__visibility_control.h
[61.368s] -- Installing: /home/x311/town_ws/src/install/learning_interface/include/learning_interface/learning_interface/msg/detail
[61.369s] -- Installing: /home/x311/town_ws/src/install/learning_interface/include/learning_interface/learning_interface/msg/detail/object_position__type_support.h
[61.370s] -- Installing: /home/x311/town_ws/src/install/learning_interface/include/learning_interface/learning_interface/msg/detail/object_position__functions.h
[61.370s] -- Installing: /home/x311/town_ws/src/install/learning_interface/include/learning_interface/learning_interface/msg/detail/object_position__functions.c
[61.371s] -- Installing: /home/x311/town_ws/src/install/learning_interface/include/learning_interface/learning_interface/msg/detail/object_position__struct.h
[61.373s] -- Installing: /home/x311/town_ws/src/install/learning_interface/include/learning_interface/learning_interface/msg/object_position.h
[61.374s] -- Installing: /home/x311/town_ws/src/install/learning_interface/include/learning_interface/learning_interface/srv
[61.377s] -- Installing: /home/x311/town_ws/src/install/learning_interface/include/learning_interface/learning_interface/srv/get_object_position.h
[61.378s] -- Installing: /home/x311/town_ws/src/install/learning_interface/include/learning_interface/learning_interface/srv/detail
[61.379s] -- Installing: /home/x311/town_ws/src/install/learning_interface/include/learning_interface/learning_interface/srv/detail/get_object_position__functions.c
[61.380s] -- Installing: /home/x311/town_ws/src/install/learning_interface/include/learning_interface/learning_interface/srv/detail/get_object_position__functions.h
[61.381s] -- Installing: /home/x311/town_ws/src/install/learning_interface/include/learning_interface/learning_interface/srv/detail/get_object_position__struct.h
[61.382s] -- Installing: /home/x311/town_ws/src/install/learning_interface/include/learning_interface/learning_interface/srv/detail/get_object_position__type_support.h
[61.383s] -- Installing: /home/x311/town_ws/src/install/learning_interface/include/learning_interface/learning_interface/srv/detail/add_two_ints__struct.h
[61.384s] -- Installing: /home/x311/town_ws/src/install/learning_interface/include/learning_interface/learning_interface/srv/detail/add_two_ints__functions.h
[61.386s] -- Installing: /home/x311/town_ws/src/install/learning_interface/include/learning_interface/learning_interface/srv/detail/add_two_ints__type_support.h
[61.394s] -- Installing: /home/x311/town_ws/src/install/learning_interface/include/learning_interface/learning_interface/srv/detail/add_two_ints__functions.c
[61.395s] -- Installing: /home/x311/town_ws/src/install/learning_interface/include/learning_interface/learning_interface/srv/add_two_ints.h
[61.396s] -- Installing: /home/x311/town_ws/src/install/learning_interface/include/learning_interface/learning_interface/action
[61.397s] -- Installing: /home/x311/town_ws/src/install/learning_interface/include/learning_interface/learning_interface/action/move_circle.h
[61.398s] -- Installing: /home/x311/town_ws/src/install/learning_interface/include/learning_interface/learning_interface/action/detail
[61.399s] -- Installing: /home/x311/town_ws/src/install/learning_interface/include/learning_interface/learning_interface/action/detail/move_circle__type_support.h
[61.401s] -- Installing: /home/x311/town_ws/src/install/learning_interface/include/learning_interface/learning_interface/action/detail/move_circle__struct.h
[61.402s] -- Installing: /home/x311/town_ws/src/install/learning_interface/include/learning_interface/learning_interface/action/detail/move_circle__functions.c
[61.403s] -- Installing: /home/x311/town_ws/src/install/learning_interface/include/learning_interface/learning_interface/action/detail/move_circle__functions.h
[61.414s] -- Installing: /home/x311/town_ws/src/install/learning_interface/share/learning_interface/environment/library_path.sh
[61.416s] -- Installing: /home/x311/town_ws/src/install/learning_interface/share/learning_interface/environment/library_path.dsv
[61.418s] -- Installing: /home/x311/town_ws/src/install/learning_interface/lib/liblearning_interface__rosidl_generator_c.so
[61.421s] -- Set runtime path of "/home/x311/town_ws/src/install/learning_interface/lib/liblearning_interface__rosidl_generator_c.so" to ""
[61.422s] -- Up-to-date: /home/x311/town_ws/src/install/learning_interface/include/learning_interface/learning_interface
[61.422s] -- Up-to-date: /home/x311/town_ws/src/install/learning_interface/include/learning_interface/learning_interface/msg
[61.423s] -- Installing: /home/x311/town_ws/src/install/learning_interface/include/learning_interface/learning_interface/msg/rosidl_typesupport_fastrtps_c__visibility_control.h
[61.424s] -- Up-to-date: /home/x311/town_ws/src/install/learning_interface/include/learning_interface/learning_interface/msg/detail
[61.425s] -- Installing: /home/x311/town_ws/src/install/learning_interface/include/learning_interface/learning_interface/msg/detail/object_position__rosidl_typesupport_fastrtps_c.h
[61.426s] -- Up-to-date: /home/x311/town_ws/src/install/learning_interface/include/learning_interface/learning_interface/srv
[61.427s] -- Up-to-date: /home/x311/town_ws/src/install/learning_interface/include/learning_interface/learning_interface/srv/detail
[61.427s] -- Installing: /home/x311/town_ws/src/install/learning_interface/include/learning_interface/learning_interface/srv/detail/get_object_position__rosidl_typesupport_fastrtps_c.h
[61.438s] -- Installing: /home/x311/town_ws/src/install/learning_interface/include/learning_interface/learning_interface/srv/detail/add_two_ints__rosidl_typesupport_fastrtps_c.h
[61.439s] -- Up-to-date: /home/x311/town_ws/src/install/learning_interface/include/learning_interface/learning_interface/action
[61.439s] -- Up-to-date: /home/x311/town_ws/src/install/learning_interface/include/learning_interface/learning_interface/action/detail
[61.440s] -- Installing: /home/x311/town_ws/src/install/learning_interface/include/learning_interface/learning_interface/action/detail/move_circle__rosidl_typesupport_fastrtps_c.h
[61.441s] -- Installing: /home/x311/town_ws/src/install/learning_interface/lib/liblearning_interface__rosidl_typesupport_fastrtps_c.so
[61.444s] -- Set runtime path of "/home/x311/town_ws/src/install/learning_interface/lib/liblearning_interface__rosidl_typesupport_fastrtps_c.so" to ""
[61.444s] -- Up-to-date: /home/x311/town_ws/src/install/learning_interface/include/learning_interface/learning_interface
[61.445s] -- Up-to-date: /home/x311/town_ws/src/install/learning_interface/include/learning_interface/learning_interface/msg
[61.445s] -- Installing: /home/x311/town_ws/src/install/learning_interface/include/learning_interface/learning_interface/msg/rosidl_typesupport_introspection_c__visibility_control.h
[61.446s] -- Up-to-date: /home/x311/town_ws/src/install/learning_interface/include/learning_interface/learning_interface/msg/detail
[61.446s] -- Installing: /home/x311/town_ws/src/install/learning_interface/include/learning_interface/learning_interface/msg/detail/object_position__type_support.c
[61.447s] -- Installing: /home/x311/town_ws/src/install/learning_interface/include/learning_interface/learning_interface/msg/detail/object_position__rosidl_typesupport_introspection_c.h
[61.448s] -- Up-to-date: /home/x311/town_ws/src/install/learning_interface/include/learning_interface/learning_interface/srv
[61.449s] -- Up-to-date: /home/x311/town_ws/src/install/learning_interface/include/learning_interface/learning_interface/srv/detail
[61.449s] -- Installing: /home/x311/town_ws/src/install/learning_interface/include/learning_interface/learning_interface/srv/detail/get_object_position__rosidl_typesupport_introspection_c.h
[61.450s] -- Installing: /home/x311/town_ws/src/install/learning_interface/include/learning_interface/learning_interface/srv/detail/add_two_ints__rosidl_typesupport_introspection_c.h
[61.451s] -- Installing: /home/x311/town_ws/src/install/learning_interface/include/learning_interface/learning_interface/srv/detail/get_object_position__type_support.c
[61.452s] -- Installing: /home/x311/town_ws/src/install/learning_interface/include/learning_interface/learning_interface/srv/detail/add_two_ints__type_support.c
[61.453s] -- Up-to-date: /home/x311/town_ws/src/install/learning_interface/include/learning_interface/learning_interface/action
[61.455s] -- Up-to-date: /home/x311/town_ws/src/install/learning_interface/include/learning_interface/learning_interface/action/detail
[61.455s] -- Installing: /home/x311/town_ws/src/install/learning_interface/include/learning_interface/learning_interface/action/detail/move_circle__rosidl_typesupport_introspection_c.h
[61.469s] -- Installing: /home/x311/town_ws/src/install/learning_interface/include/learning_interface/learning_interface/action/detail/move_circle__type_support.c
[61.471s] -- Installing: /home/x311/town_ws/src/install/learning_interface/lib/liblearning_interface__rosidl_typesupport_introspection_c.so
[61.475s] -- Set runtime path of "/home/x311/town_ws/src/install/learning_interface/lib/liblearning_interface__rosidl_typesupport_introspection_c.so" to ""
[61.475s] -- Installing: /home/x311/town_ws/src/install/learning_interface/lib/liblearning_interface__rosidl_typesupport_c.so
[61.479s] -- Set runtime path of "/home/x311/town_ws/src/install/learning_interface/lib/liblearning_interface__rosidl_typesupport_c.so" to ""
[61.479s] -- Up-to-date: /home/x311/town_ws/src/install/learning_interface/include/learning_interface/learning_interface
[61.480s] -- Up-to-date: /home/x311/town_ws/src/install/learning_interface/include/learning_interface/learning_interface/msg
[61.481s] -- Installing: /home/x311/town_ws/src/install/learning_interface/include/learning_interface/learning_interface/msg/object_position.hpp
[61.481s] -- Up-to-date: /home/x311/town_ws/src/install/learning_interface/include/learning_interface/learning_interface/msg/detail
[61.482s] -- Installing: /home/x311/town_ws/src/install/learning_interface/include/learning_interface/learning_interface/msg/detail/object_position__builder.hpp
[61.483s] -- Installing: /home/x311/town_ws/src/install/learning_interface/include/learning_interface/learning_interface/msg/detail/object_position__struct.hpp
[61.484s] -- Installing: /home/x311/town_ws/src/install/learning_interface/include/learning_interface/learning_interface/msg/detail/object_position__traits.hpp
[61.485s] -- Up-to-date: /home/x311/town_ws/src/install/learning_interface/include/learning_interface/learning_interface/srv
[61.486s] -- Installing: /home/x311/town_ws/src/install/learning_interface/include/learning_interface/learning_interface/srv/get_object_position.hpp
[61.486s] -- Up-to-date: /home/x311/town_ws/src/install/learning_interface/include/learning_interface/learning_interface/srv/detail
[61.487s] -- Installing: /home/x311/town_ws/src/install/learning_interface/include/learning_interface/learning_interface/srv/detail/add_two_ints__struct.hpp
[61.489s] -- Installing: /home/x311/town_ws/src/install/learning_interface/include/learning_interface/learning_interface/srv/detail/add_two_ints__traits.hpp
[61.490s] -- Installing: /home/x311/town_ws/src/install/learning_interface/include/learning_interface/learning_interface/srv/detail/get_object_position__builder.hpp
[61.497s] -- Installing: /home/x311/town_ws/src/install/learning_interface/include/learning_interface/learning_interface/srv/detail/get_object_position__traits.hpp
[61.498s] -- Installing: /home/x311/town_ws/src/install/learning_interface/include/learning_interface/learning_interface/srv/detail/add_two_ints__builder.hpp
[61.500s] -- Installing: /home/x311/town_ws/src/install/learning_interface/include/learning_interface/learning_interface/srv/detail/get_object_position__struct.hpp
[61.501s] -- Installing: /home/x311/town_ws/src/install/learning_interface/include/learning_interface/learning_interface/srv/add_two_ints.hpp
[61.502s] -- Up-to-date: /home/x311/town_ws/src/install/learning_interface/include/learning_interface/learning_interface/action
[61.503s] -- Installing: /home/x311/town_ws/src/install/learning_interface/include/learning_interface/learning_interface/action/move_circle.hpp
[61.504s] -- Up-to-date: /home/x311/town_ws/src/install/learning_interface/include/learning_interface/learning_interface/action/detail
[61.505s] -- Installing: /home/x311/town_ws/src/install/learning_interface/include/learning_interface/learning_interface/action/detail/move_circle__traits.hpp
[61.508s] -- Installing: /home/x311/town_ws/src/install/learning_interface/include/learning_interface/learning_interface/action/detail/move_circle__struct.hpp
[61.509s] -- Installing: /home/x311/town_ws/src/install/learning_interface/include/learning_interface/learning_interface/action/detail/move_circle__builder.hpp
[61.511s] -- Up-to-date: /home/x311/town_ws/src/install/learning_interface/include/learning_interface/learning_interface
[61.511s] -- Up-to-date: /home/x311/town_ws/src/install/learning_interface/include/learning_interface/learning_interface/msg
[61.512s] -- Installing: /home/x311/town_ws/src/install/learning_interface/include/learning_interface/learning_interface/msg/rosidl_typesupport_fastrtps_cpp__visibility_control.h
[61.513s] -- Up-to-date: /home/x311/town_ws/src/install/learning_interface/include/learning_interface/learning_interface/msg/detail
[61.514s] -- Installing: /home/x311/town_ws/src/install/learning_interface/include/learning_interface/learning_interface/msg/detail/object_position__rosidl_typesupport_fastrtps_cpp.hpp
[61.515s] -- Installing: /home/x311/town_ws/src/install/learning_interface/include/learning_interface/learning_interface/msg/detail/dds_fastrtps
[61.516s] -- Up-to-date: /home/x311/town_ws/src/install/learning_interface/include/learning_interface/learning_interface/srv
[61.517s] -- Up-to-date: /home/x311/town_ws/src/install/learning_interface/include/learning_interface/learning_interface/srv/detail
[61.518s] -- Installing: /home/x311/town_ws/src/install/learning_interface/include/learning_interface/learning_interface/srv/detail/get_object_position__rosidl_typesupport_fastrtps_cpp.hpp
[61.519s] -- Installing: /home/x311/town_ws/src/install/learning_interface/include/learning_interface/learning_interface/srv/detail/add_two_ints__rosidl_typesupport_fastrtps_cpp.hpp
[61.520s] -- Installing: /home/x311/town_ws/src/install/learning_interface/include/learning_interface/learning_interface/srv/detail/dds_fastrtps
[61.521s] -- Up-to-date: /home/x311/town_ws/src/install/learning_interface/include/learning_interface/learning_interface/action
[61.521s] -- Up-to-date: /home/x311/town_ws/src/install/learning_interface/include/learning_interface/learning_interface/action/detail
[61.522s] -- Installing: /home/x311/town_ws/src/install/learning_interface/include/learning_interface/learning_interface/action/detail/move_circle__rosidl_typesupport_fastrtps_cpp.hpp
[61.533s] -- Installing: /home/x311/town_ws/src/install/learning_interface/include/learning_interface/learning_interface/action/detail/dds_fastrtps
[61.535s] -- Installing: /home/x311/town_ws/src/install/learning_interface/lib/liblearning_interface__rosidl_typesupport_fastrtps_cpp.so
[61.539s] -- Set runtime path of "/home/x311/town_ws/src/install/learning_interface/lib/liblearning_interface__rosidl_typesupport_fastrtps_cpp.so" to ""
[61.540s] -- Up-to-date: /home/x311/town_ws/src/install/learning_interface/include/learning_interface/learning_interface
[61.541s] -- Up-to-date: /home/x311/town_ws/src/install/learning_interface/include/learning_interface/learning_interface/msg
[61.541s] -- Up-to-date: /home/x311/town_ws/src/install/learning_interface/include/learning_interface/learning_interface/msg/detail
[61.542s] -- Installing: /home/x311/town_ws/src/install/learning_interface/include/learning_interface/learning_interface/msg/detail/object_position__type_support.cpp
[61.543s] -- Installing: /home/x311/town_ws/src/install/learning_interface/include/learning_interface/learning_interface/msg/detail/object_position__rosidl_typesupport_introspection_cpp.hpp
[61.544s] -- Up-to-date: /home/x311/town_ws/src/install/learning_interface/include/learning_interface/learning_interface/srv
[61.544s] -- Up-to-date: /home/x311/town_ws/src/install/learning_interface/include/learning_interface/learning_interface/srv/detail
[61.545s] -- Installing: /home/x311/town_ws/src/install/learning_interface/include/learning_interface/learning_interface/srv/detail/get_object_position__type_support.cpp
[61.546s] -- Installing: /home/x311/town_ws/src/install/learning_interface/include/learning_interface/learning_interface/srv/detail/add_two_ints__type_support.cpp
[61.547s] -- Installing: /home/x311/town_ws/src/install/learning_interface/include/learning_interface/learning_interface/srv/detail/add_two_ints__rosidl_typesupport_introspection_cpp.hpp
[61.548s] -- Installing: /home/x311/town_ws/src/install/learning_interface/include/learning_interface/learning_interface/srv/detail/get_object_position__rosidl_typesupport_introspection_cpp.hpp
[61.555s] -- Up-to-date: /home/x311/town_ws/src/install/learning_interface/include/learning_interface/learning_interface/action
[61.555s] -- Up-to-date: /home/x311/town_ws/src/install/learning_interface/include/learning_interface/learning_interface/action/detail
[61.556s] -- Installing: /home/x311/town_ws/src/install/learning_interface/include/learning_interface/learning_interface/action/detail/move_circle__type_support.cpp
[61.558s] -- Installing: /home/x311/town_ws/src/install/learning_interface/include/learning_interface/learning_interface/action/detail/move_circle__rosidl_typesupport_introspection_cpp.hpp
[61.559s] -- Installing: /home/x311/town_ws/src/install/learning_interface/lib/liblearning_interface__rosidl_typesupport_introspection_cpp.so
[61.562s] -- Set runtime path of "/home/x311/town_ws/src/install/learning_interface/lib/liblearning_interface__rosidl_typesupport_introspection_cpp.so" to ""
[61.565s] -- Installing: /home/x311/town_ws/src/install/learning_interface/lib/liblearning_interface__rosidl_typesupport_cpp.so
[61.572s] -- Set runtime path of "/home/x311/town_ws/src/install/learning_interface/lib/liblearning_interface__rosidl_typesupport_cpp.so" to ""
[61.573s] -- Installing: /home/x311/town_ws/src/install/learning_interface/share/learning_interface/environment/pythonpath.sh
[61.575s] -- Installing: /home/x311/town_ws/src/install/learning_interface/share/learning_interface/environment/pythonpath.dsv
[61.576s] -- Installing: /home/x311/town_ws/src/install/learning_interface/local/lib/python3.10/dist-packages/learning_interface-0.0.0-py3.10.egg-info
[61.577s] -- Installing: /home/x311/town_ws/src/install/learning_interface/local/lib/python3.10/dist-packages/learning_interface-0.0.0-py3.10.egg-info/top_level.txt
[61.589s] -- Installing: /home/x311/town_ws/src/install/learning_interface/local/lib/python3.10/dist-packages/learning_interface-0.0.0-py3.10.egg-info/PKG-INFO
[61.593s] -- Installing: /home/x311/town_ws/src/install/learning_interface/local/lib/python3.10/dist-packages/learning_interface-0.0.0-py3.10.egg-info/SOURCES.txt
[61.594s] -- Installing: /home/x311/town_ws/src/install/learning_interface/local/lib/python3.10/dist-packages/learning_interface-0.0.0-py3.10.egg-info/dependency_links.txt
[61.595s] -- Installing: /home/x311/town_ws/src/install/learning_interface/local/lib/python3.10/dist-packages/learning_interface
[61.597s] -- Installing: /home/x311/town_ws/src/install/learning_interface/local/lib/python3.10/dist-packages/learning_interface/liblearning_interface__rosidl_generator_py.so
[61.598s] -- Installing: /home/x311/town_ws/src/install/learning_interface/local/lib/python3.10/dist-packages/learning_interface/learning_interface_s__rosidl_typesupport_fastrtps_c.cpython-310-x86_64-linux-gnu.so
[61.600s] -- Installing: /home/x311/town_ws/src/install/learning_interface/local/lib/python3.10/dist-packages/learning_interface/_learning_interface_s.ep.rosidl_typesupport_c.c
[61.601s] -- Installing: /home/x311/town_ws/src/install/learning_interface/local/lib/python3.10/dist-packages/learning_interface/msg
[61.602s] -- Installing: /home/x311/town_ws/src/install/learning_interface/local/lib/python3.10/dist-packages/learning_interface/msg/__init__.py
[61.603s] -- Installing: /home/x311/town_ws/src/install/learning_interface/local/lib/python3.10/dist-packages/learning_interface/msg/_object_position_s.c
[61.605s] -- Installing: /home/x311/town_ws/src/install/learning_interface/local/lib/python3.10/dist-packages/learning_interface/msg/_object_position.py
[61.606s] -- Installing: /home/x311/town_ws/src/install/learning_interface/local/lib/python3.10/dist-packages/learning_interface/__init__.py
[61.607s] -- Installing: /home/x311/town_ws/src/install/learning_interface/local/lib/python3.10/dist-packages/learning_interface/learning_interface_s__rosidl_typesupport_c.cpython-310-x86_64-linux-gnu.so
[61.608s] -- Installing: /home/x311/town_ws/src/install/learning_interface/local/lib/python3.10/dist-packages/learning_interface/srv
[61.609s] -- Installing: /home/x311/town_ws/src/install/learning_interface/local/lib/python3.10/dist-packages/learning_interface/srv/_get_object_position_s.c
[61.610s] -- Installing: /home/x311/town_ws/src/install/learning_interface/local/lib/python3.10/dist-packages/learning_interface/srv/_add_two_ints_s.c
[61.612s] -- Installing: /home/x311/town_ws/src/install/learning_interface/local/lib/python3.10/dist-packages/learning_interface/srv/__init__.py
[61.613s] -- Installing: /home/x311/town_ws/src/install/learning_interface/local/lib/python3.10/dist-packages/learning_interface/srv/_get_object_position.py
[61.614s] -- Installing: /home/x311/town_ws/src/install/learning_interface/local/lib/python3.10/dist-packages/learning_interface/srv/_add_two_ints.py
[61.616s] -- Installing: /home/x311/town_ws/src/install/learning_interface/local/lib/python3.10/dist-packages/learning_interface/learning_interface_s__rosidl_typesupport_introspection_c.cpython-310-x86_64-linux-gnu.so
[61.617s] -- Installing: /home/x311/town_ws/src/install/learning_interface/local/lib/python3.10/dist-packages/learning_interface/_learning_interface_s.ep.rosidl_typesupport_introspection_c.c
[61.619s] -- Installing: /home/x311/town_ws/src/install/learning_interface/local/lib/python3.10/dist-packages/learning_interface/action
[61.620s] -- Installing: /home/x311/town_ws/src/install/learning_interface/local/lib/python3.10/dist-packages/learning_interface/action/_move_circle_s.c
[61.621s] -- Installing: /home/x311/town_ws/src/install/learning_interface/local/lib/python3.10/dist-packages/learning_interface/action/_move_circle.py
[61.622s] -- Installing: /home/x311/town_ws/src/install/learning_interface/local/lib/python3.10/dist-packages/learning_interface/action/__init__.py
[61.629s] -- Installing: /home/x311/town_ws/src/install/learning_interface/local/lib/python3.10/dist-packages/learning_interface/_learning_interface_s.ep.rosidl_typesupport_fastrtps_c.c
[61.845s] Listing '/home/x311/town_ws/src/install/learning_interface/local/lib/python3.10/dist-packages/learning_interface'...
[61.846s] Compiling '/home/x311/town_ws/src/install/learning_interface/local/lib/python3.10/dist-packages/learning_interface/__init__.py'...
[61.846s] Listing '/home/x311/town_ws/src/install/learning_interface/local/lib/python3.10/dist-packages/learning_interface/action'...
[61.846s] Compiling '/home/x311/town_ws/src/install/learning_interface/local/lib/python3.10/dist-packages/learning_interface/action/__init__.py'...
[61.846s] Compiling '/home/x311/town_ws/src/install/learning_interface/local/lib/python3.10/dist-packages/learning_interface/action/_move_circle.py'...
[61.847s] Listing '/home/x311/town_ws/src/install/learning_interface/local/lib/python3.10/dist-packages/learning_interface/msg'...
[61.847s] Compiling '/home/x311/town_ws/src/install/learning_interface/local/lib/python3.10/dist-packages/learning_interface/msg/__init__.py'...
[61.858s] Compiling '/home/x311/town_ws/src/install/learning_interface/local/lib/python3.10/dist-packages/learning_interface/msg/_object_position.py'...
[61.859s] Listing '/home/x311/town_ws/src/install/learning_interface/local/lib/python3.10/dist-packages/learning_interface/srv'...
[61.859s] Compiling '/home/x311/town_ws/src/install/learning_interface/local/lib/python3.10/dist-packages/learning_interface/srv/__init__.py'...
[61.859s] Compiling '/home/x311/town_ws/src/install/learning_interface/local/lib/python3.10/dist-packages/learning_interface/srv/_add_two_ints.py'...
[61.860s] Compiling '/home/x311/town_ws/src/install/learning_interface/local/lib/python3.10/dist-packages/learning_interface/srv/_get_object_position.py'...
[61.860s] -- Installing: /home/x311/town_ws/src/install/learning_interface/local/lib/python3.10/dist-packages/learning_interface/learning_interface_s__rosidl_typesupport_fastrtps_c.cpython-310-x86_64-linux-gnu.so
[61.865s] -- Set runtime path of "/home/x311/town_ws/src/install/learning_interface/local/lib/python3.10/dist-packages/learning_interface/learning_interface_s__rosidl_typesupport_fastrtps_c.cpython-310-x86_64-linux-gnu.so" to ""
[61.865s] -- Installing: /home/x311/town_ws/src/install/learning_interface/local/lib/python3.10/dist-packages/learning_interface/learning_interface_s__rosidl_typesupport_introspection_c.cpython-310-x86_64-linux-gnu.so
[61.866s] -- Set runtime path of "/home/x311/town_ws/src/install/learning_interface/local/lib/python3.10/dist-packages/learning_interface/learning_interface_s__rosidl_typesupport_introspection_c.cpython-310-x86_64-linux-gnu.so" to ""
[61.866s] -- Installing: /home/x311/town_ws/src/install/learning_interface/local/lib/python3.10/dist-packages/learning_interface/learning_interface_s__rosidl_typesupport_c.cpython-310-x86_64-linux-gnu.so
[61.881s] -- Set runtime path of "/home/x311/town_ws/src/install/learning_interface/local/lib/python3.10/dist-packages/learning_interface/learning_interface_s__rosidl_typesupport_c.cpython-310-x86_64-linux-gnu.so" to ""
[61.882s] -- Installing: /home/x311/town_ws/src/install/learning_interface/lib/liblearning_interface__rosidl_generator_py.so
[61.882s] -- Set runtime path of "/home/x311/town_ws/src/install/learning_interface/lib/liblearning_interface__rosidl_generator_py.so" to ""
[61.882s] -- Installing: /home/x311/town_ws/src/install/learning_interface/share/learning_interface/msg/ObjectPosition.idl
[61.882s] -- Installing: /home/x311/town_ws/src/install/learning_interface/share/learning_interface/srv/AddTwoInts.idl
[61.883s] -- Installing: /home/x311/town_ws/src/install/learning_interface/share/learning_interface/srv/GetObjectPosition.idl
[61.883s] -- Installing: /home/x311/town_ws/src/install/learning_interface/share/learning_interface/action/MoveCircle.idl
[61.884s] -- Installing: /home/x311/town_ws/src/install/learning_interface/share/learning_interface/msg/ObjectPosition.msg
[61.884s] -- Installing: /home/x311/town_ws/src/install/learning_interface/share/learning_interface/srv/AddTwoInts.srv
[61.884s] -- Installing: /home/x311/town_ws/src/install/learning_interface/share/learning_interface/srv/AddTwoInts_Request.msg
[61.906s] -- Installing: /home/x311/town_ws/src/install/learning_interface/share/learning_interface/srv/AddTwoInts_Response.msg
[61.907s] -- Installing: /home/x311/town_ws/src/install/learning_interface/share/learning_interface/srv/GetObjectPosition.srv
[61.907s] -- Installing: /home/x311/town_ws/src/install/learning_interface/share/learning_interface/srv/GetObjectPosition_Request.msg
[61.908s] -- Installing: /home/x311/town_ws/src/install/learning_interface/share/learning_interface/srv/GetObjectPosition_Response.msg
[61.908s] -- Installing: /home/x311/town_ws/src/install/learning_interface/share/learning_interface/action/MoveCircle.action
[61.908s] -- Installing: /home/x311/town_ws/src/install/learning_interface/share/ament_index/resource_index/package_run_dependencies/learning_interface
[61.909s] -- Installing: /home/x311/town_ws/src/install/learning_interface/share/ament_index/resource_index/parent_prefix_path/learning_interface
[61.909s] -- Installing: /home/x311/town_ws/src/install/learning_interface/share/learning_interface/environment/ament_prefix_path.sh
[61.910s] -- Installing: /home/x311/town_ws/src/install/learning_interface/share/learning_interface/environment/ament_prefix_path.dsv
[61.910s] -- Installing: /home/x311/town_ws/src/install/learning_interface/share/learning_interface/environment/path.sh
[61.910s] -- Installing: /home/x311/town_ws/src/install/learning_interface/share/learning_interface/environment/path.dsv
[61.910s] -- Installing: /home/x311/town_ws/src/install/learning_interface/share/learning_interface/local_setup.bash
[61.911s] -- Installing: /home/x311/town_ws/src/install/learning_interface/share/learning_interface/local_setup.sh
[61.912s] -- Installing: /home/x311/town_ws/src/install/learning_interface/share/learning_interface/local_setup.zsh
[61.933s] -- Installing: /home/x311/town_ws/src/install/learning_interface/share/learning_interface/local_setup.dsv
[61.933s] -- Installing: /home/x311/town_ws/src/install/learning_interface/share/learning_interface/package.dsv
[61.934s] -- Installing: /home/x311/town_ws/src/install/learning_interface/share/ament_index/resource_index/packages/learning_interface
[61.934s] -- Installing: /home/x311/town_ws/src/install/learning_interface/share/learning_interface/cmake/export_learning_interface__rosidl_generator_cExport.cmake
[61.935s] -- Installing: /home/x311/town_ws/src/install/learning_interface/share/learning_interface/cmake/export_learning_interface__rosidl_generator_cExport-noconfig.cmake
[61.936s] -- Installing: /home/x311/town_ws/src/install/learning_interface/share/learning_interface/cmake/export_learning_interface__rosidl_typesupport_fastrtps_cExport.cmake
[61.936s] -- Installing: /home/x311/town_ws/src/install/learning_interface/share/learning_interface/cmake/export_learning_interface__rosidl_typesupport_fastrtps_cExport-noconfig.cmake
[61.937s] -- Installing: /home/x311/town_ws/src/install/learning_interface/share/learning_interface/cmake/learning_interface__rosidl_typesupport_introspection_cExport.cmake
[61.938s] -- Installing: /home/x311/town_ws/src/install/learning_interface/share/learning_interface/cmake/learning_interface__rosidl_typesupport_introspection_cExport-noconfig.cmake
[61.940s] -- Installing: /home/x311/town_ws/src/install/learning_interface/share/learning_interface/cmake/learning_interface__rosidl_typesupport_cExport.cmake
[61.940s] -- Installing: /home/x311/town_ws/src/install/learning_interface/share/learning_interface/cmake/learning_interface__rosidl_typesupport_cExport-noconfig.cmake
[61.947s] -- Installing: /home/x311/town_ws/src/install/learning_interface/share/learning_interface/cmake/export_learning_interface__rosidl_generator_cppExport.cmake
[61.948s] -- Installing: /home/x311/town_ws/src/install/learning_interface/share/learning_interface/cmake/export_learning_interface__rosidl_typesupport_fastrtps_cppExport.cmake
[61.948s] -- Installing: /home/x311/town_ws/src/install/learning_interface/share/learning_interface/cmake/export_learning_interface__rosidl_typesupport_fastrtps_cppExport-noconfig.cmake
[61.961s] -- Installing: /home/x311/town_ws/src/install/learning_interface/share/learning_interface/cmake/learning_interface__rosidl_typesupport_introspection_cppExport.cmake
[61.962s] -- Installing: /home/x311/town_ws/src/install/learning_interface/share/learning_interface/cmake/learning_interface__rosidl_typesupport_introspection_cppExport-noconfig.cmake
[61.962s] -- Installing: /home/x311/town_ws/src/install/learning_interface/share/learning_interface/cmake/learning_interface__rosidl_typesupport_cppExport.cmake
[61.963s] -- Installing: /home/x311/town_ws/src/install/learning_interface/share/learning_interface/cmake/learning_interface__rosidl_typesupport_cppExport-noconfig.cmake
[61.964s] -- Installing: /home/x311/town_ws/src/install/learning_interface/share/learning_interface/cmake/export_learning_interface__rosidl_generator_pyExport.cmake
[61.964s] -- Installing: /home/x311/town_ws/src/install/learning_interface/share/learning_interface/cmake/export_learning_interface__rosidl_generator_pyExport-noconfig.cmake
[61.966s] -- Installing: /home/x311/town_ws/src/install/learning_interface/share/learning_interface/cmake/rosidl_cmake-extras.cmake
[61.966s] -- Installing: /home/x311/town_ws/src/install/learning_interface/share/learning_interface/cmake/ament_cmake_export_dependencies-extras.cmake
[61.967s] -- Installing: /home/x311/town_ws/src/install/learning_interface/share/learning_interface/cmake/ament_cmake_export_include_directories-extras.cmake
[61.968s] -- Installing: /home/x311/town_ws/src/install/learning_interface/share/learning_interface/cmake/ament_cmake_export_libraries-extras.cmake
[61.968s] -- Installing: /home/x311/town_ws/src/install/learning_interface/share/learning_interface/cmake/ament_cmake_export_targets-extras.cmake
[61.968s] -- Installing: /home/x311/town_ws/src/install/learning_interface/share/learning_interface/cmake/rosidl_cmake_export_typesupport_targets-extras.cmake
[61.969s] -- Installing: /home/x311/town_ws/src/install/learning_interface/share/learning_interface/cmake/rosidl_cmake_export_typesupport_libraries-extras.cmake
[61.976s] -- Installing: /home/x311/town_ws/src/install/learning_interface/share/learning_interface/cmake/learning_interfaceConfig.cmake
[61.977s] -- Installing: /home/x311/town_ws/src/install/learning_interface/share/learning_interface/cmake/learning_interfaceConfig-version.cmake
[61.977s] -- Installing: /home/x311/town_ws/src/install/learning_interface/share/learning_interface/package.xml
[62.002s] Invoked command in '/home/x311/town_ws/src/build/learning_interface' returned '0': CMAKE_PREFIX_PATH=/opt/ros/humble /usr/bin/cmake --install /home/x311/town_ws/src/build/learning_interface
