[0.683s] Invoking command in '/home/x311/town_ws/src/build/learning_pkg_c': CMAKE_PREFIX_PATH=/opt/ros/humble /usr/bin/cmake /home/x311/town_ws/src/ros2_21_tutorials/learning_pkg_c -DCMAKE_INSTALL_PREFIX=/home/x311/town_ws/src/install/learning_pkg_c
[1.862s] -- The C compiler identification is GNU 11.4.0
[2.584s] -- The CXX compiler identification is GNU 11.4.0
[2.648s] -- Detecting C compiler ABI info
[4.079s] -- Detecting C compiler ABI info - done
[4.144s] -- Check for working C compiler: /usr/bin/cc - skipped
[4.146s] -- Detecting C compile features
[4.150s] -- Detecting C compile features - done
[4.175s] -- Detecting CXX compiler ABI info
[5.316s] -- Detecting CXX compiler ABI info - done
[5.346s] -- Check for working CXX compiler: /usr/bin/c++ - skipped
[5.348s] -- Detecting CXX compile features
[5.351s] -- Detecting CXX compile features - done
[5.366s] -- Found ament_cmake: 1.3.7 (/opt/ros/humble/share/ament_cmake/cmake)
[7.219s] -- Found Python3: /usr/bin/python3.10 (found version "3.10.12") found components: Interpreter 
[8.033s] -- Found ament_lint_auto: 0.12.10 (/opt/ros/humble/share/ament_lint_auto/cmake)
[8.876s] -- Added test 'lint_cmake' to check CMake code style
[8.888s] -- Added test 'xmllint' to check XML markup files
[8.904s] -- Configuring done
[8.937s] -- Generating done
[8.958s] -- Build files have been written to: /home/x311/town_ws/src/build/learning_pkg_c
[8.986s] Invoked command in '/home/x311/town_ws/src/build/learning_pkg_c' returned '0': CMAKE_PREFIX_PATH=/opt/ros/humble /usr/bin/cmake /home/x311/town_ws/src/ros2_21_tutorials/learning_pkg_c -DCMAKE_INSTALL_PREFIX=/home/x311/town_ws/src/install/learning_pkg_c
[9.004s] Invoking command in '/home/x311/town_ws/src/build/learning_pkg_c': CMAKE_PREFIX_PATH=/opt/ros/humble /usr/bin/cmake --build /home/x311/town_ws/src/build/learning_pkg_c -- -j4 -l4
[9.445s] Invoked command in '/home/x311/town_ws/src/build/learning_pkg_c' returned '0': CMAKE_PREFIX_PATH=/opt/ros/humble /usr/bin/cmake --build /home/x311/town_ws/src/build/learning_pkg_c -- -j4 -l4
[10.142s] Invoking command in '/home/x311/town_ws/src/build/learning_pkg_c': CMAKE_PREFIX_PATH=/opt/ros/humble /usr/bin/cmake --install /home/x311/town_ws/src/build/learning_pkg_c
[10.229s] -- Install configuration: ""
[10.230s] -- Installing: /home/x311/town_ws/src/install/learning_pkg_c/share/ament_index/resource_index/package_run_dependencies/learning_pkg_c
[10.231s] -- Installing: /home/x311/town_ws/src/install/learning_pkg_c/share/ament_index/resource_index/parent_prefix_path/learning_pkg_c
[10.244s] -- Installing: /home/x311/town_ws/src/install/learning_pkg_c/share/learning_pkg_c/environment/ament_prefix_path.sh
[10.245s] -- Installing: /home/x311/town_ws/src/install/learning_pkg_c/share/learning_pkg_c/environment/ament_prefix_path.dsv
[10.246s] -- Installing: /home/x311/town_ws/src/install/learning_pkg_c/share/learning_pkg_c/environment/path.sh
[10.248s] -- Installing: /home/x311/town_ws/src/install/learning_pkg_c/share/learning_pkg_c/environment/path.dsv
[10.248s] -- Installing: /home/x311/town_ws/src/install/learning_pkg_c/share/learning_pkg_c/local_setup.bash
[10.248s] -- Installing: /home/x311/town_ws/src/install/learning_pkg_c/share/learning_pkg_c/local_setup.sh
[10.252s] -- Installing: /home/x311/town_ws/src/install/learning_pkg_c/share/learning_pkg_c/local_setup.zsh
[10.252s] -- Installing: /home/x311/town_ws/src/install/learning_pkg_c/share/learning_pkg_c/local_setup.dsv
[10.253s] -- Installing: /home/x311/town_ws/src/install/learning_pkg_c/share/learning_pkg_c/package.dsv
[10.253s] -- Installing: /home/x311/town_ws/src/install/learning_pkg_c/share/ament_index/resource_index/packages/learning_pkg_c
[10.253s] -- Installing: /home/x311/town_ws/src/install/learning_pkg_c/share/learning_pkg_c/cmake/learning_pkg_cConfig.cmake
[10.258s] -- Installing: /home/x311/town_ws/src/install/learning_pkg_c/share/learning_pkg_c/cmake/learning_pkg_cConfig-version.cmake
[10.258s] -- Installing: /home/x311/town_ws/src/install/learning_pkg_c/share/learning_pkg_c/package.xml
[10.268s] Invoked command in '/home/x311/town_ws/src/build/learning_pkg_c' returned '0': CMAKE_PREFIX_PATH=/opt/ros/humble /usr/bin/cmake --install /home/x311/town_ws/src/build/learning_pkg_c
