[3.910s] Invoking command in '/home/x311/town_ws/src/ros2_21_tutorials/learning_topic': AMENT_PREFIX_PATH=/home/x311/town_ws/src/install/learning_interface:${AMENT_PREFIX_PATH} CMAKE_PREFIX_PATH=/home/x311/town_ws/src/install/learning_interface LD_LIBRARY_PATH=/home/x311/town_ws/src/install/learning_interface/lib:${LD_LIBRARY_PATH} PYTHONPATH=/home/x311/town_ws/src/build/learning_topic/prefix_override:/home/x311/town_ws/src/install/learning_topic/lib/python3.10/site-packages:/home/x311/town_ws/src/install/learning_interface/local/lib/python3.10/dist-packages:${PYTHONPATH} /usr/bin/python3 setup.py egg_info --egg-base ../../build/learning_topic build --build-base /home/x311/town_ws/src/build/learning_topic/build install --record /home/x311/town_ws/src/build/learning_topic/install.log --single-version-externally-managed
[4.860s] running egg_info
[4.860s] creating ../../build/learning_topic/learning_topic.egg-info
[4.861s] writing ../../build/learning_topic/learning_topic.egg-info/PKG-INFO
[4.863s] writing dependency_links to ../../build/learning_topic/learning_topic.egg-info/dependency_links.txt
[4.869s] writing entry points to ../../build/learning_topic/learning_topic.egg-info/entry_points.txt
[4.869s] writing requirements to ../../build/learning_topic/learning_topic.egg-info/requires.txt
[4.869s] writing top-level names to ../../build/learning_topic/learning_topic.egg-info/top_level.txt
[4.872s] writing manifest file '../../build/learning_topic/learning_topic.egg-info/SOURCES.txt'
[4.888s] reading manifest file '../../build/learning_topic/learning_topic.egg-info/SOURCES.txt'
[4.892s] writing manifest file '../../build/learning_topic/learning_topic.egg-info/SOURCES.txt'
[4.894s] running build
[4.895s] running build_py
[4.895s] creating /home/x311/town_ws/src/build/learning_topic/build
[4.896s] creating /home/x311/town_ws/src/build/learning_topic/build/lib
[4.896s] creating /home/x311/town_ws/src/build/learning_topic/build/lib/learning_topic
[4.896s] copying learning_topic/topic_helloworld_pub.py -> /home/x311/town_ws/src/build/learning_topic/build/lib/learning_topic
[4.899s] copying learning_topic/topic_helloworld_sub.py -> /home/x311/town_ws/src/build/learning_topic/build/lib/learning_topic
[4.900s] copying learning_topic/topic_webcam_sub.py -> /home/x311/town_ws/src/build/learning_topic/build/lib/learning_topic
[4.902s] copying learning_topic/__init__.py -> /home/x311/town_ws/src/build/learning_topic/build/lib/learning_topic
[4.902s] copying learning_topic/topic_webcam_pub.py -> /home/x311/town_ws/src/build/learning_topic/build/lib/learning_topic
[4.903s] copying learning_topic/interface_object_pub.py -> /home/x311/town_ws/src/build/learning_topic/build/lib/learning_topic
[4.905s] copying learning_topic/interface_object_sub.py -> /home/x311/town_ws/src/build/learning_topic/build/lib/learning_topic
[4.906s] running install
[4.907s] /usr/lib/python3/dist-packages/setuptools/command/install.py:34: SetuptoolsDeprecationWarning: setup.py install is deprecated. Use build and pip and other standards-based tools.
[4.908s]   warnings.warn(
[4.908s] running install_lib
[4.911s] creating /home/x311/town_ws/src/install/learning_topic/lib/python3.10/site-packages/learning_topic
[4.911s] copying /home/x311/town_ws/src/build/learning_topic/build/lib/learning_topic/topic_helloworld_pub.py -> /home/x311/town_ws/src/install/learning_topic/lib/python3.10/site-packages/learning_topic
[4.912s] copying /home/x311/town_ws/src/build/learning_topic/build/lib/learning_topic/topic_helloworld_sub.py -> /home/x311/town_ws/src/install/learning_topic/lib/python3.10/site-packages/learning_topic
[4.913s] copying /home/x311/town_ws/src/build/learning_topic/build/lib/learning_topic/topic_webcam_sub.py -> /home/x311/town_ws/src/install/learning_topic/lib/python3.10/site-packages/learning_topic
[4.913s] copying /home/x311/town_ws/src/build/learning_topic/build/lib/learning_topic/__init__.py -> /home/x311/town_ws/src/install/learning_topic/lib/python3.10/site-packages/learning_topic
[4.914s] copying /home/x311/town_ws/src/build/learning_topic/build/lib/learning_topic/topic_webcam_pub.py -> /home/x311/town_ws/src/install/learning_topic/lib/python3.10/site-packages/learning_topic
[4.915s] copying /home/x311/town_ws/src/build/learning_topic/build/lib/learning_topic/interface_object_pub.py -> /home/x311/town_ws/src/install/learning_topic/lib/python3.10/site-packages/learning_topic
[4.916s] copying /home/x311/town_ws/src/build/learning_topic/build/lib/learning_topic/interface_object_sub.py -> /home/x311/town_ws/src/install/learning_topic/lib/python3.10/site-packages/learning_topic
[4.919s] byte-compiling /home/x311/town_ws/src/install/learning_topic/lib/python3.10/site-packages/learning_topic/topic_helloworld_pub.py to topic_helloworld_pub.cpython-310.pyc
[4.921s] byte-compiling /home/x311/town_ws/src/install/learning_topic/lib/python3.10/site-packages/learning_topic/topic_helloworld_sub.py to topic_helloworld_sub.cpython-310.pyc
[4.922s] byte-compiling /home/x311/town_ws/src/install/learning_topic/lib/python3.10/site-packages/learning_topic/topic_webcam_sub.py to topic_webcam_sub.cpython-310.pyc
[4.924s] byte-compiling /home/x311/town_ws/src/install/learning_topic/lib/python3.10/site-packages/learning_topic/__init__.py to __init__.cpython-310.pyc
[4.925s] byte-compiling /home/x311/town_ws/src/install/learning_topic/lib/python3.10/site-packages/learning_topic/topic_webcam_pub.py to topic_webcam_pub.cpython-310.pyc
[4.928s] byte-compiling /home/x311/town_ws/src/install/learning_topic/lib/python3.10/site-packages/learning_topic/interface_object_pub.py to interface_object_pub.cpython-310.pyc
[4.931s] byte-compiling /home/x311/town_ws/src/install/learning_topic/lib/python3.10/site-packages/learning_topic/interface_object_sub.py to interface_object_sub.cpython-310.pyc
[4.932s] running install_data
[4.934s] creating /home/x311/town_ws/src/install/learning_topic/share/ament_index
[4.935s] creating /home/x311/town_ws/src/install/learning_topic/share/ament_index/resource_index
[4.936s] creating /home/x311/town_ws/src/install/learning_topic/share/ament_index/resource_index/packages
[4.936s] copying resource/learning_topic -> /home/x311/town_ws/src/install/learning_topic/share/ament_index/resource_index/packages
[4.937s] copying package.xml -> /home/x311/town_ws/src/install/learning_topic/share/learning_topic
[4.941s] running install_egg_info
[4.946s] Copying ../../build/learning_topic/learning_topic.egg-info to /home/x311/town_ws/src/install/learning_topic/lib/python3.10/site-packages/learning_topic-0.0.0-py3.10.egg-info
[4.951s] running install_scripts
[5.047s] Installing interface_object_pub script to /home/x311/town_ws/src/install/learning_topic/lib/learning_topic
[5.048s] Installing interface_object_sub script to /home/x311/town_ws/src/install/learning_topic/lib/learning_topic
[5.049s] Installing topic_helloworld_pub script to /home/x311/town_ws/src/install/learning_topic/lib/learning_topic
[5.049s] Installing topic_helloworld_sub script to /home/x311/town_ws/src/install/learning_topic/lib/learning_topic
[5.049s] Installing topic_webcam_pub script to /home/x311/town_ws/src/install/learning_topic/lib/learning_topic
[5.050s] Installing topic_webcam_sub script to /home/x311/town_ws/src/install/learning_topic/lib/learning_topic
[5.051s] writing list of installed files to '/home/x311/town_ws/src/build/learning_topic/install.log'
[5.152s] Invoked command in '/home/x311/town_ws/src/ros2_21_tutorials/learning_topic' returned '0': AMENT_PREFIX_PATH=/home/x311/town_ws/src/install/learning_interface:${AMENT_PREFIX_PATH} CMAKE_PREFIX_PATH=/home/x311/town_ws/src/install/learning_interface LD_LIBRARY_PATH=/home/x311/town_ws/src/install/learning_interface/lib:${LD_LIBRARY_PATH} PYTHONPATH=/home/x311/town_ws/src/build/learning_topic/prefix_override:/home/x311/town_ws/src/install/learning_topic/lib/python3.10/site-packages:/home/x311/town_ws/src/install/learning_interface/local/lib/python3.10/dist-packages:${PYTHONPATH} /usr/bin/python3 setup.py egg_info --egg-base ../../build/learning_topic build --build-base /home/x311/town_ws/src/build/learning_topic/build install --record /home/x311/town_ws/src/build/learning_topic/install.log --single-version-externally-managed
