/media/x311/D214869714867DEB/Study_log/ROS2_Note/town_ws/install/learning_node/lib/python3.10/site-packages/learning_node/node_helloworld.py
/media/x311/D214869714867DEB/Study_log/ROS2_Note/town_ws/install/learning_node/lib/python3.10/site-packages/learning_node/node_helloworld_class.py
/media/x311/D214869714867DEB/Study_log/ROS2_Note/town_ws/install/learning_node/lib/python3.10/site-packages/learning_node/node_kimwinter.py
/media/x311/D214869714867DEB/Study_log/ROS2_Note/town_ws/install/learning_node/lib/python3.10/site-packages/learning_node/node_object.py
/media/x311/D214869714867DEB/Study_log/ROS2_Note/town_ws/install/learning_node/lib/python3.10/site-packages/learning_node/node_object_webcam.py
/media/x311/D214869714867DEB/Study_log/ROS2_Note/town_ws/install/learning_node/lib/python3.10/site-packages/learning_node/__init__.py
/media/x311/D214869714867DEB/Study_log/ROS2_Note/town_ws/install/learning_node/lib/python3.10/site-packages/learning_node/__pycache__/node_helloworld.cpython-310.pyc
/media/x311/D214869714867DEB/Study_log/ROS2_Note/town_ws/install/learning_node/lib/python3.10/site-packages/learning_node/__pycache__/node_helloworld_class.cpython-310.pyc
/media/x311/D214869714867DEB/Study_log/ROS2_Note/town_ws/install/learning_node/lib/python3.10/site-packages/learning_node/__pycache__/node_kimwinter.cpython-310.pyc
/media/x311/D214869714867DEB/Study_log/ROS2_Note/town_ws/install/learning_node/lib/python3.10/site-packages/learning_node/__pycache__/node_object.cpython-310.pyc
/media/x311/D214869714867DEB/Study_log/ROS2_Note/town_ws/install/learning_node/lib/python3.10/site-packages/learning_node/__pycache__/node_object_webcam.cpython-310.pyc
/media/x311/D214869714867DEB/Study_log/ROS2_Note/town_ws/install/learning_node/lib/python3.10/site-packages/learning_node/__pycache__/__init__.cpython-310.pyc
/media/x311/D214869714867DEB/Study_log/ROS2_Note/town_ws/install/learning_node/share/ament_index/resource_index/packages/learning_node
/media/x311/D214869714867DEB/Study_log/ROS2_Note/town_ws/install/learning_node/share/learning_node/package.xml
/media/x311/D214869714867DEB/Study_log/ROS2_Note/town_ws/install/learning_node/lib/python3.10/site-packages/learning_node-0.0.0-py3.10.egg-info/dependency_links.txt
/media/x311/D214869714867DEB/Study_log/ROS2_Note/town_ws/install/learning_node/lib/python3.10/site-packages/learning_node-0.0.0-py3.10.egg-info/entry_points.txt
/media/x311/D214869714867DEB/Study_log/ROS2_Note/town_ws/install/learning_node/lib/python3.10/site-packages/learning_node-0.0.0-py3.10.egg-info/PKG-INFO
/media/x311/D214869714867DEB/Study_log/ROS2_Note/town_ws/install/learning_node/lib/python3.10/site-packages/learning_node-0.0.0-py3.10.egg-info/requires.txt
/media/x311/D214869714867DEB/Study_log/ROS2_Note/town_ws/install/learning_node/lib/python3.10/site-packages/learning_node-0.0.0-py3.10.egg-info/SOURCES.txt
/media/x311/D214869714867DEB/Study_log/ROS2_Note/town_ws/install/learning_node/lib/python3.10/site-packages/learning_node-0.0.0-py3.10.egg-info/top_level.txt
/media/x311/D214869714867DEB/Study_log/ROS2_Note/town_ws/install/learning_node/lib/python3.10/site-packages/learning_node-0.0.0-py3.10.egg-info/zip-safe
/media/x311/D214869714867DEB/Study_log/ROS2_Note/town_ws/install/learning_node/lib/learning_node/node_helloworld
/media/x311/D214869714867DEB/Study_log/ROS2_Note/town_ws/install/learning_node/lib/learning_node/node_helloworld_class
/media/x311/D214869714867DEB/Study_log/ROS2_Note/town_ws/install/learning_node/lib/learning_node/node_object
/media/x311/D214869714867DEB/Study_log/ROS2_Note/town_ws/install/learning_node/lib/learning_node/node_object_webcam
/media/x311/D214869714867DEB/Study_log/ROS2_Note/town_ws/install/learning_node/lib/learning_node/winter
