running egg_info
writing ../../build/learning_gazebo/learning_gazebo.egg-info/PKG-INFO
writing dependency_links to ../../build/learning_gazebo/learning_gazebo.egg-info/dependency_links.txt
writing entry points to ../../build/learning_gazebo/learning_gazebo.egg-info/entry_points.txt
writing requirements to ../../build/learning_gazebo/learning_gazebo.egg-info/requires.txt
writing top-level names to ../../build/learning_gazebo/learning_gazebo.egg-info/top_level.txt
reading manifest file '../../build/learning_gazebo/learning_gazebo.egg-info/SOURCES.txt'
writing manifest file '../../build/learning_gazebo/learning_gazebo.egg-info/SOURCES.txt'
running build
running build_py
running install
/usr/lib/python3/dist-packages/setuptools/command/install.py:34: SetuptoolsDeprecationWarning: setup.py install is deprecated. Use build and pip and other standards-based tools.
  warnings.warn(
running install_lib
running install_data
running install_egg_info
removing '/home/x311/town_ws/src/install/learning_gazebo/lib/python3.10/site-packages/learning_gazebo-0.0.0-py3.10.egg-info' (and everything under it)
Copying ../../build/learning_gazebo/learning_gazebo.egg-info to /home/x311/town_ws/src/install/learning_gazebo/lib/python3.10/site-packages/learning_gazebo-0.0.0-py3.10.egg-info
running install_scripts
writing list of installed files to '/home/x311/town_ws/src/build/learning_gazebo/install.log'
