[4.942s] Invoking command in '/home/x311/town_ws/src/ros2_21_tutorials/learning_gazebo': PYTHONPATH=/home/x311/town_ws/src/build/learning_gazebo/prefix_override:/home/x311/town_ws/src/install/learning_gazebo/lib/python3.10/site-packages:${PYTHONPATH} /usr/bin/python3 setup.py egg_info --egg-base ../../build/learning_gazebo build --build-base /home/x311/town_ws/src/build/learning_gazebo/build install --record /home/x311/town_ws/src/build/learning_gazebo/install.log --single-version-externally-managed
[6.055s] running egg_info
[6.062s] writing ../../build/learning_gazebo/learning_gazebo.egg-info/PKG-INFO
[6.064s] writing dependency_links to ../../build/learning_gazebo/learning_gazebo.egg-info/dependency_links.txt
[6.065s] writing entry points to ../../build/learning_gazebo/learning_gazebo.egg-info/entry_points.txt
[6.066s] writing requirements to ../../build/learning_gazebo/learning_gazebo.egg-info/requires.txt
[6.067s] writing top-level names to ../../build/learning_gazebo/learning_gazebo.egg-info/top_level.txt
[6.074s] reading manifest file '../../build/learning_gazebo/learning_gazebo.egg-info/SOURCES.txt'
[6.099s] writing manifest file '../../build/learning_gazebo/learning_gazebo.egg-info/SOURCES.txt'
[6.099s] running build
[6.101s] running build_py
[6.104s] running install
[6.106s] /usr/lib/python3/dist-packages/setuptools/command/install.py:34: SetuptoolsDeprecationWarning: setup.py install is deprecated. Use build and pip and other standards-based tools.
[6.107s]   warnings.warn(
[6.108s] running install_lib
[6.110s] running install_data
[6.125s] running install_egg_info
[6.135s] removing '/home/x311/town_ws/src/install/learning_gazebo/lib/python3.10/site-packages/learning_gazebo-0.0.0-py3.10.egg-info' (and everything under it)
[6.138s] Copying ../../build/learning_gazebo/learning_gazebo.egg-info to /home/x311/town_ws/src/install/learning_gazebo/lib/python3.10/site-packages/learning_gazebo-0.0.0-py3.10.egg-info
[6.138s] running install_scripts
[6.233s] writing list of installed files to '/home/x311/town_ws/src/build/learning_gazebo/install.log'
[6.753s] Invoked command in '/home/x311/town_ws/src/ros2_21_tutorials/learning_gazebo' returned '0': PYTHONPATH=/home/x311/town_ws/src/build/learning_gazebo/prefix_override:/home/x311/town_ws/src/install/learning_gazebo/lib/python3.10/site-packages:${PYTHONPATH} /usr/bin/python3 setup.py egg_info --egg-base ../../build/learning_gazebo build --build-base /home/x311/town_ws/src/build/learning_gazebo/build install --record /home/x311/town_ws/src/build/learning_gazebo/install.log --single-version-externally-managed
