[0.352s] Invoking command in '/home/x311/town_ws/src/build/learning_topic_cpp': CMAKE_PREFIX_PATH=/opt/ros/humble /usr/bin/cmake /home/x311/town_ws/src/ros2_21_tutorials/learning_topic_cpp -DCMAKE_INSTALL_PREFIX=/home/x311/town_ws/src/install/learning_topic_cpp
[0.633s] -- The C compiler identification is GNU 11.4.0
[1.052s] -- The CXX compiler identification is GNU 11.4.0
[1.103s] -- Detecting C compiler ABI info
[1.753s] -- Detecting C compiler ABI info - done
[1.769s] -- Check for working C compiler: /usr/bin/cc - skipped
[1.769s] -- Detecting C compile features
[1.769s] -- Detecting C compile features - done
[1.833s] -- Detecting CXX compiler ABI info
[2.353s] -- Detecting CXX compiler ABI info - done
[2.389s] -- Check for working CXX compiler: /usr/bin/c++ - skipped
[2.389s] -- Detecting CXX compile features
[2.389s] -- Detecting CXX compile features - done
[2.396s] -- Found ament_cmake: 1.3.7 (/opt/ros/humble/share/ament_cmake/cmake)
[3.257s] -- Found Python3: /usr/bin/python3.10 (found version "3.10.12") found components: Interpreter 
[3.741s] -- Found rclcpp: 16.0.8 (/opt/ros/humble/share/rclcpp/cmake)
[4.011s] -- Found rosidl_generator_c: 3.1.5 (/opt/ros/humble/share/rosidl_generator_c/cmake)
[4.061s] -- Found rosidl_adapter: 3.1.5 (/opt/ros/humble/share/rosidl_adapter/cmake)
[4.110s] -- Found rosidl_generator_cpp: 3.1.5 (/opt/ros/humble/share/rosidl_generator_cpp/cmake)
[4.185s] -- Using all available rosidl_typesupport_c: rosidl_typesupport_fastrtps_c;rosidl_typesupport_introspection_c
[4.269s] -- Using all available rosidl_typesupport_cpp: rosidl_typesupport_fastrtps_cpp;rosidl_typesupport_introspection_cpp
[4.679s] -- Found rmw_implementation_cmake: 6.1.1 (/opt/ros/humble/share/rmw_implementation_cmake/cmake)
[4.683s] -- Found rmw_fastrtps_cpp: 6.2.6 (/opt/ros/humble/share/rmw_fastrtps_cpp/cmake)
[5.369s] -- Found OpenSSL: /usr/lib/x86_64-linux-gnu/libcrypto.so (found version "3.0.2")  
[5.507s] -- Found FastRTPS: /opt/ros/humble/include  
[5.827s] -- Using RMW implementation 'rmw_fastrtps_cpp' as default
[5.905s] -- Looking for pthread.h
[6.410s] -- Looking for pthread.h - found
[6.412s] -- Performing Test CMAKE_HAVE_LIBC_PTHREAD
[6.841s] -- Performing Test CMAKE_HAVE_LIBC_PTHREAD - Success
[6.842s] -- Found Threads: TRUE  
[7.443s] -- Found ament_lint_auto: 0.12.10 (/opt/ros/humble/share/ament_lint_auto/cmake)
[7.882s] -- Added test 'cppcheck' to perform static code analysis on C / C++ code
[7.890s] -- Configured cppcheck include dirs: 
[7.893s] -- Configured cppcheck exclude dirs and/or files: 
[7.905s] -- Added test 'lint_cmake' to check CMake code style
[7.912s] -- Added test 'uncrustify' to check C / C++ code style
[7.913s] -- Configured uncrustify additional arguments: 
[7.915s] -- Added test 'xmllint' to check XML markup files
[7.921s] -- Configuring done
[7.967s] -- Generating done
[7.972s] -- Build files have been written to: /home/x311/town_ws/src/build/learning_topic_cpp
[8.752s] Invoked command in '/home/x311/town_ws/src/build/learning_topic_cpp' returned '0': CMAKE_PREFIX_PATH=/opt/ros/humble /usr/bin/cmake /home/x311/town_ws/src/ros2_21_tutorials/learning_topic_cpp -DCMAKE_INSTALL_PREFIX=/home/x311/town_ws/src/install/learning_topic_cpp
[8.755s] Invoking command in '/home/x311/town_ws/src/build/learning_topic_cpp': CMAKE_PREFIX_PATH=/opt/ros/humble /usr/bin/cmake --build /home/x311/town_ws/src/build/learning_topic_cpp -- -j4 -l4
[9.138s] [ 25%] [32mBuilding CXX object CMakeFiles/topic_helloworld_pub.dir/src/topic_helloworld_pub.cpp.o[0m
[32.646s] [ 50%] [32m[1mLinking CXX executable topic_helloworld_pub[0m
[33.563s] [ 50%] Built target topic_helloworld_pub
[33.694s] [ 75%] [32mBuilding CXX object CMakeFiles/topic_helloworld_sub.dir/src/topic_helloworld_sub.cpp.o[0m
[70.741s] [100%] [32m[1mLinking CXX executable topic_helloworld_sub[0m
[72.137s] [100%] Built target topic_helloworld_sub
[72.221s] Invoked command in '/home/x311/town_ws/src/build/learning_topic_cpp' returned '0': CMAKE_PREFIX_PATH=/opt/ros/humble /usr/bin/cmake --build /home/x311/town_ws/src/build/learning_topic_cpp -- -j4 -l4
[72.518s] Invoking command in '/home/x311/town_ws/src/build/learning_topic_cpp': CMAKE_PREFIX_PATH=/opt/ros/humble /usr/bin/cmake --install /home/x311/town_ws/src/build/learning_topic_cpp
[72.575s] -- Install configuration: ""
[72.577s] -- Installing: /home/x311/town_ws/src/install/learning_topic_cpp/lib/learning_topic_cpp/topic_helloworld_pub
[72.589s] -- Set runtime path of "/home/x311/town_ws/src/install/learning_topic_cpp/lib/learning_topic_cpp/topic_helloworld_pub" to ""
[72.589s] -- Installing: /home/x311/town_ws/src/install/learning_topic_cpp/lib/learning_topic_cpp/topic_helloworld_sub
[72.607s] -- Set runtime path of "/home/x311/town_ws/src/install/learning_topic_cpp/lib/learning_topic_cpp/topic_helloworld_sub" to ""
[72.616s] -- Installing: /home/x311/town_ws/src/install/learning_topic_cpp/share/ament_index/resource_index/package_run_dependencies/learning_topic_cpp
[72.620s] -- Installing: /home/x311/town_ws/src/install/learning_topic_cpp/share/ament_index/resource_index/parent_prefix_path/learning_topic_cpp
[72.625s] -- Installing: /home/x311/town_ws/src/install/learning_topic_cpp/share/learning_topic_cpp/environment/ament_prefix_path.sh
[72.629s] -- Installing: /home/x311/town_ws/src/install/learning_topic_cpp/share/learning_topic_cpp/environment/ament_prefix_path.dsv
[72.633s] -- Installing: /home/x311/town_ws/src/install/learning_topic_cpp/share/learning_topic_cpp/environment/path.sh
[72.634s] -- Installing: /home/x311/town_ws/src/install/learning_topic_cpp/share/learning_topic_cpp/environment/path.dsv
[72.640s] -- Installing: /home/x311/town_ws/src/install/learning_topic_cpp/share/learning_topic_cpp/local_setup.bash
[72.645s] -- Installing: /home/x311/town_ws/src/install/learning_topic_cpp/share/learning_topic_cpp/local_setup.sh
[72.648s] -- Installing: /home/x311/town_ws/src/install/learning_topic_cpp/share/learning_topic_cpp/local_setup.zsh
[72.652s] -- Installing: /home/x311/town_ws/src/install/learning_topic_cpp/share/learning_topic_cpp/local_setup.dsv
[72.654s] -- Installing: /home/x311/town_ws/src/install/learning_topic_cpp/share/learning_topic_cpp/package.dsv
[72.664s] -- Installing: /home/x311/town_ws/src/install/learning_topic_cpp/share/ament_index/resource_index/packages/learning_topic_cpp
[72.664s] -- Installing: /home/x311/town_ws/src/install/learning_topic_cpp/share/learning_topic_cpp/cmake/learning_topic_cppConfig.cmake
[72.664s] -- Installing: /home/x311/town_ws/src/install/learning_topic_cpp/share/learning_topic_cpp/cmake/learning_topic_cppConfig-version.cmake
[72.672s] -- Installing: /home/x311/town_ws/src/install/learning_topic_cpp/share/learning_topic_cpp/package.xml
[72.691s] Invoked command in '/home/x311/town_ws/src/build/learning_topic_cpp' returned '0': CMAKE_PREFIX_PATH=/opt/ros/humble /usr/bin/cmake --install /home/x311/town_ws/src/build/learning_topic_cpp
