[6.686s] Invoking command in '/home/x311/town_ws/src/ros2_21_tutorials/learning_pkg_python': PYTHONPATH=/home/x311/town_ws/src/build/learning_pkg_python/prefix_override:/home/x311/town_ws/src/install/learning_pkg_python/lib/python3.10/site-packages:${PYTHONPATH} /usr/bin/python3 setup.py egg_info --egg-base ../../build/learning_pkg_python build --build-base /home/x311/town_ws/src/build/learning_pkg_python/build install --record /home/x311/town_ws/src/build/learning_pkg_python/install.log --single-version-externally-managed
[8.440s] running egg_info
[8.442s] creating ../../build/learning_pkg_python/learning_pkg_python.egg-info
[8.442s] writing ../../build/learning_pkg_python/learning_pkg_python.egg-info/PKG-INFO
[8.443s] writing dependency_links to ../../build/learning_pkg_python/learning_pkg_python.egg-info/dependency_links.txt
[8.444s] writing entry points to ../../build/learning_pkg_python/learning_pkg_python.egg-info/entry_points.txt
[8.445s] writing requirements to ../../build/learning_pkg_python/learning_pkg_python.egg-info/requires.txt
[8.445s] writing top-level names to ../../build/learning_pkg_python/learning_pkg_python.egg-info/top_level.txt
[8.445s] writing manifest file '../../build/learning_pkg_python/learning_pkg_python.egg-info/SOURCES.txt'
[8.454s] reading manifest file '../../build/learning_pkg_python/learning_pkg_python.egg-info/SOURCES.txt'
[8.454s] writing manifest file '../../build/learning_pkg_python/learning_pkg_python.egg-info/SOURCES.txt'
[8.455s] running build
[8.455s] running build_py
[8.455s] creating /home/x311/town_ws/src/build/learning_pkg_python/build
[8.456s] creating /home/x311/town_ws/src/build/learning_pkg_python/build/lib
[8.456s] creating /home/x311/town_ws/src/build/learning_pkg_python/build/lib/learning_pkg_python
[8.456s] copying learning_pkg_python/__init__.py -> /home/x311/town_ws/src/build/learning_pkg_python/build/lib/learning_pkg_python
[8.461s] running install
[8.468s] /usr/lib/python3/dist-packages/setuptools/command/install.py:34: SetuptoolsDeprecationWarning: setup.py install is deprecated. Use build and pip and other standards-based tools.
[8.468s]   warnings.warn(
[8.469s] running install_lib
[8.469s] creating /home/x311/town_ws/src/install/learning_pkg_python/lib/python3.10/site-packages/learning_pkg_python
[8.469s] copying /home/x311/town_ws/src/build/learning_pkg_python/build/lib/learning_pkg_python/__init__.py -> /home/x311/town_ws/src/install/learning_pkg_python/lib/python3.10/site-packages/learning_pkg_python
[8.470s] byte-compiling /home/x311/town_ws/src/install/learning_pkg_python/lib/python3.10/site-packages/learning_pkg_python/__init__.py to __init__.cpython-310.pyc
[8.474s] running install_data
[8.474s] creating /home/x311/town_ws/src/install/learning_pkg_python/share/ament_index
[8.475s] creating /home/x311/town_ws/src/install/learning_pkg_python/share/ament_index/resource_index
[8.475s] creating /home/x311/town_ws/src/install/learning_pkg_python/share/ament_index/resource_index/packages
[8.475s] copying resource/learning_pkg_python -> /home/x311/town_ws/src/install/learning_pkg_python/share/ament_index/resource_index/packages
[8.475s] copying package.xml -> /home/x311/town_ws/src/install/learning_pkg_python/share/learning_pkg_python
[8.476s] running install_egg_info
[8.480s] Copying ../../build/learning_pkg_python/learning_pkg_python.egg-info to /home/x311/town_ws/src/install/learning_pkg_python/lib/python3.10/site-packages/learning_pkg_python-0.0.0-py3.10.egg-info
[8.505s] running install_scripts
[8.664s] writing list of installed files to '/home/x311/town_ws/src/build/learning_pkg_python/install.log'
[8.784s] Invoked command in '/home/x311/town_ws/src/ros2_21_tutorials/learning_pkg_python' returned '0': PYTHONPATH=/home/x311/town_ws/src/build/learning_pkg_python/prefix_override:/home/x311/town_ws/src/install/learning_pkg_python/lib/python3.10/site-packages:${PYTHONPATH} /usr/bin/python3 setup.py egg_info --egg-base ../../build/learning_pkg_python build --build-base /home/x311/town_ws/src/build/learning_pkg_python/build install --record /home/x311/town_ws/src/build/learning_pkg_python/install.log --single-version-externally-managed
